[1.099s] Invoking command in '/home/filipgus/Desktop/MTRX3760_Project_2/turtlebot3_ws/src/turtlebot3/turtlebot3_example': AMENT_PREFIX_PATH=/home/filipgus/Desktop/MTRX3760_Project_2/turtlebot3_ws/install/turtlebot3_msgs:${AMENT_PREFIX_PATH} CMAKE_PREFIX_PATH=/home/filipgus/Desktop/MTRX3760_Project_2/turtlebot3_ws/install/turtlebot3_msgs:${CMAKE_PREFIX_PATH} DEBUGINFOD_URLS=https://debuginfod.ubuntu.com LD_LIBRARY_PATH=/home/filipgus/Desktop/MTRX3760_Project_2/turtlebot3_ws/install/turtlebot3_msgs/lib:${LD_LIBRARY_PATH} PYTHONPATH=/home/filipgus/Desktop/MTRX3760_Project_2/turtlebot3_ws/build/turtlebot3_example/prefix_override:/usr/lib/python3/dist-packages/colcon_core/task/python/colcon_distutils_commands:/home/filipgus/Desktop/MTRX3760_Project_2/turtlebot3_ws/install/turtlebot3_example/lib/python3.12/site-packages:/home/filipgus/Desktop/MTRX3760_Project_2/turtlebot3_ws/install/turtlebot3_msgs/lib/python3.12/site-packages:${PYTHONPATH} /usr/bin/python3 -W ignore:setup.py install is deprecated -W ignore:easy_install command is deprecated setup.py egg_info --egg-base ../../../build/turtlebot3_example build --build-base /home/filipgus/Desktop/MTRX3760_Project_2/turtlebot3_ws/build/turtlebot3_example/build install --record /home/filipgus/Desktop/MTRX3760_Project_2/turtlebot3_ws/build/turtlebot3_example/install.log --single-version-externally-managed install_data
[1.354s] running egg_info
[1.354s] creating ../../../build/turtlebot3_example/turtlebot3_example.egg-info
[1.363s] writing ../../../build/turtlebot3_example/turtlebot3_example.egg-info/PKG-INFO
[1.364s] writing dependency_links to ../../../build/turtlebot3_example/turtlebot3_example.egg-info/dependency_links.txt
[1.364s] writing entry points to ../../../build/turtlebot3_example/turtlebot3_example.egg-info/entry_points.txt
[1.364s] writing requirements to ../../../build/turtlebot3_example/turtlebot3_example.egg-info/requires.txt
[1.366s] writing top-level names to ../../../build/turtlebot3_example/turtlebot3_example.egg-info/top_level.txt
[1.366s] writing manifest file '../../../build/turtlebot3_example/turtlebot3_example.egg-info/SOURCES.txt'
[1.415s] reading manifest file '../../../build/turtlebot3_example/turtlebot3_example.egg-info/SOURCES.txt'
[1.418s] writing manifest file '../../../build/turtlebot3_example/turtlebot3_example.egg-info/SOURCES.txt'
[1.418s] running build
[1.418s] running build_py
[1.419s] creating /home/filipgus/Desktop/MTRX3760_Project_2/turtlebot3_ws/build/turtlebot3_example/build
[1.419s] creating /home/filipgus/Desktop/MTRX3760_Project_2/turtlebot3_ws/build/turtlebot3_example/build/lib
[1.420s] creating /home/filipgus/Desktop/MTRX3760_Project_2/turtlebot3_ws/build/turtlebot3_example/build/lib/turtlebot3_example
[1.420s] copying turtlebot3_example/__init__.py -> /home/filipgus/Desktop/MTRX3760_Project_2/turtlebot3_ws/build/turtlebot3_example/build/lib/turtlebot3_example
[1.421s] creating /home/filipgus/Desktop/MTRX3760_Project_2/turtlebot3_ws/build/turtlebot3_example/build/lib/turtlebot3_example/turtlebot3_interactive_marker
[1.421s] copying turtlebot3_example/turtlebot3_interactive_marker/__init__.py -> /home/filipgus/Desktop/MTRX3760_Project_2/turtlebot3_ws/build/turtlebot3_example/build/lib/turtlebot3_example/turtlebot3_interactive_marker
[1.421s] copying turtlebot3_example/turtlebot3_interactive_marker/turtlebot3_interactive_marker.py -> /home/filipgus/Desktop/MTRX3760_Project_2/turtlebot3_ws/build/turtlebot3_example/build/lib/turtlebot3_example/turtlebot3_interactive_marker
[1.421s] creating /home/filipgus/Desktop/MTRX3760_Project_2/turtlebot3_ws/build/turtlebot3_example/build/lib/turtlebot3_example/turtlebot3_relative_move
[1.421s] copying turtlebot3_example/turtlebot3_relative_move/__init__.py -> /home/filipgus/Desktop/MTRX3760_Project_2/turtlebot3_ws/build/turtlebot3_example/build/lib/turtlebot3_example/turtlebot3_relative_move
[1.421s] copying turtlebot3_example/turtlebot3_relative_move/turtlebot3_relative_move.py -> /home/filipgus/Desktop/MTRX3760_Project_2/turtlebot3_ws/build/turtlebot3_example/build/lib/turtlebot3_example/turtlebot3_relative_move
[1.422s] creating /home/filipgus/Desktop/MTRX3760_Project_2/turtlebot3_ws/build/turtlebot3_example/build/lib/turtlebot3_example/turtlebot3_absolute_move
[1.422s] copying turtlebot3_example/turtlebot3_absolute_move/__init__.py -> /home/filipgus/Desktop/MTRX3760_Project_2/turtlebot3_ws/build/turtlebot3_example/build/lib/turtlebot3_example/turtlebot3_absolute_move
[1.422s] copying turtlebot3_example/turtlebot3_absolute_move/turtlebot3_absolute_move.py -> /home/filipgus/Desktop/MTRX3760_Project_2/turtlebot3_ws/build/turtlebot3_example/build/lib/turtlebot3_example/turtlebot3_absolute_move
[1.422s] creating /home/filipgus/Desktop/MTRX3760_Project_2/turtlebot3_ws/build/turtlebot3_example/build/lib/turtlebot3_example/turtlebot3_obstacle_detection
[1.422s] copying turtlebot3_example/turtlebot3_obstacle_detection/__init__.py -> /home/filipgus/Desktop/MTRX3760_Project_2/turtlebot3_ws/build/turtlebot3_example/build/lib/turtlebot3_example/turtlebot3_obstacle_detection
[1.422s] copying turtlebot3_example/turtlebot3_obstacle_detection/turtlebot3_obstacle_detection.py -> /home/filipgus/Desktop/MTRX3760_Project_2/turtlebot3_ws/build/turtlebot3_example/build/lib/turtlebot3_example/turtlebot3_obstacle_detection
[1.422s] creating /home/filipgus/Desktop/MTRX3760_Project_2/turtlebot3_ws/build/turtlebot3_example/build/lib/turtlebot3_example/turtlebot3_patrol
[1.422s] copying turtlebot3_example/turtlebot3_patrol/turtlebot3_patrol_client.py -> /home/filipgus/Desktop/MTRX3760_Project_2/turtlebot3_ws/build/turtlebot3_example/build/lib/turtlebot3_example/turtlebot3_patrol
[1.422s] copying turtlebot3_example/turtlebot3_patrol/turtlebot3_patrol_server.py -> /home/filipgus/Desktop/MTRX3760_Project_2/turtlebot3_ws/build/turtlebot3_example/build/lib/turtlebot3_example/turtlebot3_patrol
[1.422s] copying turtlebot3_example/turtlebot3_patrol/__init__.py -> /home/filipgus/Desktop/MTRX3760_Project_2/turtlebot3_ws/build/turtlebot3_example/build/lib/turtlebot3_example/turtlebot3_patrol
[1.422s] running install
[1.427s] running install_lib
[1.438s] creating /home/filipgus/Desktop/MTRX3760_Project_2/turtlebot3_ws/install/turtlebot3_example/lib/python3.12/site-packages/turtlebot3_example
[1.438s] copying /home/filipgus/Desktop/MTRX3760_Project_2/turtlebot3_ws/build/turtlebot3_example/build/lib/turtlebot3_example/__init__.py -> /home/filipgus/Desktop/MTRX3760_Project_2/turtlebot3_ws/install/turtlebot3_example/lib/python3.12/site-packages/turtlebot3_example
[1.438s] creating /home/filipgus/Desktop/MTRX3760_Project_2/turtlebot3_ws/install/turtlebot3_example/lib/python3.12/site-packages/turtlebot3_example/turtlebot3_interactive_marker
[1.438s] copying /home/filipgus/Desktop/MTRX3760_Project_2/turtlebot3_ws/build/turtlebot3_example/build/lib/turtlebot3_example/turtlebot3_interactive_marker/__init__.py -> /home/filipgus/Desktop/MTRX3760_Project_2/turtlebot3_ws/install/turtlebot3_example/lib/python3.12/site-packages/turtlebot3_example/turtlebot3_interactive_marker
[1.439s] copying /home/filipgus/Desktop/MTRX3760_Project_2/turtlebot3_ws/build/turtlebot3_example/build/lib/turtlebot3_example/turtlebot3_interactive_marker/turtlebot3_interactive_marker.py -> /home/filipgus/Desktop/MTRX3760_Project_2/turtlebot3_ws/install/turtlebot3_example/lib/python3.12/site-packages/turtlebot3_example/turtlebot3_interactive_marker
[1.439s] creating /home/filipgus/Desktop/MTRX3760_Project_2/turtlebot3_ws/install/turtlebot3_example/lib/python3.12/site-packages/turtlebot3_example/turtlebot3_relative_move
[1.439s] copying /home/filipgus/Desktop/MTRX3760_Project_2/turtlebot3_ws/build/turtlebot3_example/build/lib/turtlebot3_example/turtlebot3_relative_move/__init__.py -> /home/filipgus/Desktop/MTRX3760_Project_2/turtlebot3_ws/install/turtlebot3_example/lib/python3.12/site-packages/turtlebot3_example/turtlebot3_relative_move
[1.439s] copying /home/filipgus/Desktop/MTRX3760_Project_2/turtlebot3_ws/build/turtlebot3_example/build/lib/turtlebot3_example/turtlebot3_relative_move/turtlebot3_relative_move.py -> /home/filipgus/Desktop/MTRX3760_Project_2/turtlebot3_ws/install/turtlebot3_example/lib/python3.12/site-packages/turtlebot3_example/turtlebot3_relative_move
[1.439s] creating /home/filipgus/Desktop/MTRX3760_Project_2/turtlebot3_ws/install/turtlebot3_example/lib/python3.12/site-packages/turtlebot3_example/turtlebot3_absolute_move
[1.439s] copying /home/filipgus/Desktop/MTRX3760_Project_2/turtlebot3_ws/build/turtlebot3_example/build/lib/turtlebot3_example/turtlebot3_absolute_move/__init__.py -> /home/filipgus/Desktop/MTRX3760_Project_2/turtlebot3_ws/install/turtlebot3_example/lib/python3.12/site-packages/turtlebot3_example/turtlebot3_absolute_move
[1.439s] copying /home/filipgus/Desktop/MTRX3760_Project_2/turtlebot3_ws/build/turtlebot3_example/build/lib/turtlebot3_example/turtlebot3_absolute_move/turtlebot3_absolute_move.py -> /home/filipgus/Desktop/MTRX3760_Project_2/turtlebot3_ws/install/turtlebot3_example/lib/python3.12/site-packages/turtlebot3_example/turtlebot3_absolute_move
[1.439s] creating /home/filipgus/Desktop/MTRX3760_Project_2/turtlebot3_ws/install/turtlebot3_example/lib/python3.12/site-packages/turtlebot3_example/turtlebot3_obstacle_detection
[1.439s] copying /home/filipgus/Desktop/MTRX3760_Project_2/turtlebot3_ws/build/turtlebot3_example/build/lib/turtlebot3_example/turtlebot3_obstacle_detection/__init__.py -> /home/filipgus/Desktop/MTRX3760_Project_2/turtlebot3_ws/install/turtlebot3_example/lib/python3.12/site-packages/turtlebot3_example/turtlebot3_obstacle_detection
[1.439s] copying /home/filipgus/Desktop/MTRX3760_Project_2/turtlebot3_ws/build/turtlebot3_example/build/lib/turtlebot3_example/turtlebot3_obstacle_detection/turtlebot3_obstacle_detection.py -> /home/filipgus/Desktop/MTRX3760_Project_2/turtlebot3_ws/install/turtlebot3_example/lib/python3.12/site-packages/turtlebot3_example/turtlebot3_obstacle_detection
[1.440s] creating /home/filipgus/Desktop/MTRX3760_Project_2/turtlebot3_ws/install/turtlebot3_example/lib/python3.12/site-packages/turtlebot3_example/turtlebot3_patrol
[1.440s] copying /home/filipgus/Desktop/MTRX3760_Project_2/turtlebot3_ws/build/turtlebot3_example/build/lib/turtlebot3_example/turtlebot3_patrol/turtlebot3_patrol_client.py -> /home/filipgus/Desktop/MTRX3760_Project_2/turtlebot3_ws/install/turtlebot3_example/lib/python3.12/site-packages/turtlebot3_example/turtlebot3_patrol
[1.440s] copying /home/filipgus/Desktop/MTRX3760_Project_2/turtlebot3_ws/build/turtlebot3_example/build/lib/turtlebot3_example/turtlebot3_patrol/turtlebot3_patrol_server.py -> /home/filipgus/Desktop/MTRX3760_Project_2/turtlebot3_ws/install/turtlebot3_example/lib/python3.12/site-packages/turtlebot3_example/turtlebot3_patrol
[1.440s] copying /home/filipgus/Desktop/MTRX3760_Project_2/turtlebot3_ws/build/turtlebot3_example/build/lib/turtlebot3_example/turtlebot3_patrol/__init__.py -> /home/filipgus/Desktop/MTRX3760_Project_2/turtlebot3_ws/install/turtlebot3_example/lib/python3.12/site-packages/turtlebot3_example/turtlebot3_patrol
[1.440s] byte-compiling /home/filipgus/Desktop/MTRX3760_Project_2/turtlebot3_ws/install/turtlebot3_example/lib/python3.12/site-packages/turtlebot3_example/__init__.py to __init__.cpython-312.pyc
[1.440s] byte-compiling /home/filipgus/Desktop/MTRX3760_Project_2/turtlebot3_ws/install/turtlebot3_example/lib/python3.12/site-packages/turtlebot3_example/turtlebot3_interactive_marker/__init__.py to __init__.cpython-312.pyc
[1.440s] byte-compiling /home/filipgus/Desktop/MTRX3760_Project_2/turtlebot3_ws/install/turtlebot3_example/lib/python3.12/site-packages/turtlebot3_example/turtlebot3_interactive_marker/turtlebot3_interactive_marker.py to turtlebot3_interactive_marker.cpython-312.pyc
[1.440s] byte-compiling /home/filipgus/Desktop/MTRX3760_Project_2/turtlebot3_ws/install/turtlebot3_example/lib/python3.12/site-packages/turtlebot3_example/turtlebot3_relative_move/__init__.py to __init__.cpython-312.pyc
[1.442s] byte-compiling /home/filipgus/Desktop/MTRX3760_Project_2/turtlebot3_ws/install/turtlebot3_example/lib/python3.12/site-packages/turtlebot3_example/turtlebot3_relative_move/turtlebot3_relative_move.py to turtlebot3_relative_move.cpython-312.pyc
[1.442s] byte-compiling /home/filipgus/Desktop/MTRX3760_Project_2/turtlebot3_ws/install/turtlebot3_example/lib/python3.12/site-packages/turtlebot3_example/turtlebot3_absolute_move/__init__.py to __init__.cpython-312.pyc
[1.442s] byte-compiling /home/filipgus/Desktop/MTRX3760_Project_2/turtlebot3_ws/install/turtlebot3_example/lib/python3.12/site-packages/turtlebot3_example/turtlebot3_absolute_move/turtlebot3_absolute_move.py to turtlebot3_absolute_move.cpython-312.pyc
[1.442s] byte-compiling /home/filipgus/Desktop/MTRX3760_Project_2/turtlebot3_ws/install/turtlebot3_example/lib/python3.12/site-packages/turtlebot3_example/turtlebot3_obstacle_detection/__init__.py to __init__.cpython-312.pyc
[1.442s] byte-compiling /home/filipgus/Desktop/MTRX3760_Project_2/turtlebot3_ws/install/turtlebot3_example/lib/python3.12/site-packages/turtlebot3_example/turtlebot3_obstacle_detection/turtlebot3_obstacle_detection.py to turtlebot3_obstacle_detection.cpython-312.pyc
[1.442s] byte-compiling /home/filipgus/Desktop/MTRX3760_Project_2/turtlebot3_ws/install/turtlebot3_example/lib/python3.12/site-packages/turtlebot3_example/turtlebot3_patrol/turtlebot3_patrol_client.py to turtlebot3_patrol_client.cpython-312.pyc
[1.442s] byte-compiling /home/filipgus/Desktop/MTRX3760_Project_2/turtlebot3_ws/install/turtlebot3_example/lib/python3.12/site-packages/turtlebot3_example/turtlebot3_patrol/turtlebot3_patrol_server.py to turtlebot3_patrol_server.cpython-312.pyc
[1.442s] byte-compiling /home/filipgus/Desktop/MTRX3760_Project_2/turtlebot3_ws/install/turtlebot3_example/lib/python3.12/site-packages/turtlebot3_example/turtlebot3_patrol/__init__.py to __init__.cpython-312.pyc
[1.443s] running install_data
[1.443s] creating /home/filipgus/Desktop/MTRX3760_Project_2/turtlebot3_ws/install/turtlebot3_example/share/ament_index
[1.443s] creating /home/filipgus/Desktop/MTRX3760_Project_2/turtlebot3_ws/install/turtlebot3_example/share/ament_index/resource_index
[1.443s] creating /home/filipgus/Desktop/MTRX3760_Project_2/turtlebot3_ws/install/turtlebot3_example/share/ament_index/resource_index/packages
[1.443s] copying resource/turtlebot3_example -> /home/filipgus/Desktop/MTRX3760_Project_2/turtlebot3_ws/install/turtlebot3_example/share/ament_index/resource_index/packages
[1.443s] copying package.xml -> /home/filipgus/Desktop/MTRX3760_Project_2/turtlebot3_ws/install/turtlebot3_example/share/turtlebot3_example
[1.444s] running install_egg_info
[1.454s] Copying ../../../build/turtlebot3_example/turtlebot3_example.egg-info to /home/filipgus/Desktop/MTRX3760_Project_2/turtlebot3_ws/install/turtlebot3_example/lib/python3.12/site-packages/turtlebot3_example-2.3.3-py3.12.egg-info
[1.454s] running install_scripts
[1.920s] Installing turtlebot3_absolute_move script to /home/filipgus/Desktop/MTRX3760_Project_2/turtlebot3_ws/install/turtlebot3_example/lib/turtlebot3_example
[1.920s] Installing turtlebot3_interactive_marker script to /home/filipgus/Desktop/MTRX3760_Project_2/turtlebot3_ws/install/turtlebot3_example/lib/turtlebot3_example
[1.920s] Installing turtlebot3_obstacle_detection script to /home/filipgus/Desktop/MTRX3760_Project_2/turtlebot3_ws/install/turtlebot3_example/lib/turtlebot3_example
[1.920s] Installing turtlebot3_patrol_client script to /home/filipgus/Desktop/MTRX3760_Project_2/turtlebot3_ws/install/turtlebot3_example/lib/turtlebot3_example
[1.921s] Installing turtlebot3_patrol_server script to /home/filipgus/Desktop/MTRX3760_Project_2/turtlebot3_ws/install/turtlebot3_example/lib/turtlebot3_example
[1.921s] Installing turtlebot3_relative_move script to /home/filipgus/Desktop/MTRX3760_Project_2/turtlebot3_ws/install/turtlebot3_example/lib/turtlebot3_example
[1.922s] writing list of installed files to '/home/filipgus/Desktop/MTRX3760_Project_2/turtlebot3_ws/build/turtlebot3_example/install.log'
[2.097s] Invoked command in '/home/filipgus/Desktop/MTRX3760_Project_2/turtlebot3_ws/src/turtlebot3/turtlebot3_example' returned '0': AMENT_PREFIX_PATH=/home/filipgus/Desktop/MTRX3760_Project_2/turtlebot3_ws/install/turtlebot3_msgs:${AMENT_PREFIX_PATH} CMAKE_PREFIX_PATH=/home/filipgus/Desktop/MTRX3760_Project_2/turtlebot3_ws/install/turtlebot3_msgs:${CMAKE_PREFIX_PATH} DEBUGINFOD_URLS=https://debuginfod.ubuntu.com LD_LIBRARY_PATH=/home/filipgus/Desktop/MTRX3760_Project_2/turtlebot3_ws/install/turtlebot3_msgs/lib:${LD_LIBRARY_PATH} PYTHONPATH=/home/filipgus/Desktop/MTRX3760_Project_2/turtlebot3_ws/build/turtlebot3_example/prefix_override:/usr/lib/python3/dist-packages/colcon_core/task/python/colcon_distutils_commands:/home/filipgus/Desktop/MTRX3760_Project_2/turtlebot3_ws/install/turtlebot3_example/lib/python3.12/site-packages:/home/filipgus/Desktop/MTRX3760_Project_2/turtlebot3_ws/install/turtlebot3_msgs/lib/python3.12/site-packages:${PYTHONPATH} /usr/bin/python3 -W ignore:setup.py install is deprecated -W ignore:easy_install command is deprecated setup.py egg_info --egg-base ../../../build/turtlebot3_example build --build-base /home/filipgus/Desktop/MTRX3760_Project_2/turtlebot3_ws/build/turtlebot3_example/build install --record /home/filipgus/Desktop/MTRX3760_Project_2/turtlebot3_ws/build/turtlebot3_example/install.log --single-version-externally-managed install_data
