[0.014s] Invoking command in '/home/dylan-george/MTRX3760_Project_1/turtlebot3_ws/build/turtlebot3_gazebo': CMAKE_PREFIX_PATH=${CMAKE_PREFIX_PATH}:/home/dylan-george/MTRX3760_Project_1/turtlebot3_ws/install/turtlebot3_teleop:/home/dylan-george/MTRX3760_Project_1/turtlebot3_ws/install/turtlebot3_example:/home/dylan-george/ros2_ws/install/launch_testing_examples:/home/dylan-george/ros2_ws/install/examples_rclpy_pointcloud_publisher:/home/dylan-george/ros2_ws/install/examples_rclpy_minimal_subscriber:/home/dylan-george/ros2_ws/install/examples_rclpy_minimal_service:/home/dylan-george/ros2_ws/install/examples_rclpy_minimal_publisher:/home/dylan-george/ros2_ws/install/examples_rclpy_minimal_client:/home/dylan-george/ros2_ws/install/examples_rclpy_minimal_action_server:/home/dylan-george/ros2_ws/install/examples_rclpy_minimal_action_client:/home/dylan-george/ros2_ws/install/examples_rclpy_guard_conditions:/home/dylan-george/ros2_ws/install/examples_rclpy_executors:/opt/ros/jazzy DEBUGINFOD_URLS=https://debuginfod.ubuntu.com /usr/bin/cmake --build /home/dylan-george/MTRX3760_Project_1/turtlebot3_ws/build/turtlebot3_gazebo -- -j8 -l8
[0.090s] [ 13%] Built target obstacle2
[0.091s] [ 26%] Built target obstacle1
[0.094s] [ 40%] Built target obstacles
[0.098s] [ 53%] Built target camera_red_detector
[0.098s] [ 86%] Built target turtlebot3_gazebo_core
[0.129s] [100%] Built target CTurtlebot3Drive_node
[0.143s] Invoked command in '/home/dylan-george/MTRX3760_Project_1/turtlebot3_ws/build/turtlebot3_gazebo' returned '0': CMAKE_PREFIX_PATH=${CMAKE_PREFIX_PATH}:/home/dylan-george/MTRX3760_Project_1/turtlebot3_ws/install/turtlebot3_teleop:/home/dylan-george/MTRX3760_Project_1/turtlebot3_ws/install/turtlebot3_example:/home/dylan-george/ros2_ws/install/launch_testing_examples:/home/dylan-george/ros2_ws/install/examples_rclpy_pointcloud_publisher:/home/dylan-george/ros2_ws/install/examples_rclpy_minimal_subscriber:/home/dylan-george/ros2_ws/install/examples_rclpy_minimal_service:/home/dylan-george/ros2_ws/install/examples_rclpy_minimal_publisher:/home/dylan-george/ros2_ws/install/examples_rclpy_minimal_client:/home/dylan-george/ros2_ws/install/examples_rclpy_minimal_action_server:/home/dylan-george/ros2_ws/install/examples_rclpy_minimal_action_client:/home/dylan-george/ros2_ws/install/examples_rclpy_guard_conditions:/home/dylan-george/ros2_ws/install/examples_rclpy_executors:/opt/ros/jazzy DEBUGINFOD_URLS=https://debuginfod.ubuntu.com /usr/bin/cmake --build /home/dylan-george/MTRX3760_Project_1/turtlebot3_ws/build/turtlebot3_gazebo -- -j8 -l8
[0.154s] Invoking command in '/home/dylan-george/MTRX3760_Project_1/turtlebot3_ws/build/turtlebot3_gazebo': CMAKE_PREFIX_PATH=${CMAKE_PREFIX_PATH}:/home/dylan-george/MTRX3760_Project_1/turtlebot3_ws/install/turtlebot3_teleop:/home/dylan-george/MTRX3760_Project_1/turtlebot3_ws/install/turtlebot3_example:/home/dylan-george/ros2_ws/install/launch_testing_examples:/home/dylan-george/ros2_ws/install/examples_rclpy_pointcloud_publisher:/home/dylan-george/ros2_ws/install/examples_rclpy_minimal_subscriber:/home/dylan-george/ros2_ws/install/examples_rclpy_minimal_service:/home/dylan-george/ros2_ws/install/examples_rclpy_minimal_publisher:/home/dylan-george/ros2_ws/install/examples_rclpy_minimal_client:/home/dylan-george/ros2_ws/install/examples_rclpy_minimal_action_server:/home/dylan-george/ros2_ws/install/examples_rclpy_minimal_action_client:/home/dylan-george/ros2_ws/install/examples_rclpy_guard_conditions:/home/dylan-george/ros2_ws/install/examples_rclpy_executors:/opt/ros/jazzy DEBUGINFOD_URLS=https://debuginfod.ubuntu.com /usr/bin/cmake --install /home/dylan-george/MTRX3760_Project_1/turtlebot3_ws/build/turtlebot3_gazebo
[0.164s] -- Install configuration: ""
[0.165s] -- Up-to-date: /home/dylan-george/MTRX3760_Project_1/turtlebot3_ws/install/turtlebot3_gazebo/lib/turtlebot3_gazebo/libturtlebot3_gazebo_core.a
[0.165s] -- Up-to-date: /home/dylan-george/MTRX3760_Project_1/turtlebot3_ws/install/turtlebot3_gazebo/lib/turtlebot3_gazebo/CTurtlebot3Drive_node
[0.165s] -- Up-to-date: /home/dylan-george/MTRX3760_Project_1/turtlebot3_ws/install/turtlebot3_gazebo/lib/turtlebot3_gazebo/camera_red_detector
[0.165s] -- Up-to-date: /home/dylan-george/MTRX3760_Project_1/turtlebot3_ws/install/turtlebot3_gazebo/lib/turtlebot3_gazebo/libobstacles.so
[0.165s] -- Up-to-date: /home/dylan-george/MTRX3760_Project_1/turtlebot3_ws/install/turtlebot3_gazebo/lib/turtlebot3_gazebo/libobstacle1.so
[0.165s] -- Up-to-date: /home/dylan-george/MTRX3760_Project_1/turtlebot3_ws/install/turtlebot3_gazebo/lib/turtlebot3_gazebo/libobstacle2.so
[0.166s] -- Up-to-date: /home/dylan-george/MTRX3760_Project_1/turtlebot3_ws/install/turtlebot3_gazebo/share/turtlebot3_gazebo//launch
[0.166s] -- Up-to-date: /home/dylan-george/MTRX3760_Project_1/turtlebot3_ws/install/turtlebot3_gazebo/share/turtlebot3_gazebo//launch/enclosed_maze.launch.py
[0.166s] -- Up-to-date: /home/dylan-george/MTRX3760_Project_1/turtlebot3_ws/install/turtlebot3_gazebo/share/turtlebot3_gazebo//launch/turtlebot3_dqn_stage2.launch.py
[0.166s] -- Up-to-date: /home/dylan-george/MTRX3760_Project_1/turtlebot3_ws/install/turtlebot3_gazebo/share/turtlebot3_gazebo//launch/turtlebot3_dqn_stage3.launch.py
[0.166s] -- Up-to-date: /home/dylan-george/MTRX3760_Project_1/turtlebot3_ws/install/turtlebot3_gazebo/share/turtlebot3_gazebo//launch/floating_maze.launch.py
[0.166s] -- Up-to-date: /home/dylan-george/MTRX3760_Project_1/turtlebot3_ws/install/turtlebot3_gazebo/share/turtlebot3_gazebo//launch/turtlebot3_dqn_stage1.launch.py
[0.167s] -- Installing: /home/dylan-george/MTRX3760_Project_1/turtlebot3_ws/install/turtlebot3_gazebo/share/turtlebot3_gazebo//launch/open_maze.launch.py
[0.167s] -- Up-to-date: /home/dylan-george/MTRX3760_Project_1/turtlebot3_ws/install/turtlebot3_gazebo/share/turtlebot3_gazebo//launch/robot_state_publisher.launch.py
[0.167s] -- Up-to-date: /home/dylan-george/MTRX3760_Project_1/turtlebot3_ws/install/turtlebot3_gazebo/share/turtlebot3_gazebo//launch/spawn_turtlebot3.launch.py
[0.167s] -- Up-to-date: /home/dylan-george/MTRX3760_Project_1/turtlebot3_ws/install/turtlebot3_gazebo/share/turtlebot3_gazebo//launch/turtlebot3_dqn_stage4.launch.py
[0.167s] -- Up-to-date: /home/dylan-george/MTRX3760_Project_1/turtlebot3_ws/install/turtlebot3_gazebo/share/turtlebot3_gazebo//models
[0.168s] -- Up-to-date: /home/dylan-george/MTRX3760_Project_1/turtlebot3_ws/install/turtlebot3_gazebo/share/turtlebot3_gazebo//models/turtlebot3_waffle
[0.168s] -- Up-to-date: /home/dylan-george/MTRX3760_Project_1/turtlebot3_ws/install/turtlebot3_gazebo/share/turtlebot3_gazebo//models/turtlebot3_waffle/model.config
[0.168s] -- Up-to-date: /home/dylan-george/MTRX3760_Project_1/turtlebot3_ws/install/turtlebot3_gazebo/share/turtlebot3_gazebo//models/turtlebot3_waffle/model-1_4.sdf
[0.168s] -- Up-to-date: /home/dylan-george/MTRX3760_Project_1/turtlebot3_ws/install/turtlebot3_gazebo/share/turtlebot3_gazebo//models/turtlebot3_waffle/model.sdf
[0.168s] -- Up-to-date: /home/dylan-george/MTRX3760_Project_1/turtlebot3_ws/install/turtlebot3_gazebo/share/turtlebot3_gazebo//models/turtlebot3_burger_cam
[0.168s] -- Up-to-date: /home/dylan-george/MTRX3760_Project_1/turtlebot3_ws/install/turtlebot3_gazebo/share/turtlebot3_gazebo//models/turtlebot3_burger_cam/model.config
[0.169s] -- Up-to-date: /home/dylan-george/MTRX3760_Project_1/turtlebot3_ws/install/turtlebot3_gazebo/share/turtlebot3_gazebo//models/turtlebot3_burger_cam/model-1_4.sdf
[0.169s] -- Up-to-date: /home/dylan-george/MTRX3760_Project_1/turtlebot3_ws/install/turtlebot3_gazebo/share/turtlebot3_gazebo//models/turtlebot3_burger_cam/model.sdf
[0.169s] -- Up-to-date: /home/dylan-george/MTRX3760_Project_1/turtlebot3_ws/install/turtlebot3_gazebo/share/turtlebot3_gazebo//models/turtlebot3_world
[0.169s] -- Up-to-date: /home/dylan-george/MTRX3760_Project_1/turtlebot3_ws/install/turtlebot3_gazebo/share/turtlebot3_gazebo//models/turtlebot3_world/meshes
[0.169s] -- Up-to-date: /home/dylan-george/MTRX3760_Project_1/turtlebot3_ws/install/turtlebot3_gazebo/share/turtlebot3_gazebo//models/turtlebot3_world/meshes/hexagon.dae
[0.169s] -- Up-to-date: /home/dylan-george/MTRX3760_Project_1/turtlebot3_ws/install/turtlebot3_gazebo/share/turtlebot3_gazebo//models/turtlebot3_world/meshes/wall.dae
[0.169s] -- Up-to-date: /home/dylan-george/MTRX3760_Project_1/turtlebot3_ws/install/turtlebot3_gazebo/share/turtlebot3_gazebo//models/turtlebot3_world/model.config
[0.169s] -- Up-to-date: /home/dylan-george/MTRX3760_Project_1/turtlebot3_ws/install/turtlebot3_gazebo/share/turtlebot3_gazebo//models/turtlebot3_world/model-1_4.sdf
[0.169s] -- Up-to-date: /home/dylan-george/MTRX3760_Project_1/turtlebot3_ws/install/turtlebot3_gazebo/share/turtlebot3_gazebo//models/turtlebot3_world/model.sdf
[0.170s] -- Up-to-date: /home/dylan-george/MTRX3760_Project_1/turtlebot3_ws/install/turtlebot3_gazebo/share/turtlebot3_gazebo//models/turtlebot3_burger
[0.170s] -- Up-to-date: /home/dylan-george/MTRX3760_Project_1/turtlebot3_ws/install/turtlebot3_gazebo/share/turtlebot3_gazebo//models/turtlebot3_burger/model.config
[0.170s] -- Up-to-date: /home/dylan-george/MTRX3760_Project_1/turtlebot3_ws/install/turtlebot3_gazebo/share/turtlebot3_gazebo//models/turtlebot3_burger/model-1_4.sdf
[0.170s] -- Up-to-date: /home/dylan-george/MTRX3760_Project_1/turtlebot3_ws/install/turtlebot3_gazebo/share/turtlebot3_gazebo//models/turtlebot3_burger/model.sdf
[0.170s] -- Up-to-date: /home/dylan-george/MTRX3760_Project_1/turtlebot3_ws/install/turtlebot3_gazebo/share/turtlebot3_gazebo//models/turtlebot3_waffle_pi
[0.170s] -- Up-to-date: /home/dylan-george/MTRX3760_Project_1/turtlebot3_ws/install/turtlebot3_gazebo/share/turtlebot3_gazebo//models/turtlebot3_waffle_pi/model.config
[0.170s] -- Up-to-date: /home/dylan-george/MTRX3760_Project_1/turtlebot3_ws/install/turtlebot3_gazebo/share/turtlebot3_gazebo//models/turtlebot3_waffle_pi/model.sdf
[0.170s] -- Up-to-date: /home/dylan-george/MTRX3760_Project_1/turtlebot3_ws/install/turtlebot3_gazebo/share/turtlebot3_gazebo//models/turtlebot3_waffle_pi/model-1_4_.sdf
[0.170s] -- Up-to-date: /home/dylan-george/MTRX3760_Project_1/turtlebot3_ws/install/turtlebot3_gazebo/share/turtlebot3_gazebo//models/turtlebot3_house
[0.170s] -- Up-to-date: /home/dylan-george/MTRX3760_Project_1/turtlebot3_ws/install/turtlebot3_gazebo/share/turtlebot3_gazebo//models/turtlebot3_house/table_marble
[0.170s] -- Up-to-date: /home/dylan-george/MTRX3760_Project_1/turtlebot3_ws/install/turtlebot3_gazebo/share/turtlebot3_gazebo//models/turtlebot3_house/table_marble/meshes
[0.170s] -- Up-to-date: /home/dylan-george/MTRX3760_Project_1/turtlebot3_ws/install/turtlebot3_gazebo/share/turtlebot3_gazebo//models/turtlebot3_house/table_marble/meshes/table_lightmap.dae
[0.171s] -- Up-to-date: /home/dylan-george/MTRX3760_Project_1/turtlebot3_ws/install/turtlebot3_gazebo/share/turtlebot3_gazebo//models/turtlebot3_house/table_marble/model.config
[0.171s] -- Up-to-date: /home/dylan-george/MTRX3760_Project_1/turtlebot3_ws/install/turtlebot3_gazebo/share/turtlebot3_gazebo//models/turtlebot3_house/table_marble/model-1_4.sdf
[0.171s] -- Up-to-date: /home/dylan-george/MTRX3760_Project_1/turtlebot3_ws/install/turtlebot3_gazebo/share/turtlebot3_gazebo//models/turtlebot3_house/table_marble/model.sdf
[0.171s] -- Up-to-date: /home/dylan-george/MTRX3760_Project_1/turtlebot3_ws/install/turtlebot3_gazebo/share/turtlebot3_gazebo//models/turtlebot3_house/table_marble/materials
[0.171s] -- Up-to-date: /home/dylan-george/MTRX3760_Project_1/turtlebot3_ws/install/turtlebot3_gazebo/share/turtlebot3_gazebo//models/turtlebot3_house/table_marble/materials/textures
[0.171s] -- Up-to-date: /home/dylan-george/MTRX3760_Project_1/turtlebot3_ws/install/turtlebot3_gazebo/share/turtlebot3_gazebo//models/turtlebot3_house/table_marble/materials/textures/marble.png
[0.171s] -- Up-to-date: /home/dylan-george/MTRX3760_Project_1/turtlebot3_ws/install/turtlebot3_gazebo/share/turtlebot3_gazebo//models/turtlebot3_house/table_marble/materials/textures/table_lightmap.png
[0.171s] -- Up-to-date: /home/dylan-george/MTRX3760_Project_1/turtlebot3_ws/install/turtlebot3_gazebo/share/turtlebot3_gazebo//models/turtlebot3_house/table_marble/materials/scripts
[0.171s] -- Up-to-date: /home/dylan-george/MTRX3760_Project_1/turtlebot3_ws/install/turtlebot3_gazebo/share/turtlebot3_gazebo//models/turtlebot3_house/table_marble/materials/scripts/table_lightmap.material
[0.171s] -- Up-to-date: /home/dylan-george/MTRX3760_Project_1/turtlebot3_ws/install/turtlebot3_gazebo/share/turtlebot3_gazebo//models/turtlebot3_house/textures
[0.171s] -- Up-to-date: /home/dylan-george/MTRX3760_Project_1/turtlebot3_ws/install/turtlebot3_gazebo/share/turtlebot3_gazebo//models/turtlebot3_house/textures/bricks.png
[0.172s] -- Up-to-date: /home/dylan-george/MTRX3760_Project_1/turtlebot3_ws/install/turtlebot3_gazebo/share/turtlebot3_gazebo//models/turtlebot3_house/textures/wood.png
[0.172s] -- Up-to-date: /home/dylan-george/MTRX3760_Project_1/turtlebot3_ws/install/turtlebot3_gazebo/share/turtlebot3_gazebo//models/turtlebot3_house/model.config
[0.172s] -- Up-to-date: /home/dylan-george/MTRX3760_Project_1/turtlebot3_ws/install/turtlebot3_gazebo/share/turtlebot3_gazebo//models/turtlebot3_house/model.sdf
[0.173s] -- Up-to-date: /home/dylan-george/MTRX3760_Project_1/turtlebot3_ws/install/turtlebot3_gazebo/share/turtlebot3_gazebo//models/turtlebot3_house/mailbox
[0.173s] -- Up-to-date: /home/dylan-george/MTRX3760_Project_1/turtlebot3_ws/install/turtlebot3_gazebo/share/turtlebot3_gazebo//models/turtlebot3_house/mailbox/meshes
[0.174s] -- Up-to-date: /home/dylan-george/MTRX3760_Project_1/turtlebot3_ws/install/turtlebot3_gazebo/share/turtlebot3_gazebo//models/turtlebot3_house/mailbox/meshes/mailbox.dae
[0.174s] -- Up-to-date: /home/dylan-george/MTRX3760_Project_1/turtlebot3_ws/install/turtlebot3_gazebo/share/turtlebot3_gazebo//models/turtlebot3_house/mailbox/model-1_3.sdf
[0.175s] -- Up-to-date: /home/dylan-george/MTRX3760_Project_1/turtlebot3_ws/install/turtlebot3_gazebo/share/turtlebot3_gazebo//models/turtlebot3_house/mailbox/model.config
[0.175s] -- Up-to-date: /home/dylan-george/MTRX3760_Project_1/turtlebot3_ws/install/turtlebot3_gazebo/share/turtlebot3_gazebo//models/turtlebot3_house/mailbox/model-1_4.sdf
[0.175s] -- Up-to-date: /home/dylan-george/MTRX3760_Project_1/turtlebot3_ws/install/turtlebot3_gazebo/share/turtlebot3_gazebo//models/turtlebot3_house/mailbox/model.sdf
[0.175s] -- Up-to-date: /home/dylan-george/MTRX3760_Project_1/turtlebot3_ws/install/turtlebot3_gazebo/share/turtlebot3_gazebo//models/turtlebot3_house/mailbox/materials
[0.175s] -- Up-to-date: /home/dylan-george/MTRX3760_Project_1/turtlebot3_ws/install/turtlebot3_gazebo/share/turtlebot3_gazebo//models/turtlebot3_house/mailbox/materials/textures
[0.175s] -- Up-to-date: /home/dylan-george/MTRX3760_Project_1/turtlebot3_ws/install/turtlebot3_gazebo/share/turtlebot3_gazebo//models/turtlebot3_house/mailbox/materials/textures/Mailbox_Diffuse.png
[0.175s] -- Up-to-date: /home/dylan-george/MTRX3760_Project_1/turtlebot3_ws/install/turtlebot3_gazebo/share/turtlebot3_gazebo//models/turtlebot3_house/mailbox/materials/textures/Mailbox_Spec.png
[0.175s] -- Up-to-date: /home/dylan-george/MTRX3760_Project_1/turtlebot3_ws/install/turtlebot3_gazebo/share/turtlebot3_gazebo//models/turtlebot3_house/mailbox/materials/textures/Mailbox_Diffuse.tga.orig
[0.176s] -- Up-to-date: /home/dylan-george/MTRX3760_Project_1/turtlebot3_ws/install/turtlebot3_gazebo/share/turtlebot3_gazebo//models/turtlebot3_house/mailbox/materials/scripts
[0.176s] -- Up-to-date: /home/dylan-george/MTRX3760_Project_1/turtlebot3_ws/install/turtlebot3_gazebo/share/turtlebot3_gazebo//models/turtlebot3_house/mailbox/materials/scripts/mailbox.material
[0.176s] -- Up-to-date: /home/dylan-george/MTRX3760_Project_1/turtlebot3_ws/install/turtlebot3_gazebo/share/turtlebot3_gazebo//models/turtlebot3_house/first_2015_trash_can
[0.176s] -- Up-to-date: /home/dylan-george/MTRX3760_Project_1/turtlebot3_ws/install/turtlebot3_gazebo/share/turtlebot3_gazebo//models/turtlebot3_house/first_2015_trash_can/meshes
[0.176s] -- Up-to-date: /home/dylan-george/MTRX3760_Project_1/turtlebot3_ws/install/turtlebot3_gazebo/share/turtlebot3_gazebo//models/turtlebot3_house/first_2015_trash_can/meshes/trash_can.dae
[0.176s] -- Up-to-date: /home/dylan-george/MTRX3760_Project_1/turtlebot3_ws/install/turtlebot3_gazebo/share/turtlebot3_gazebo//models/turtlebot3_house/first_2015_trash_can/model.config
[0.176s] -- Up-to-date: /home/dylan-george/MTRX3760_Project_1/turtlebot3_ws/install/turtlebot3_gazebo/share/turtlebot3_gazebo//models/turtlebot3_house/first_2015_trash_can/model.sdf
[0.177s] -- Up-to-date: /home/dylan-george/MTRX3760_Project_1/turtlebot3_ws/install/turtlebot3_gazebo/share/turtlebot3_gazebo//models/turtlebot3_house/cafe_table
[0.177s] -- Up-to-date: /home/dylan-george/MTRX3760_Project_1/turtlebot3_ws/install/turtlebot3_gazebo/share/turtlebot3_gazebo//models/turtlebot3_house/cafe_table/meshes
[0.177s] -- Up-to-date: /home/dylan-george/MTRX3760_Project_1/turtlebot3_ws/install/turtlebot3_gazebo/share/turtlebot3_gazebo//models/turtlebot3_house/cafe_table/meshes/cafe_table.dae
[0.177s] -- Up-to-date: /home/dylan-george/MTRX3760_Project_1/turtlebot3_ws/install/turtlebot3_gazebo/share/turtlebot3_gazebo//models/turtlebot3_house/cafe_table/model.config
[0.177s] -- Up-to-date: /home/dylan-george/MTRX3760_Project_1/turtlebot3_ws/install/turtlebot3_gazebo/share/turtlebot3_gazebo//models/turtlebot3_house/cafe_table/model-1_4.sdf
[0.177s] -- Up-to-date: /home/dylan-george/MTRX3760_Project_1/turtlebot3_ws/install/turtlebot3_gazebo/share/turtlebot3_gazebo//models/turtlebot3_house/cafe_table/model.sdf
[0.177s] -- Up-to-date: /home/dylan-george/MTRX3760_Project_1/turtlebot3_ws/install/turtlebot3_gazebo/share/turtlebot3_gazebo//models/turtlebot3_house/cafe_table/materials
[0.177s] -- Up-to-date: /home/dylan-george/MTRX3760_Project_1/turtlebot3_ws/install/turtlebot3_gazebo/share/turtlebot3_gazebo//models/turtlebot3_house/cafe_table/materials/textures
[0.177s] -- Up-to-date: /home/dylan-george/MTRX3760_Project_1/turtlebot3_ws/install/turtlebot3_gazebo/share/turtlebot3_gazebo//models/turtlebot3_house/cafe_table/materials/textures/Wood_Floor_Dark.jpg
[0.177s] -- Up-to-date: /home/dylan-george/MTRX3760_Project_1/turtlebot3_ws/install/turtlebot3_gazebo/share/turtlebot3_gazebo//models/turtlebot3_house/cafe_table/materials/textures/Maple.jpg
[0.178s] -- Up-to-date: /home/dylan-george/MTRX3760_Project_1/turtlebot3_ws/install/turtlebot3_gazebo/share/turtlebot3_gazebo//models/turtlebot3_dqn_world
[0.178s] -- Up-to-date: /home/dylan-george/MTRX3760_Project_1/turtlebot3_ws/install/turtlebot3_gazebo/share/turtlebot3_gazebo//models/turtlebot3_dqn_world/textures
[0.178s] -- Up-to-date: /home/dylan-george/MTRX3760_Project_1/turtlebot3_ws/install/turtlebot3_gazebo/share/turtlebot3_gazebo//models/turtlebot3_dqn_world/textures/wood.png
[0.178s] -- Up-to-date: /home/dylan-george/MTRX3760_Project_1/turtlebot3_ws/install/turtlebot3_gazebo/share/turtlebot3_gazebo//models/turtlebot3_dqn_world/goal_box
[0.178s] -- Up-to-date: /home/dylan-george/MTRX3760_Project_1/turtlebot3_ws/install/turtlebot3_gazebo/share/turtlebot3_gazebo//models/turtlebot3_dqn_world/goal_box/model.config
[0.178s] -- Up-to-date: /home/dylan-george/MTRX3760_Project_1/turtlebot3_ws/install/turtlebot3_gazebo/share/turtlebot3_gazebo//models/turtlebot3_dqn_world/goal_box/model.sdf
[0.178s] -- Up-to-date: /home/dylan-george/MTRX3760_Project_1/turtlebot3_ws/install/turtlebot3_gazebo/share/turtlebot3_gazebo//models/turtlebot3_dqn_world/obstacle2
[0.178s] -- Up-to-date: /home/dylan-george/MTRX3760_Project_1/turtlebot3_ws/install/turtlebot3_gazebo/share/turtlebot3_gazebo//models/turtlebot3_dqn_world/obstacle2/model.config
[0.179s] -- Up-to-date: /home/dylan-george/MTRX3760_Project_1/turtlebot3_ws/install/turtlebot3_gazebo/share/turtlebot3_gazebo//models/turtlebot3_dqn_world/obstacle2/model.sdf
[0.179s] -- Up-to-date: /home/dylan-george/MTRX3760_Project_1/turtlebot3_ws/install/turtlebot3_gazebo/share/turtlebot3_gazebo//models/turtlebot3_dqn_world/model.config
[0.180s] -- Up-to-date: /home/dylan-george/MTRX3760_Project_1/turtlebot3_ws/install/turtlebot3_gazebo/share/turtlebot3_gazebo//models/turtlebot3_dqn_world/inner_walls
[0.180s] -- Up-to-date: /home/dylan-george/MTRX3760_Project_1/turtlebot3_ws/install/turtlebot3_gazebo/share/turtlebot3_gazebo//models/turtlebot3_dqn_world/inner_walls/textures
[0.180s] -- Up-to-date: /home/dylan-george/MTRX3760_Project_1/turtlebot3_ws/install/turtlebot3_gazebo/share/turtlebot3_gazebo//models/turtlebot3_dqn_world/inner_walls/textures/wood.png
[0.180s] -- Up-to-date: /home/dylan-george/MTRX3760_Project_1/turtlebot3_ws/install/turtlebot3_gazebo/share/turtlebot3_gazebo//models/turtlebot3_dqn_world/inner_walls/model.config
[0.180s] -- Up-to-date: /home/dylan-george/MTRX3760_Project_1/turtlebot3_ws/install/turtlebot3_gazebo/share/turtlebot3_gazebo//models/turtlebot3_dqn_world/inner_walls/model.sdf
[0.180s] -- Up-to-date: /home/dylan-george/MTRX3760_Project_1/turtlebot3_ws/install/turtlebot3_gazebo/share/turtlebot3_gazebo//models/turtlebot3_dqn_world/model.sdf
[0.180s] -- Up-to-date: /home/dylan-george/MTRX3760_Project_1/turtlebot3_ws/install/turtlebot3_gazebo/share/turtlebot3_gazebo//models/turtlebot3_dqn_world/obstacles
[0.180s] -- Up-to-date: /home/dylan-george/MTRX3760_Project_1/turtlebot3_ws/install/turtlebot3_gazebo/share/turtlebot3_gazebo//models/turtlebot3_dqn_world/obstacles/model.config
[0.181s] -- Up-to-date: /home/dylan-george/MTRX3760_Project_1/turtlebot3_ws/install/turtlebot3_gazebo/share/turtlebot3_gazebo//models/turtlebot3_dqn_world/obstacles/model.sdf
[0.181s] -- Up-to-date: /home/dylan-george/MTRX3760_Project_1/turtlebot3_ws/install/turtlebot3_gazebo/share/turtlebot3_gazebo//models/turtlebot3_dqn_world/obstacle1
[0.182s] -- Up-to-date: /home/dylan-george/MTRX3760_Project_1/turtlebot3_ws/install/turtlebot3_gazebo/share/turtlebot3_gazebo//models/turtlebot3_dqn_world/obstacle1/model.config
[0.182s] -- Up-to-date: /home/dylan-george/MTRX3760_Project_1/turtlebot3_ws/install/turtlebot3_gazebo/share/turtlebot3_gazebo//models/turtlebot3_dqn_world/obstacle1/model.sdf
[0.182s] -- Up-to-date: /home/dylan-george/MTRX3760_Project_1/turtlebot3_ws/install/turtlebot3_gazebo/share/turtlebot3_gazebo//models/turtlebot3_common
[0.182s] -- Up-to-date: /home/dylan-george/MTRX3760_Project_1/turtlebot3_ws/install/turtlebot3_gazebo/share/turtlebot3_gazebo//models/turtlebot3_common/meshes
[0.183s] -- Up-to-date: /home/dylan-george/MTRX3760_Project_1/turtlebot3_ws/install/turtlebot3_gazebo/share/turtlebot3_gazebo//models/turtlebot3_common/meshes/waffle_pi_base.dae
[0.183s] -- Up-to-date: /home/dylan-george/MTRX3760_Project_1/turtlebot3_ws/install/turtlebot3_gazebo/share/turtlebot3_gazebo//models/turtlebot3_common/meshes/lds.dae
[0.183s] -- Up-to-date: /home/dylan-george/MTRX3760_Project_1/turtlebot3_ws/install/turtlebot3_gazebo/share/turtlebot3_gazebo//models/turtlebot3_common/meshes/waffle_base.dae
[0.183s] -- Up-to-date: /home/dylan-george/MTRX3760_Project_1/turtlebot3_ws/install/turtlebot3_gazebo/share/turtlebot3_gazebo//models/turtlebot3_common/meshes/burger_base.dae
[0.183s] -- Up-to-date: /home/dylan-george/MTRX3760_Project_1/turtlebot3_ws/install/turtlebot3_gazebo/share/turtlebot3_gazebo//models/turtlebot3_common/meshes/r200.dae
[0.183s] -- Up-to-date: /home/dylan-george/MTRX3760_Project_1/turtlebot3_ws/install/turtlebot3_gazebo/share/turtlebot3_gazebo//models/turtlebot3_common/meshes/wheels
[0.183s] -- Up-to-date: /home/dylan-george/MTRX3760_Project_1/turtlebot3_ws/install/turtlebot3_gazebo/share/turtlebot3_gazebo//models/turtlebot3_common/meshes/wheels/left_tire.stl
[0.183s] -- Up-to-date: /home/dylan-george/MTRX3760_Project_1/turtlebot3_ws/install/turtlebot3_gazebo/share/turtlebot3_gazebo//models/turtlebot3_common/meshes/wheels/right_tire.stl
[0.184s] -- Up-to-date: /home/dylan-george/MTRX3760_Project_1/turtlebot3_ws/install/turtlebot3_gazebo/share/turtlebot3_gazebo//models/turtlebot3_common/meshes/sensors
[0.184s] -- Up-to-date: /home/dylan-george/MTRX3760_Project_1/turtlebot3_ws/install/turtlebot3_gazebo/share/turtlebot3_gazebo//models/turtlebot3_common/meshes/sensors/r200.jpg
[0.184s] -- Up-to-date: /home/dylan-george/MTRX3760_Project_1/turtlebot3_ws/install/turtlebot3_gazebo/share/turtlebot3_gazebo//models/turtlebot3_common/meshes/sensors/astra.jpg
[0.184s] -- Up-to-date: /home/dylan-george/MTRX3760_Project_1/turtlebot3_ws/install/turtlebot3_gazebo/share/turtlebot3_gazebo//models/turtlebot3_common/meshes/sensors/r200.dae
[0.184s] -- Up-to-date: /home/dylan-george/MTRX3760_Project_1/turtlebot3_ws/install/turtlebot3_gazebo/share/turtlebot3_gazebo//models/turtlebot3_common/meshes/sensors/lds.stl
[0.184s] -- Up-to-date: /home/dylan-george/MTRX3760_Project_1/turtlebot3_ws/install/turtlebot3_gazebo/share/turtlebot3_gazebo//models/turtlebot3_common/meshes/sensors/astra.dae
[0.184s] -- Up-to-date: /home/dylan-george/MTRX3760_Project_1/turtlebot3_ws/install/turtlebot3_gazebo/share/turtlebot3_gazebo//models/turtlebot3_common/meshes/bases
[0.184s] -- Up-to-date: /home/dylan-george/MTRX3760_Project_1/turtlebot3_ws/install/turtlebot3_gazebo/share/turtlebot3_gazebo//models/turtlebot3_common/meshes/bases/waffle_pi_base.stl
[0.185s] -- Up-to-date: /home/dylan-george/MTRX3760_Project_1/turtlebot3_ws/install/turtlebot3_gazebo/share/turtlebot3_gazebo//models/turtlebot3_common/meshes/bases/burger_base.stl
[0.185s] -- Up-to-date: /home/dylan-george/MTRX3760_Project_1/turtlebot3_ws/install/turtlebot3_gazebo/share/turtlebot3_gazebo//models/turtlebot3_common/meshes/bases/waffle_base.stl
[0.185s] -- Up-to-date: /home/dylan-george/MTRX3760_Project_1/turtlebot3_ws/install/turtlebot3_gazebo/share/turtlebot3_gazebo//models/turtlebot3_common/meshes/tire.dae
[0.185s] -- Up-to-date: /home/dylan-george/MTRX3760_Project_1/turtlebot3_ws/install/turtlebot3_gazebo/share/turtlebot3_gazebo//models/turtlebot3_common/model.config
[0.185s] -- Up-to-date: /home/dylan-george/MTRX3760_Project_1/turtlebot3_ws/install/turtlebot3_gazebo/share/turtlebot3_gazebo//params
[0.185s] -- Up-to-date: /home/dylan-george/MTRX3760_Project_1/turtlebot3_ws/install/turtlebot3_gazebo/share/turtlebot3_gazebo//params/turtlebot3_burger_cam_bridge.yaml
[0.185s] -- Up-to-date: /home/dylan-george/MTRX3760_Project_1/turtlebot3_ws/install/turtlebot3_gazebo/share/turtlebot3_gazebo//params/turtlebot3_waffle_bridge.yaml
[0.185s] -- Up-to-date: /home/dylan-george/MTRX3760_Project_1/turtlebot3_ws/install/turtlebot3_gazebo/share/turtlebot3_gazebo//params/turtlebot3_waffle_pi_bridge.yaml
[0.185s] -- Up-to-date: /home/dylan-george/MTRX3760_Project_1/turtlebot3_ws/install/turtlebot3_gazebo/share/turtlebot3_gazebo//params/turtlebot3_burger_bridge.yaml
[0.186s] -- Up-to-date: /home/dylan-george/MTRX3760_Project_1/turtlebot3_ws/install/turtlebot3_gazebo/share/turtlebot3_gazebo//rviz
[0.186s] -- Up-to-date: /home/dylan-george/MTRX3760_Project_1/turtlebot3_ws/install/turtlebot3_gazebo/share/turtlebot3_gazebo//rviz/tb3_gazebo.rviz
[0.186s] -- Up-to-date: /home/dylan-george/MTRX3760_Project_1/turtlebot3_ws/install/turtlebot3_gazebo/share/turtlebot3_gazebo//urdf
[0.186s] -- Up-to-date: /home/dylan-george/MTRX3760_Project_1/turtlebot3_ws/install/turtlebot3_gazebo/share/turtlebot3_gazebo//urdf/common_properties.urdf
[0.186s] -- Up-to-date: /home/dylan-george/MTRX3760_Project_1/turtlebot3_ws/install/turtlebot3_gazebo/share/turtlebot3_gazebo//urdf/turtlebot3_burger.urdf
[0.186s] -- Up-to-date: /home/dylan-george/MTRX3760_Project_1/turtlebot3_ws/install/turtlebot3_gazebo/share/turtlebot3_gazebo//urdf/turtlebot3_waffle.urdf
[0.186s] -- Up-to-date: /home/dylan-george/MTRX3760_Project_1/turtlebot3_ws/install/turtlebot3_gazebo/share/turtlebot3_gazebo//urdf/turtlebot3_burger_cam.urdf
[0.186s] -- Up-to-date: /home/dylan-george/MTRX3760_Project_1/turtlebot3_ws/install/turtlebot3_gazebo/share/turtlebot3_gazebo//urdf/turtlebot3_waffle_pi.urdf
[0.187s] -- Up-to-date: /home/dylan-george/MTRX3760_Project_1/turtlebot3_ws/install/turtlebot3_gazebo/share/turtlebot3_gazebo//worlds
[0.187s] -- Up-to-date: /home/dylan-george/MTRX3760_Project_1/turtlebot3_ws/install/turtlebot3_gazebo/share/turtlebot3_gazebo//worlds/turtlebot3_dqn_stage1.world
[0.187s] -- Up-to-date: /home/dylan-george/MTRX3760_Project_1/turtlebot3_ws/install/turtlebot3_gazebo/share/turtlebot3_gazebo//worlds/enclosed_maze.world
[0.187s] -- Up-to-date: /home/dylan-george/MTRX3760_Project_1/turtlebot3_ws/install/turtlebot3_gazebo/share/turtlebot3_gazebo//worlds/turtlebot3_dqn_stage3.world
[0.187s] -- Up-to-date: /home/dylan-george/MTRX3760_Project_1/turtlebot3_ws/install/turtlebot3_gazebo/share/turtlebot3_gazebo//worlds/turtlebot3_dqn_stage2.world
[0.187s] -- Up-to-date: /home/dylan-george/MTRX3760_Project_1/turtlebot3_ws/install/turtlebot3_gazebo/share/turtlebot3_gazebo//worlds/open_maze.world
[0.187s] -- Up-to-date: /home/dylan-george/MTRX3760_Project_1/turtlebot3_ws/install/turtlebot3_gazebo/share/turtlebot3_gazebo//worlds/floating_maze.world
[0.187s] -- Up-to-date: /home/dylan-george/MTRX3760_Project_1/turtlebot3_ws/install/turtlebot3_gazebo/share/turtlebot3_gazebo//worlds/turtlebot3_autorace_2020.world
[0.187s] -- Up-to-date: /home/dylan-george/MTRX3760_Project_1/turtlebot3_ws/install/turtlebot3_gazebo/share/turtlebot3_gazebo//worlds/turtlebot3_dqn_stage4.world
[0.187s] -- Up-to-date: /home/dylan-george/MTRX3760_Project_1/turtlebot3_ws/install/turtlebot3_gazebo/include/
[0.188s] -- Up-to-date: /home/dylan-george/MTRX3760_Project_1/turtlebot3_ws/install/turtlebot3_gazebo/include//turtlebot3_gazebo
[0.188s] -- Up-to-date: /home/dylan-george/MTRX3760_Project_1/turtlebot3_ws/install/turtlebot3_gazebo/include//turtlebot3_gazebo/obstacle2.hpp
[0.188s] -- Up-to-date: /home/dylan-george/MTRX3760_Project_1/turtlebot3_ws/install/turtlebot3_gazebo/include//turtlebot3_gazebo/traffic_bar_plugin.hpp
[0.189s] -- Up-to-date: /home/dylan-george/MTRX3760_Project_1/turtlebot3_ws/install/turtlebot3_gazebo/include//turtlebot3_gazebo/CCameraRedDetector.hpp
[0.189s] -- Up-to-date: /home/dylan-george/MTRX3760_Project_1/turtlebot3_ws/install/turtlebot3_gazebo/include//turtlebot3_gazebo/CWallFollowingController.hpp
[0.189s] -- Up-to-date: /home/dylan-george/MTRX3760_Project_1/turtlebot3_ws/install/turtlebot3_gazebo/include//turtlebot3_gazebo/traffic_light_plugin.hpp
[0.189s] -- Up-to-date: /home/dylan-george/MTRX3760_Project_1/turtlebot3_ws/install/turtlebot3_gazebo/include//turtlebot3_gazebo/CPIDController.hpp
[0.189s] -- Up-to-date: /home/dylan-george/MTRX3760_Project_1/turtlebot3_ws/install/turtlebot3_gazebo/include//turtlebot3_gazebo/obstacle1.hpp
[0.189s] -- Up-to-date: /home/dylan-george/MTRX3760_Project_1/turtlebot3_ws/install/turtlebot3_gazebo/include//turtlebot3_gazebo/obstacles.hpp
[0.190s] -- Up-to-date: /home/dylan-george/MTRX3760_Project_1/turtlebot3_ws/install/turtlebot3_gazebo/include//turtlebot3_gazebo/CTurtlebot3Sensor.hpp
[0.190s] -- Up-to-date: /home/dylan-george/MTRX3760_Project_1/turtlebot3_ws/install/turtlebot3_gazebo/include//turtlebot3_gazebo/CTurtlebot3Drive.hpp
[0.190s] -- Up-to-date: /home/dylan-george/MTRX3760_Project_1/turtlebot3_ws/install/turtlebot3_gazebo/share/ament_index/resource_index/package_run_dependencies/turtlebot3_gazebo
[0.190s] -- Up-to-date: /home/dylan-george/MTRX3760_Project_1/turtlebot3_ws/install/turtlebot3_gazebo/share/ament_index/resource_index/parent_prefix_path/turtlebot3_gazebo
[0.190s] -- Up-to-date: /home/dylan-george/MTRX3760_Project_1/turtlebot3_ws/install/turtlebot3_gazebo/share/turtlebot3_gazebo/environment/ament_prefix_path.sh
[0.191s] -- Up-to-date: /home/dylan-george/MTRX3760_Project_1/turtlebot3_ws/install/turtlebot3_gazebo/share/turtlebot3_gazebo/environment/ament_prefix_path.dsv
[0.191s] -- Up-to-date: /home/dylan-george/MTRX3760_Project_1/turtlebot3_ws/install/turtlebot3_gazebo/share/turtlebot3_gazebo/environment/path.sh
[0.191s] -- Up-to-date: /home/dylan-george/MTRX3760_Project_1/turtlebot3_ws/install/turtlebot3_gazebo/share/turtlebot3_gazebo/environment/path.dsv
[0.191s] -- Up-to-date: /home/dylan-george/MTRX3760_Project_1/turtlebot3_ws/install/turtlebot3_gazebo/share/turtlebot3_gazebo/local_setup.bash
[0.191s] -- Up-to-date: /home/dylan-george/MTRX3760_Project_1/turtlebot3_ws/install/turtlebot3_gazebo/share/turtlebot3_gazebo/local_setup.sh
[0.191s] -- Up-to-date: /home/dylan-george/MTRX3760_Project_1/turtlebot3_ws/install/turtlebot3_gazebo/share/turtlebot3_gazebo/local_setup.zsh
[0.191s] -- Up-to-date: /home/dylan-george/MTRX3760_Project_1/turtlebot3_ws/install/turtlebot3_gazebo/share/turtlebot3_gazebo/local_setup.dsv
[0.191s] -- Installing: /home/dylan-george/MTRX3760_Project_1/turtlebot3_ws/install/turtlebot3_gazebo/share/turtlebot3_gazebo/package.dsv
[0.191s] -- Up-to-date: /home/dylan-george/MTRX3760_Project_1/turtlebot3_ws/install/turtlebot3_gazebo/share/ament_index/resource_index/packages/turtlebot3_gazebo
[0.192s] -- Up-to-date: /home/dylan-george/MTRX3760_Project_1/turtlebot3_ws/install/turtlebot3_gazebo/share/turtlebot3_gazebo/cmake/ament_cmake_export_include_directories-extras.cmake
[0.192s] -- Up-to-date: /home/dylan-george/MTRX3760_Project_1/turtlebot3_ws/install/turtlebot3_gazebo/share/turtlebot3_gazebo/cmake/ament_cmake_export_dependencies-extras.cmake
[0.192s] -- Up-to-date: /home/dylan-george/MTRX3760_Project_1/turtlebot3_ws/install/turtlebot3_gazebo/share/turtlebot3_gazebo/cmake/turtlebot3_gazeboConfig.cmake
[0.192s] -- Up-to-date: /home/dylan-george/MTRX3760_Project_1/turtlebot3_ws/install/turtlebot3_gazebo/share/turtlebot3_gazebo/cmake/turtlebot3_gazeboConfig-version.cmake
[0.192s] -- Up-to-date: /home/dylan-george/MTRX3760_Project_1/turtlebot3_ws/install/turtlebot3_gazebo/share/turtlebot3_gazebo/package.xml
[0.192s] Invoked command in '/home/dylan-george/MTRX3760_Project_1/turtlebot3_ws/build/turtlebot3_gazebo' returned '0': CMAKE_PREFIX_PATH=${CMAKE_PREFIX_PATH}:/home/dylan-george/MTRX3760_Project_1/turtlebot3_ws/install/turtlebot3_teleop:/home/dylan-george/MTRX3760_Project_1/turtlebot3_ws/install/turtlebot3_example:/home/dylan-george/ros2_ws/install/launch_testing_examples:/home/dylan-george/ros2_ws/install/examples_rclpy_pointcloud_publisher:/home/dylan-george/ros2_ws/install/examples_rclpy_minimal_subscriber:/home/dylan-george/ros2_ws/install/examples_rclpy_minimal_service:/home/dylan-george/ros2_ws/install/examples_rclpy_minimal_publisher:/home/dylan-george/ros2_ws/install/examples_rclpy_minimal_client:/home/dylan-george/ros2_ws/install/examples_rclpy_minimal_action_server:/home/dylan-george/ros2_ws/install/examples_rclpy_minimal_action_client:/home/dylan-george/ros2_ws/install/examples_rclpy_guard_conditions:/home/dylan-george/ros2_ws/install/examples_rclpy_executors:/opt/ros/jazzy DEBUGINFOD_URLS=https://debuginfod.ubuntu.com /usr/bin/cmake --install /home/dylan-george/MTRX3760_Project_1/turtlebot3_ws/build/turtlebot3_gazebo
