-- The C compiler identification is GNU 13.3.0
-- The CXX compiler identification is GNU 13.3.0
-- Detecting C compiler ABI info
-- Detecting C compiler ABI info - done
-- Check for working C compiler: /usr/bin/cc - skipped
-- Detecting C compile features
-- Detecting C compile features - done
-- Detecting CXX compiler ABI info
-- Detecting CXX compiler ABI info - done
-- Check for working CXX compiler: /usr/bin/c++ - skipped
-- Detecting CXX compile features
-- Detecting CXX compile features - done
-- Found ament_cmake: 2.5.4 (/opt/ros/jazzy/share/ament_cmake/cmake)
-- Found Python3: /usr/bin/python3 (found version "3.12.3") found components: Interpreter 
-- Found rclcpp: 28.1.12 (/opt/ros/jazzy/share/rclcpp/cmake)
-- Found rosidl_generator_c: 4.6.6 (/opt/ros/jazzy/share/rosidl_generator_c/cmake)
-- Found rosidl_generator_cpp: 4.6.6 (/opt/ros/jazzy/share/rosidl_generator_cpp/cmake)
-- Using all available rosidl_typesupport_c: rosidl_typesupport_fastrtps_c;rosidl_typesupport_introspection_c
-- Using all available rosidl_typesupport_cpp: rosidl_typesupport_fastrtps_cpp;rosidl_typesupport_introspection_cpp
-- Found rmw_implementation_cmake: 7.3.2 (/opt/ros/jazzy/share/rmw_implementation_cmake/cmake)
-- Found rmw_cyclonedds_cpp: 2.2.3 (/opt/ros/jazzy/share/rmw_cyclonedds_cpp/cmake)
-- Using RMW implementation 'rmw_cyclonedds_cpp' as default
-- Found std_msgs: 5.3.6 (/opt/ros/jazzy/share/std_msgs/cmake)
-- Found geometry_msgs: 5.3.6 (/opt/ros/jazzy/share/geometry_msgs/cmake)
-- Found sensor_msgs: 5.3.6 (/opt/ros/jazzy/share/sensor_msgs/cmake)
-- Found nav_msgs: 5.3.6 (/opt/ros/jazzy/share/nav_msgs/cmake)
-- Found tf2: 0.36.14 (/opt/ros/jazzy/share/tf2/cmake)
-- Found tf2_ros: 0.36.14 (/opt/ros/jazzy/share/tf2_ros/cmake)
-- Found tf2_geometry_msgs: 0.36.14 (/opt/ros/jazzy/share/tf2_geometry_msgs/cmake)
-- Found eigen3_cmake_module: 0.3.0 (/opt/ros/jazzy/share/eigen3_cmake_module/cmake)
-- Found Eigen3: TRUE (found version "3.4.0") 
-- Ensuring Eigen3 include directory is part of orocos-kdl CMake target
-- Found OpenCV: /usr (found version "4.6.0") 
-- Configuring done (1.4s)
-- Generating done (0.0s)
-- Build files have been written to: /home/filipgus/Desktop/MTRX3760_Project_2/turtlebot3_ws/build/warehouse_robot_system
[ 21%] [32mBuilding CXX object CMakeFiles/slam_module.dir/src/frontier_search.cpp.o[0m
[ 21%] [32mBuilding CXX object CMakeFiles/slam_module.dir/src/path_planner.cpp.o[0m
[ 21%] [32mBuilding CXX object CMakeFiles/slam_module.dir/src/priority_queue.cpp.o[0m
[ 28%] [32m[1mLinking CXX static library libslam_module.a[0m
[ 28%] Built target slam_module
[ 35%] [32mBuilding CXX object CMakeFiles/autonomous_slam_lib.dir/src/autonomous_slam_controller.cpp.o[0m
[ 42%] [32mBuilding CXX object CMakeFiles/warehouse_robot_system_lib.dir/src/warehouse_robot_system.cpp.o[0m
[ 50%] [32mBuilding CXX object CMakeFiles/slam_test.dir/src/slam_test.cpp.o[0m
[ 57%] [32m[1mLinking CXX static library libwarehouse_robot_system_lib.a[0m
[ 57%] Built target warehouse_robot_system_lib
[ 64%] [32mBuilding CXX object CMakeFiles/warehouse_robot_main.dir/src/warehouse_robot_main.cpp.o[0m
[ 71%] [32m[1mLinking CXX executable warehouse_robot_main[0m
[ 71%] Built target warehouse_robot_main
[ 78%] [32m[1mLinking CXX executable slam_test[0m
[ 78%] Built target slam_test
