[0.034s] Invoking command in '/home/filipgus/Desktop/MTRX3760_Project_2/turtlebot3_ws/build/dynamixel_sdk_examples': AMENT_PREFIX_PATH=/home/filipgus/Desktop/MTRX3760_Project_2/turtlebot3_ws/install/dynamixel_sdk_custom_interfaces:/home/filipgus/Desktop/MTRX3760_Project_2/turtlebot3_ws/install/dynamixel_sdk:${AMENT_PREFIX_PATH} CMAKE_PREFIX_PATH=/home/filipgus/Desktop/MTRX3760_Project_2/turtlebot3_ws/install/dynamixel_sdk_custom_interfaces:/home/filipgus/Desktop/MTRX3760_Project_2/turtlebot3_ws/install/dynamixel_sdk:/home/filipgus/turtlebot3_ws/install/turtlebot3:/home/filipgus/turtlebot3_ws/install/turtlebot3_simulations:/home/filipgus/turtlebot3_ws/install/turtlebot3_bringup:/home/filipgus/turtlebot3_ws/install/turtlebot3_node:/home/filipgus/turtlebot3_ws/install/turtlebot3_navigation2:/home/filipgus/turtlebot3_ws/install/turtlebot3_fake_node:/home/filipgus/turtlebot3_ws/install/turtlebot3_msgs:/home/filipgus/turtlebot3_ws/install/turtlebot3_gazebo:/home/filipgus/turtlebot3_ws/install/turtlebot3_description:/home/filipgus/turtlebot3_ws/install/turtlebot3_cartographer:/home/filipgus/turtlebot3_ws/install/dynamixel_sdk_examples:/home/filipgus/turtlebot3_ws/install/dynamixel_sdk_custom_interfaces:/home/filipgus/turtlebot3_ws/install/dynamixel_sdk:/opt/ros/jazzy/opt/gz_sim_vendor:/opt/ros/jazzy/opt/gz_sensors_vendor:/opt/ros/jazzy/opt/gz_physics_vendor:/opt/ros/jazzy/opt/sdformat_vendor:/opt/ros/jazzy/opt/gz_gui_vendor:/opt/ros/jazzy/opt/gz_transport_vendor:/opt/ros/jazzy/opt/gz_rendering_vendor:/opt/ros/jazzy/opt/gz_plugin_vendor:/opt/ros/jazzy/opt/gz_fuel_tools_vendor:/opt/ros/jazzy/opt/gz_msgs_vendor:/opt/ros/jazzy/opt/gz_common_vendor:/opt/ros/jazzy/opt/gz_math_vendor:/opt/ros/jazzy/opt/gz_utils_vendor:/opt/ros/jazzy/opt/gz_tools_vendor:/opt/ros/jazzy/opt/gz_ogre_next_vendor:/opt/ros/jazzy/opt/gz_dartsim_vendor:/opt/ros/jazzy/opt/gz_cmake_vendor:/home/filipgus/turtlebot3_ws/install/turtlebot3_teleop:/home/filipgus/turtlebot3_ws/install/turtlebot3_example:/opt/ros/jazzy DEBUGINFOD_URLS=https://debuginfod.ubuntu.com LD_LIBRARY_PATH=/home/filipgus/Desktop/MTRX3760_Project_2/turtlebot3_ws/install/dynamixel_sdk_custom_interfaces/lib:/home/filipgus/Desktop/MTRX3760_Project_2/turtlebot3_ws/install/dynamixel_sdk/lib:${LD_LIBRARY_PATH} PYTHONPATH=/home/filipgus/Desktop/MTRX3760_Project_2/turtlebot3_ws/install/dynamixel_sdk_custom_interfaces/lib/python3.12/site-packages:/home/filipgus/Desktop/MTRX3760_Project_2/turtlebot3_ws/install/dynamixel_sdk/lib/python3.12/site-packages:${PYTHONPATH} /usr/bin/cmake /home/filipgus/Desktop/MTRX3760_Project_2/turtlebot3_ws/src/DynamixelSDK/ros/dynamixel_sdk_examples -DCMAKE_INSTALL_PREFIX=/home/filipgus/Desktop/MTRX3760_Project_2/turtlebot3_ws/install/dynamixel_sdk_examples
[0.147s] -- The C compiler identification is GNU 13.3.0
[0.239s] -- The CXX compiler identification is GNU 13.3.0
[0.275s] -- Detecting C compiler ABI info
[0.413s] -- Detecting C compiler ABI info - done
[0.438s] -- Check for working C compiler: /usr/bin/cc - skipped
[0.442s] -- Detecting C compile features
[0.445s] -- Detecting C compile features - done
[0.463s] -- Detecting CXX compiler ABI info
[0.638s] -- Detecting CXX compiler ABI info - done
[0.655s] -- Check for working CXX compiler: /usr/bin/c++ - skipped
[0.658s] -- Detecting CXX compile features
[0.664s] -- Detecting CXX compile features - done
[0.675s] -- Found ament_cmake: 2.5.4 (/opt/ros/jazzy/share/ament_cmake/cmake)
[1.027s] -- Found Python3: /usr/bin/python3 (found version "3.12.3") found components: Interpreter 
[1.466s] -- Found dynamixel_sdk: 3.8.4 (/home/filipgus/Desktop/MTRX3760_Project_2/turtlebot3_ws/install/dynamixel_sdk/share/dynamixel_sdk/cmake)
[1.479s] -- Found dynamixel_sdk_custom_interfaces: 3.8.4 (/home/filipgus/Desktop/MTRX3760_Project_2/turtlebot3_ws/install/dynamixel_sdk_custom_interfaces/share/dynamixel_sdk_custom_interfaces/cmake)
[1.717s] -- Found rosidl_generator_c: 4.6.6 (/opt/ros/jazzy/share/rosidl_generator_c/cmake)
[1.791s] -- Found rosidl_generator_cpp: 4.6.6 (/opt/ros/jazzy/share/rosidl_generator_cpp/cmake)
[1.905s] -- Using all available rosidl_typesupport_c: rosidl_typesupport_fastrtps_c;rosidl_typesupport_introspection_c
[2.011s] -- Using all available rosidl_typesupport_cpp: rosidl_typesupport_fastrtps_cpp;rosidl_typesupport_introspection_cpp
[2.177s] -- Found rclcpp: 28.1.12 (/opt/ros/jazzy/share/rclcpp/cmake)
[2.273s] -- Found rmw_implementation_cmake: 7.3.2 (/opt/ros/jazzy/share/rmw_implementation_cmake/cmake)
[2.288s] -- Found rmw_cyclonedds_cpp: 2.2.3 (/opt/ros/jazzy/share/rmw_cyclonedds_cpp/cmake)
[2.391s] -- Using RMW implementation 'rmw_cyclonedds_cpp' as default
[2.496s] -- Found rclpy: 7.1.5 (/opt/ros/jazzy/share/rclpy/cmake)
[2.505s] -- Found ament_lint_auto: 0.17.3 (/opt/ros/jazzy/share/ament_lint_auto/cmake)
[2.732s] -- Added test 'copyright' to check source files copyright and LICENSE
[2.735s] -- Added test 'cppcheck' to perform static code analysis on C / C++ code
[2.735s] -- Configured cppcheck include dirs: /home/filipgus/Desktop/MTRX3760_Project_2/turtlebot3_ws/src/DynamixelSDK/ros/dynamixel_sdk_examples/include
[2.735s] -- Configured cppcheck exclude dirs and/or files: 
[2.738s] -- Added test 'cpplint' to check C / C++ code against the Google style
[2.738s] -- Configured cpplint exclude dirs and/or files: 
[2.741s] -- Added test 'flake8' to check Python code syntax and style conventions
[2.741s] -- Configured 'flake8' exclude dirs and/or files: 
[2.742s] -- Added test 'lint_cmake' to check CMake code style
[2.745s] -- Added test 'pep257' to check Python code against some of the docstring style conventions in PEP 257
[2.747s] -- Added test 'uncrustify' to check C / C++ code style
[2.747s] -- Configured uncrustify additional arguments: 
[2.750s] -- Added test 'xmllint' to check XML markup files
[2.750s] -- Configuring done (2.7s)
[2.773s] -- Generating done (0.0s)
[2.778s] -- Build files have been written to: /home/filipgus/Desktop/MTRX3760_Project_2/turtlebot3_ws/build/dynamixel_sdk_examples
[2.794s] Invoked command in '/home/filipgus/Desktop/MTRX3760_Project_2/turtlebot3_ws/build/dynamixel_sdk_examples' returned '0': AMENT_PREFIX_PATH=/home/filipgus/Desktop/MTRX3760_Project_2/turtlebot3_ws/install/dynamixel_sdk_custom_interfaces:/home/filipgus/Desktop/MTRX3760_Project_2/turtlebot3_ws/install/dynamixel_sdk:${AMENT_PREFIX_PATH} CMAKE_PREFIX_PATH=/home/filipgus/Desktop/MTRX3760_Project_2/turtlebot3_ws/install/dynamixel_sdk_custom_interfaces:/home/filipgus/Desktop/MTRX3760_Project_2/turtlebot3_ws/install/dynamixel_sdk:/home/filipgus/turtlebot3_ws/install/turtlebot3:/home/filipgus/turtlebot3_ws/install/turtlebot3_simulations:/home/filipgus/turtlebot3_ws/install/turtlebot3_bringup:/home/filipgus/turtlebot3_ws/install/turtlebot3_node:/home/filipgus/turtlebot3_ws/install/turtlebot3_navigation2:/home/filipgus/turtlebot3_ws/install/turtlebot3_fake_node:/home/filipgus/turtlebot3_ws/install/turtlebot3_msgs:/home/filipgus/turtlebot3_ws/install/turtlebot3_gazebo:/home/filipgus/turtlebot3_ws/install/turtlebot3_description:/home/filipgus/turtlebot3_ws/install/turtlebot3_cartographer:/home/filipgus/turtlebot3_ws/install/dynamixel_sdk_examples:/home/filipgus/turtlebot3_ws/install/dynamixel_sdk_custom_interfaces:/home/filipgus/turtlebot3_ws/install/dynamixel_sdk:/opt/ros/jazzy/opt/gz_sim_vendor:/opt/ros/jazzy/opt/gz_sensors_vendor:/opt/ros/jazzy/opt/gz_physics_vendor:/opt/ros/jazzy/opt/sdformat_vendor:/opt/ros/jazzy/opt/gz_gui_vendor:/opt/ros/jazzy/opt/gz_transport_vendor:/opt/ros/jazzy/opt/gz_rendering_vendor:/opt/ros/jazzy/opt/gz_plugin_vendor:/opt/ros/jazzy/opt/gz_fuel_tools_vendor:/opt/ros/jazzy/opt/gz_msgs_vendor:/opt/ros/jazzy/opt/gz_common_vendor:/opt/ros/jazzy/opt/gz_math_vendor:/opt/ros/jazzy/opt/gz_utils_vendor:/opt/ros/jazzy/opt/gz_tools_vendor:/opt/ros/jazzy/opt/gz_ogre_next_vendor:/opt/ros/jazzy/opt/gz_dartsim_vendor:/opt/ros/jazzy/opt/gz_cmake_vendor:/home/filipgus/turtlebot3_ws/install/turtlebot3_teleop:/home/filipgus/turtlebot3_ws/install/turtlebot3_example:/opt/ros/jazzy DEBUGINFOD_URLS=https://debuginfod.ubuntu.com LD_LIBRARY_PATH=/home/filipgus/Desktop/MTRX3760_Project_2/turtlebot3_ws/install/dynamixel_sdk_custom_interfaces/lib:/home/filipgus/Desktop/MTRX3760_Project_2/turtlebot3_ws/install/dynamixel_sdk/lib:${LD_LIBRARY_PATH} PYTHONPATH=/home/filipgus/Desktop/MTRX3760_Project_2/turtlebot3_ws/install/dynamixel_sdk_custom_interfaces/lib/python3.12/site-packages:/home/filipgus/Desktop/MTRX3760_Project_2/turtlebot3_ws/install/dynamixel_sdk/lib/python3.12/site-packages:${PYTHONPATH} /usr/bin/cmake /home/filipgus/Desktop/MTRX3760_Project_2/turtlebot3_ws/src/DynamixelSDK/ros/dynamixel_sdk_examples -DCMAKE_INSTALL_PREFIX=/home/filipgus/Desktop/MTRX3760_Project_2/turtlebot3_ws/install/dynamixel_sdk_examples
[2.797s] Invoking command in '/home/filipgus/Desktop/MTRX3760_Project_2/turtlebot3_ws/build/dynamixel_sdk_examples': AMENT_PREFIX_PATH=/home/filipgus/Desktop/MTRX3760_Project_2/turtlebot3_ws/install/dynamixel_sdk_custom_interfaces:/home/filipgus/Desktop/MTRX3760_Project_2/turtlebot3_ws/install/dynamixel_sdk:${AMENT_PREFIX_PATH} CMAKE_PREFIX_PATH=/home/filipgus/Desktop/MTRX3760_Project_2/turtlebot3_ws/install/dynamixel_sdk_custom_interfaces:/home/filipgus/Desktop/MTRX3760_Project_2/turtlebot3_ws/install/dynamixel_sdk:/home/filipgus/turtlebot3_ws/install/turtlebot3:/home/filipgus/turtlebot3_ws/install/turtlebot3_simulations:/home/filipgus/turtlebot3_ws/install/turtlebot3_bringup:/home/filipgus/turtlebot3_ws/install/turtlebot3_node:/home/filipgus/turtlebot3_ws/install/turtlebot3_navigation2:/home/filipgus/turtlebot3_ws/install/turtlebot3_fake_node:/home/filipgus/turtlebot3_ws/install/turtlebot3_msgs:/home/filipgus/turtlebot3_ws/install/turtlebot3_gazebo:/home/filipgus/turtlebot3_ws/install/turtlebot3_description:/home/filipgus/turtlebot3_ws/install/turtlebot3_cartographer:/home/filipgus/turtlebot3_ws/install/dynamixel_sdk_examples:/home/filipgus/turtlebot3_ws/install/dynamixel_sdk_custom_interfaces:/home/filipgus/turtlebot3_ws/install/dynamixel_sdk:/opt/ros/jazzy/opt/gz_sim_vendor:/opt/ros/jazzy/opt/gz_sensors_vendor:/opt/ros/jazzy/opt/gz_physics_vendor:/opt/ros/jazzy/opt/sdformat_vendor:/opt/ros/jazzy/opt/gz_gui_vendor:/opt/ros/jazzy/opt/gz_transport_vendor:/opt/ros/jazzy/opt/gz_rendering_vendor:/opt/ros/jazzy/opt/gz_plugin_vendor:/opt/ros/jazzy/opt/gz_fuel_tools_vendor:/opt/ros/jazzy/opt/gz_msgs_vendor:/opt/ros/jazzy/opt/gz_common_vendor:/opt/ros/jazzy/opt/gz_math_vendor:/opt/ros/jazzy/opt/gz_utils_vendor:/opt/ros/jazzy/opt/gz_tools_vendor:/opt/ros/jazzy/opt/gz_ogre_next_vendor:/opt/ros/jazzy/opt/gz_dartsim_vendor:/opt/ros/jazzy/opt/gz_cmake_vendor:/home/filipgus/turtlebot3_ws/install/turtlebot3_teleop:/home/filipgus/turtlebot3_ws/install/turtlebot3_example:/opt/ros/jazzy DEBUGINFOD_URLS=https://debuginfod.ubuntu.com LD_LIBRARY_PATH=/home/filipgus/Desktop/MTRX3760_Project_2/turtlebot3_ws/install/dynamixel_sdk_custom_interfaces/lib:/home/filipgus/Desktop/MTRX3760_Project_2/turtlebot3_ws/install/dynamixel_sdk/lib:${LD_LIBRARY_PATH} PYTHONPATH=/home/filipgus/Desktop/MTRX3760_Project_2/turtlebot3_ws/install/dynamixel_sdk_custom_interfaces/lib/python3.12/site-packages:/home/filipgus/Desktop/MTRX3760_Project_2/turtlebot3_ws/install/dynamixel_sdk/lib/python3.12/site-packages:${PYTHONPATH} /usr/bin/cmake --build /home/filipgus/Desktop/MTRX3760_Project_2/turtlebot3_ws/build/dynamixel_sdk_examples -- -j8 -l8
[2.850s] [ 50%] [32mBuilding CXX object CMakeFiles/read_write_node.dir/src/read_write_node.cpp.o[0m
[8.639s] [100%] [32m[1mLinking CXX executable read_write_node[0m
