[0.008s] Invoking command in '/home/filipgus/Desktop/MTRX3760_Project_2/turtlebot3_ws/build/turtlebot3_cartographer': CMAKE_PREFIX_PATH=${CMAKE_PREFIX_PATH}:/home/filipgus/turtlebot3_ws/install/turtlebot3_teleop:/home/filipgus/turtlebot3_ws/install/turtlebot3_example:/opt/ros/jazzy DEBUGINFOD_URLS=https://debuginfod.ubuntu.com /usr/bin/cmake --build /home/filipgus/Desktop/MTRX3760_Project_2/turtlebot3_ws/build/turtlebot3_cartographer
[0.042s] Invoked command in '/home/filipgus/Desktop/MTRX3760_Project_2/turtlebot3_ws/build/turtlebot3_cartographer' returned '0': CMAKE_PREFIX_PATH=${CMAKE_PREFIX_PATH}:/home/filipgus/turtlebot3_ws/install/turtlebot3_teleop:/home/filipgus/turtlebot3_ws/install/turtlebot3_example:/opt/ros/jazzy DEBUGINFOD_URLS=https://debuginfod.ubuntu.com /usr/bin/cmake --build /home/filipgus/Desktop/MTRX3760_Project_2/turtlebot3_ws/build/turtlebot3_cartographer
[0.043s] Invoking command in '/home/filipgus/Desktop/MTRX3760_Project_2/turtlebot3_ws/build/turtlebot3_cartographer': CMAKE_PREFIX_PATH=${CMAKE_PREFIX_PATH}:/home/filipgus/turtlebot3_ws/install/turtlebot3_teleop:/home/filipgus/turtlebot3_ws/install/turtlebot3_example:/opt/ros/jazzy DEBUGINFOD_URLS=https://debuginfod.ubuntu.com /usr/bin/cmake --install /home/filipgus/Desktop/MTRX3760_Project_2/turtlebot3_ws/build/turtlebot3_cartographer
[0.054s] -- Install configuration: ""
[0.054s] -- Up-to-date: /home/filipgus/Desktop/MTRX3760_Project_2/turtlebot3_ws/install/turtlebot3_cartographer/share/turtlebot3_cartographer/config
[0.054s] -- Up-to-date: /home/filipgus/Desktop/MTRX3760_Project_2/turtlebot3_ws/install/turtlebot3_cartographer/share/turtlebot3_cartographer/config/turtlebot3_lds_2d.lua
[0.054s] -- Up-to-date: /home/filipgus/Desktop/MTRX3760_Project_2/turtlebot3_ws/install/turtlebot3_cartographer/share/turtlebot3_cartographer/launch
[0.054s] -- Up-to-date: /home/filipgus/Desktop/MTRX3760_Project_2/turtlebot3_ws/install/turtlebot3_cartographer/share/turtlebot3_cartographer/launch/occupancy_grid.launch.py
[0.054s] -- Up-to-date: /home/filipgus/Desktop/MTRX3760_Project_2/turtlebot3_ws/install/turtlebot3_cartographer/share/turtlebot3_cartographer/launch/cartographer.launch.py
[0.054s] -- Up-to-date: /home/filipgus/Desktop/MTRX3760_Project_2/turtlebot3_ws/install/turtlebot3_cartographer/share/turtlebot3_cartographer/rviz
[0.054s] -- Up-to-date: /home/filipgus/Desktop/MTRX3760_Project_2/turtlebot3_ws/install/turtlebot3_cartographer/share/turtlebot3_cartographer/rviz/tb3_cartographer.rviz
[0.055s] -- Up-to-date: /home/filipgus/Desktop/MTRX3760_Project_2/turtlebot3_ws/install/turtlebot3_cartographer/share/ament_index/resource_index/package_run_dependencies/turtlebot3_cartographer
[0.055s] -- Up-to-date: /home/filipgus/Desktop/MTRX3760_Project_2/turtlebot3_ws/install/turtlebot3_cartographer/share/ament_index/resource_index/parent_prefix_path/turtlebot3_cartographer
[0.055s] -- Up-to-date: /home/filipgus/Desktop/MTRX3760_Project_2/turtlebot3_ws/install/turtlebot3_cartographer/share/turtlebot3_cartographer/environment/ament_prefix_path.sh
[0.055s] -- Up-to-date: /home/filipgus/Desktop/MTRX3760_Project_2/turtlebot3_ws/install/turtlebot3_cartographer/share/turtlebot3_cartographer/environment/ament_prefix_path.dsv
[0.055s] -- Up-to-date: /home/filipgus/Desktop/MTRX3760_Project_2/turtlebot3_ws/install/turtlebot3_cartographer/share/turtlebot3_cartographer/environment/path.sh
[0.055s] -- Up-to-date: /home/filipgus/Desktop/MTRX3760_Project_2/turtlebot3_ws/install/turtlebot3_cartographer/share/turtlebot3_cartographer/environment/path.dsv
[0.055s] -- Up-to-date: /home/filipgus/Desktop/MTRX3760_Project_2/turtlebot3_ws/install/turtlebot3_cartographer/share/turtlebot3_cartographer/local_setup.bash
[0.055s] -- Up-to-date: /home/filipgus/Desktop/MTRX3760_Project_2/turtlebot3_ws/install/turtlebot3_cartographer/share/turtlebot3_cartographer/local_setup.sh
[0.055s] -- Up-to-date: /home/filipgus/Desktop/MTRX3760_Project_2/turtlebot3_ws/install/turtlebot3_cartographer/share/turtlebot3_cartographer/local_setup.zsh
[0.056s] -- Up-to-date: /home/filipgus/Desktop/MTRX3760_Project_2/turtlebot3_ws/install/turtlebot3_cartographer/share/turtlebot3_cartographer/local_setup.dsv
[0.056s] -- Installing: /home/filipgus/Desktop/MTRX3760_Project_2/turtlebot3_ws/install/turtlebot3_cartographer/share/turtlebot3_cartographer/package.dsv
[0.056s] -- Up-to-date: /home/filipgus/Desktop/MTRX3760_Project_2/turtlebot3_ws/install/turtlebot3_cartographer/share/ament_index/resource_index/packages/turtlebot3_cartographer
[0.057s] -- Up-to-date: /home/filipgus/Desktop/MTRX3760_Project_2/turtlebot3_ws/install/turtlebot3_cartographer/share/turtlebot3_cartographer/cmake/turtlebot3_cartographerConfig.cmake
[0.057s] -- Up-to-date: /home/filipgus/Desktop/MTRX3760_Project_2/turtlebot3_ws/install/turtlebot3_cartographer/share/turtlebot3_cartographer/cmake/turtlebot3_cartographerConfig-version.cmake
[0.058s] -- Up-to-date: /home/filipgus/Desktop/MTRX3760_Project_2/turtlebot3_ws/install/turtlebot3_cartographer/share/turtlebot3_cartographer/package.xml
[0.058s] Invoked command in '/home/filipgus/Desktop/MTRX3760_Project_2/turtlebot3_ws/build/turtlebot3_cartographer' returned '0': CMAKE_PREFIX_PATH=${CMAKE_PREFIX_PATH}:/home/filipgus/turtlebot3_ws/install/turtlebot3_teleop:/home/filipgus/turtlebot3_ws/install/turtlebot3_example:/opt/ros/jazzy DEBUGINFOD_URLS=https://debuginfod.ubuntu.com /usr/bin/cmake --install /home/filipgus/Desktop/MTRX3760_Project_2/turtlebot3_ws/build/turtlebot3_cartographer
