[0.463s] Invoking command in '/home/filipgus/Desktop/MTRX3760_Project_2/turtlebot3_ws/src/turtlebot3/turtlebot3_teleop': DEBUGINFOD_URLS=https://debuginfod.ubuntu.com PYTHONPATH=/home/filipgus/Desktop/MTRX3760_Project_2/turtlebot3_ws/build/turtlebot3_teleop/prefix_override:/usr/lib/python3/dist-packages/colcon_core/task/python/colcon_distutils_commands:/home/filipgus/Desktop/MTRX3760_Project_2/turtlebot3_ws/install/turtlebot3_teleop/lib/python3.12/site-packages:${PYTHONPATH} /usr/bin/python3 -W ignore:setup.py install is deprecated -W ignore:easy_install command is deprecated setup.py egg_info --egg-base ../../../build/turtlebot3_teleop build --build-base /home/filipgus/Desktop/MTRX3760_Project_2/turtlebot3_ws/build/turtlebot3_teleop/build install --record /home/filipgus/Desktop/MTRX3760_Project_2/turtlebot3_ws/build/turtlebot3_teleop/install.log --single-version-externally-managed install_data
[0.594s] running egg_info
[0.603s] writing ../../../build/turtlebot3_teleop/turtlebot3_teleop.egg-info/PKG-INFO
[0.603s] writing dependency_links to ../../../build/turtlebot3_teleop/turtlebot3_teleop.egg-info/dependency_links.txt
[0.603s] writing entry points to ../../../build/turtlebot3_teleop/turtlebot3_teleop.egg-info/entry_points.txt
[0.603s] writing requirements to ../../../build/turtlebot3_teleop/turtlebot3_teleop.egg-info/requires.txt
[0.603s] writing top-level names to ../../../build/turtlebot3_teleop/turtlebot3_teleop.egg-info/top_level.txt
[0.622s] reading manifest file '../../../build/turtlebot3_teleop/turtlebot3_teleop.egg-info/SOURCES.txt'
[0.622s] writing manifest file '../../../build/turtlebot3_teleop/turtlebot3_teleop.egg-info/SOURCES.txt'
[0.622s] running build
[0.622s] running build_py
[0.623s] running install
[0.626s] running install_lib
[0.636s] running install_data
[0.636s] running install_egg_info
[0.646s] removing '/home/filipgus/Desktop/MTRX3760_Project_2/turtlebot3_ws/install/turtlebot3_teleop/lib/python3.12/site-packages/turtlebot3_teleop-2.3.3-py3.12.egg-info' (and everything under it)
[0.646s] Copying ../../../build/turtlebot3_teleop/turtlebot3_teleop.egg-info to /home/filipgus/Desktop/MTRX3760_Project_2/turtlebot3_ws/install/turtlebot3_teleop/lib/python3.12/site-packages/turtlebot3_teleop-2.3.3-py3.12.egg-info
[0.646s] running install_scripts
[0.711s] Installing teleop_keyboard script to /home/filipgus/Desktop/MTRX3760_Project_2/turtlebot3_ws/install/turtlebot3_teleop/lib/turtlebot3_teleop
[0.712s] writing list of installed files to '/home/filipgus/Desktop/MTRX3760_Project_2/turtlebot3_ws/build/turtlebot3_teleop/install.log'
[0.730s] Invoked command in '/home/filipgus/Desktop/MTRX3760_Project_2/turtlebot3_ws/src/turtlebot3/turtlebot3_teleop' returned '0': DEBUGINFOD_URLS=https://debuginfod.ubuntu.com PYTHONPATH=/home/filipgus/Desktop/MTRX3760_Project_2/turtlebot3_ws/build/turtlebot3_teleop/prefix_override:/usr/lib/python3/dist-packages/colcon_core/task/python/colcon_distutils_commands:/home/filipgus/Desktop/MTRX3760_Project_2/turtlebot3_ws/install/turtlebot3_teleop/lib/python3.12/site-packages:${PYTHONPATH} /usr/bin/python3 -W ignore:setup.py install is deprecated -W ignore:easy_install command is deprecated setup.py egg_info --egg-base ../../../build/turtlebot3_teleop build --build-base /home/filipgus/Desktop/MTRX3760_Project_2/turtlebot3_ws/build/turtlebot3_teleop/build install --record /home/filipgus/Desktop/MTRX3760_Project_2/turtlebot3_ws/build/turtlebot3_teleop/install.log --single-version-externally-managed install_data
