[0.009s] Invoking command in '/home/filipgus/Desktop/MTRX3760_Project_2/turtlebot3_ws/build/warehouse_robot_system': CMAKE_PREFIX_PATH=${CMAKE_PREFIX_PATH}:/home/filipgus/turtlebot3_ws/install/turtlebot3_teleop:/home/filipgus/turtlebot3_ws/install/turtlebot3_example:/opt/ros/jazzy DEBUGINFOD_URLS=https://debuginfod.ubuntu.com /usr/bin/cmake --build /home/filipgus/Desktop/MTRX3760_Project_2/turtlebot3_ws/build/warehouse_robot_system
[0.068s] [ 28%] Built target slam_module
[0.102s] [ 42%] Built target autonomous_slam_lib
[0.129s] [ 57%] Built target warehouse_robot_system_lib
[0.152s] [ 71%] Built target warehouse_robot_main
[0.183s] [ 85%] Built target slam_test
[0.224s] [100%] Built target autonomous_slam_main
[0.236s] Invoked command in '/home/filipgus/Desktop/MTRX3760_Project_2/turtlebot3_ws/build/warehouse_robot_system' returned '0': CMAKE_PREFIX_PATH=${CMAKE_PREFIX_PATH}:/home/filipgus/turtlebot3_ws/install/turtlebot3_teleop:/home/filipgus/turtlebot3_ws/install/turtlebot3_example:/opt/ros/jazzy DEBUGINFOD_URLS=https://debuginfod.ubuntu.com /usr/bin/cmake --build /home/filipgus/Desktop/MTRX3760_Project_2/turtlebot3_ws/build/warehouse_robot_system
[0.237s] Invoking command in '/home/filipgus/Desktop/MTRX3760_Project_2/turtlebot3_ws/build/warehouse_robot_system': CMAKE_PREFIX_PATH=${CMAKE_PREFIX_PATH}:/home/filipgus/turtlebot3_ws/install/turtlebot3_teleop:/home/filipgus/turtlebot3_ws/install/turtlebot3_example:/opt/ros/jazzy DEBUGINFOD_URLS=https://debuginfod.ubuntu.com /usr/bin/cmake --install /home/filipgus/Desktop/MTRX3760_Project_2/turtlebot3_ws/build/warehouse_robot_system
[0.247s] -- Install configuration: ""
[0.247s] -- Up-to-date: /home/filipgus/Desktop/MTRX3760_Project_2/turtlebot3_ws/install/warehouse_robot_system/lib/warehouse_robot_system/libslam_module.a
[0.247s] -- Up-to-date: /home/filipgus/Desktop/MTRX3760_Project_2/turtlebot3_ws/install/warehouse_robot_system/lib/warehouse_robot_system/libautonomous_slam_lib.a
[0.247s] -- Up-to-date: /home/filipgus/Desktop/MTRX3760_Project_2/turtlebot3_ws/install/warehouse_robot_system/lib/warehouse_robot_system/libwarehouse_robot_system_lib.a
[0.247s] -- Up-to-date: /home/filipgus/Desktop/MTRX3760_Project_2/turtlebot3_ws/install/warehouse_robot_system/lib/warehouse_robot_system/warehouse_robot_main
[0.247s] -- Up-to-date: /home/filipgus/Desktop/MTRX3760_Project_2/turtlebot3_ws/install/warehouse_robot_system/lib/warehouse_robot_system/slam_test
[0.248s] -- Up-to-date: /home/filipgus/Desktop/MTRX3760_Project_2/turtlebot3_ws/install/warehouse_robot_system/lib/warehouse_robot_system/autonomous_slam_main
[0.249s] -- Up-to-date: /home/filipgus/Desktop/MTRX3760_Project_2/turtlebot3_ws/install/warehouse_robot_system/include/
[0.249s] -- Up-to-date: /home/filipgus/Desktop/MTRX3760_Project_2/turtlebot3_ws/install/warehouse_robot_system/include//slam_types.hpp
[0.249s] -- Up-to-date: /home/filipgus/Desktop/MTRX3760_Project_2/turtlebot3_ws/install/warehouse_robot_system/include//autonomous_slam_controller.hpp
[0.249s] -- Up-to-date: /home/filipgus/Desktop/MTRX3760_Project_2/turtlebot3_ws/install/warehouse_robot_system/include//warehouse_robot_system.hpp
[0.249s] -- Up-to-date: /home/filipgus/Desktop/MTRX3760_Project_2/turtlebot3_ws/install/warehouse_robot_system/include//path_planner.hpp
[0.250s] -- Up-to-date: /home/filipgus/Desktop/MTRX3760_Project_2/turtlebot3_ws/install/warehouse_robot_system/include//frontier_search.hpp
[0.250s] -- Up-to-date: /home/filipgus/Desktop/MTRX3760_Project_2/turtlebot3_ws/install/warehouse_robot_system/include//priority_queue.hpp
[0.250s] -- Up-to-date: /home/filipgus/Desktop/MTRX3760_Project_2/turtlebot3_ws/install/warehouse_robot_system/share/warehouse_robot_system/launch/
[0.250s] -- Up-to-date: /home/filipgus/Desktop/MTRX3760_Project_2/turtlebot3_ws/install/warehouse_robot_system/share/warehouse_robot_system/launch//spawn_turtlebot3_autonomous.launch.py
[0.250s] -- Up-to-date: /home/filipgus/Desktop/MTRX3760_Project_2/turtlebot3_ws/install/warehouse_robot_system/share/warehouse_robot_system/environment/library_path.sh
[0.250s] -- Up-to-date: /home/filipgus/Desktop/MTRX3760_Project_2/turtlebot3_ws/install/warehouse_robot_system/share/warehouse_robot_system/environment/library_path.dsv
[0.250s] -- Up-to-date: /home/filipgus/Desktop/MTRX3760_Project_2/turtlebot3_ws/install/warehouse_robot_system/share/ament_index/resource_index/package_run_dependencies/warehouse_robot_system
[0.251s] -- Up-to-date: /home/filipgus/Desktop/MTRX3760_Project_2/turtlebot3_ws/install/warehouse_robot_system/share/ament_index/resource_index/parent_prefix_path/warehouse_robot_system
[0.251s] -- Up-to-date: /home/filipgus/Desktop/MTRX3760_Project_2/turtlebot3_ws/install/warehouse_robot_system/share/warehouse_robot_system/environment/ament_prefix_path.sh
[0.251s] -- Up-to-date: /home/filipgus/Desktop/MTRX3760_Project_2/turtlebot3_ws/install/warehouse_robot_system/share/warehouse_robot_system/environment/ament_prefix_path.dsv
[0.251s] -- Up-to-date: /home/filipgus/Desktop/MTRX3760_Project_2/turtlebot3_ws/install/warehouse_robot_system/share/warehouse_robot_system/environment/path.sh
[0.251s] -- Up-to-date: /home/filipgus/Desktop/MTRX3760_Project_2/turtlebot3_ws/install/warehouse_robot_system/share/warehouse_robot_system/environment/path.dsv
[0.251s] -- Up-to-date: /home/filipgus/Desktop/MTRX3760_Project_2/turtlebot3_ws/install/warehouse_robot_system/share/warehouse_robot_system/local_setup.bash
[0.251s] -- Up-to-date: /home/filipgus/Desktop/MTRX3760_Project_2/turtlebot3_ws/install/warehouse_robot_system/share/warehouse_robot_system/local_setup.sh
[0.251s] -- Up-to-date: /home/filipgus/Desktop/MTRX3760_Project_2/turtlebot3_ws/install/warehouse_robot_system/share/warehouse_robot_system/local_setup.zsh
[0.251s] -- Up-to-date: /home/filipgus/Desktop/MTRX3760_Project_2/turtlebot3_ws/install/warehouse_robot_system/share/warehouse_robot_system/local_setup.dsv
[0.251s] -- Installing: /home/filipgus/Desktop/MTRX3760_Project_2/turtlebot3_ws/install/warehouse_robot_system/share/warehouse_robot_system/package.dsv
[0.251s] -- Up-to-date: /home/filipgus/Desktop/MTRX3760_Project_2/turtlebot3_ws/install/warehouse_robot_system/share/ament_index/resource_index/packages/warehouse_robot_system
[0.251s] -- Up-to-date: /home/filipgus/Desktop/MTRX3760_Project_2/turtlebot3_ws/install/warehouse_robot_system/share/warehouse_robot_system/cmake/ament_cmake_export_include_directories-extras.cmake
[0.251s] -- Up-to-date: /home/filipgus/Desktop/MTRX3760_Project_2/turtlebot3_ws/install/warehouse_robot_system/share/warehouse_robot_system/cmake/ament_cmake_export_libraries-extras.cmake
[0.251s] -- Up-to-date: /home/filipgus/Desktop/MTRX3760_Project_2/turtlebot3_ws/install/warehouse_robot_system/share/warehouse_robot_system/cmake/ament_cmake_export_dependencies-extras.cmake
[0.251s] -- Up-to-date: /home/filipgus/Desktop/MTRX3760_Project_2/turtlebot3_ws/install/warehouse_robot_system/share/warehouse_robot_system/cmake/warehouse_robot_systemConfig.cmake
[0.251s] -- Up-to-date: /home/filipgus/Desktop/MTRX3760_Project_2/turtlebot3_ws/install/warehouse_robot_system/share/warehouse_robot_system/cmake/warehouse_robot_systemConfig-version.cmake
[0.251s] -- Up-to-date: /home/filipgus/Desktop/MTRX3760_Project_2/turtlebot3_ws/install/warehouse_robot_system/share/warehouse_robot_system/package.xml
[0.251s] Invoked command in '/home/filipgus/Desktop/MTRX3760_Project_2/turtlebot3_ws/build/warehouse_robot_system' returned '0': CMAKE_PREFIX_PATH=${CMAKE_PREFIX_PATH}:/home/filipgus/turtlebot3_ws/install/turtlebot3_teleop:/home/filipgus/turtlebot3_ws/install/turtlebot3_example:/opt/ros/jazzy DEBUGINFOD_URLS=https://debuginfod.ubuntu.com /usr/bin/cmake --install /home/filipgus/Desktop/MTRX3760_Project_2/turtlebot3_ws/build/warehouse_robot_system
