[0.445s] Invoking command in '/home/filipgus/Desktop/MTRX3760_Project_2/turtlebot3_ws/src/turtlebot3/turtlebot3_example': AMENT_PREFIX_PATH=/home/filipgus/Desktop/MTRX3760_Project_2/turtlebot3_ws/install/turtlebot3_msgs:${AMENT_PREFIX_PATH} CMAKE_PREFIX_PATH=/home/filipgus/Desktop/MTRX3760_Project_2/turtlebot3_ws/install/turtlebot3_msgs:${CMAKE_PREFIX_PATH} DEBUGINFOD_URLS=https://debuginfod.ubuntu.com LD_LIBRARY_PATH=/home/filipgus/Desktop/MTRX3760_Project_2/turtlebot3_ws/install/turtlebot3_msgs/lib:${LD_LIBRARY_PATH} PYTHONPATH=/home/filipgus/Desktop/MTRX3760_Project_2/turtlebot3_ws/build/turtlebot3_example/prefix_override:/usr/lib/python3/dist-packages/colcon_core/task/python/colcon_distutils_commands:/home/filipgus/Desktop/MTRX3760_Project_2/turtlebot3_ws/install/turtlebot3_example/lib/python3.12/site-packages:/home/filipgus/Desktop/MTRX3760_Project_2/turtlebot3_ws/install/turtlebot3_msgs/lib/python3.12/site-packages:${PYTHONPATH} /usr/bin/python3 -W ignore:setup.py install is deprecated -W ignore:easy_install command is deprecated setup.py egg_info --egg-base ../../../build/turtlebot3_example build --build-base /home/filipgus/Desktop/MTRX3760_Project_2/turtlebot3_ws/build/turtlebot3_example/build install --record /home/filipgus/Desktop/MTRX3760_Project_2/turtlebot3_ws/build/turtlebot3_example/install.log --single-version-externally-managed install_data
[0.593s] running egg_info
[0.602s] writing ../../../build/turtlebot3_example/turtlebot3_example.egg-info/PKG-INFO
[0.602s] writing dependency_links to ../../../build/turtlebot3_example/turtlebot3_example.egg-info/dependency_links.txt
[0.602s] writing entry points to ../../../build/turtlebot3_example/turtlebot3_example.egg-info/entry_points.txt
[0.602s] writing requirements to ../../../build/turtlebot3_example/turtlebot3_example.egg-info/requires.txt
[0.602s] writing top-level names to ../../../build/turtlebot3_example/turtlebot3_example.egg-info/top_level.txt
[0.620s] reading manifest file '../../../build/turtlebot3_example/turtlebot3_example.egg-info/SOURCES.txt'
[0.621s] writing manifest file '../../../build/turtlebot3_example/turtlebot3_example.egg-info/SOURCES.txt'
[0.621s] running build
[0.621s] running build_py
[0.621s] running install
[0.625s] running install_lib
[0.635s] running install_data
[0.635s] running install_egg_info
[0.644s] removing '/home/filipgus/Desktop/MTRX3760_Project_2/turtlebot3_ws/install/turtlebot3_example/lib/python3.12/site-packages/turtlebot3_example-2.3.3-py3.12.egg-info' (and everything under it)
[0.645s] Copying ../../../build/turtlebot3_example/turtlebot3_example.egg-info to /home/filipgus/Desktop/MTRX3760_Project_2/turtlebot3_ws/install/turtlebot3_example/lib/python3.12/site-packages/turtlebot3_example-2.3.3-py3.12.egg-info
[0.645s] running install_scripts
[0.710s] Installing turtlebot3_absolute_move script to /home/filipgus/Desktop/MTRX3760_Project_2/turtlebot3_ws/install/turtlebot3_example/lib/turtlebot3_example
[0.711s] Installing turtlebot3_interactive_marker script to /home/filipgus/Desktop/MTRX3760_Project_2/turtlebot3_ws/install/turtlebot3_example/lib/turtlebot3_example
[0.711s] Installing turtlebot3_obstacle_detection script to /home/filipgus/Desktop/MTRX3760_Project_2/turtlebot3_ws/install/turtlebot3_example/lib/turtlebot3_example
[0.711s] Installing turtlebot3_patrol_client script to /home/filipgus/Desktop/MTRX3760_Project_2/turtlebot3_ws/install/turtlebot3_example/lib/turtlebot3_example
[0.711s] Installing turtlebot3_patrol_server script to /home/filipgus/Desktop/MTRX3760_Project_2/turtlebot3_ws/install/turtlebot3_example/lib/turtlebot3_example
[0.711s] Installing turtlebot3_relative_move script to /home/filipgus/Desktop/MTRX3760_Project_2/turtlebot3_ws/install/turtlebot3_example/lib/turtlebot3_example
[0.711s] writing list of installed files to '/home/filipgus/Desktop/MTRX3760_Project_2/turtlebot3_ws/build/turtlebot3_example/install.log'
[0.728s] Invoked command in '/home/filipgus/Desktop/MTRX3760_Project_2/turtlebot3_ws/src/turtlebot3/turtlebot3_example' returned '0': AMENT_PREFIX_PATH=/home/filipgus/Desktop/MTRX3760_Project_2/turtlebot3_ws/install/turtlebot3_msgs:${AMENT_PREFIX_PATH} CMAKE_PREFIX_PATH=/home/filipgus/Desktop/MTRX3760_Project_2/turtlebot3_ws/install/turtlebot3_msgs:${CMAKE_PREFIX_PATH} DEBUGINFOD_URLS=https://debuginfod.ubuntu.com LD_LIBRARY_PATH=/home/filipgus/Desktop/MTRX3760_Project_2/turtlebot3_ws/install/turtlebot3_msgs/lib:${LD_LIBRARY_PATH} PYTHONPATH=/home/filipgus/Desktop/MTRX3760_Project_2/turtlebot3_ws/build/turtlebot3_example/prefix_override:/usr/lib/python3/dist-packages/colcon_core/task/python/colcon_distutils_commands:/home/filipgus/Desktop/MTRX3760_Project_2/turtlebot3_ws/install/turtlebot3_example/lib/python3.12/site-packages:/home/filipgus/Desktop/MTRX3760_Project_2/turtlebot3_ws/install/turtlebot3_msgs/lib/python3.12/site-packages:${PYTHONPATH} /usr/bin/python3 -W ignore:setup.py install is deprecated -W ignore:easy_install command is deprecated setup.py egg_info --egg-base ../../../build/turtlebot3_example build --build-base /home/filipgus/Desktop/MTRX3760_Project_2/turtlebot3_ws/build/turtlebot3_example/build install --record /home/filipgus/Desktop/MTRX3760_Project_2/turtlebot3_ws/build/turtlebot3_example/install.log --single-version-externally-managed install_data
