[0.012s] Invoking command in '/home/filipgus/Desktop/MTRX3760_Project_2/turtlebot3_ws/build/warehouse_robot_system': CMAKE_PREFIX_PATH=${CMAKE_PREFIX_PATH}:/home/filipgus/turtlebot3_ws/install/turtlebot3_teleop:/home/filipgus/turtlebot3_ws/install/turtlebot3_example:/opt/ros/jazzy DEBUGINFOD_URLS=https://debuginfod.ubuntu.com /usr/bin/cmake --build /home/filipgus/Desktop/MTRX3760_Project_2/turtlebot3_ws/build/warehouse_robot_system
[0.136s] [ 28%] Built target slam_module
[0.194s] [ 35%] [32mBuilding CXX object CMakeFiles/autonomous_slam_lib.dir/src/autonomous_slam_controller.cpp.o[0m
[2.211s] [01m[K/home/filipgus/Desktop/MTRX3760_Project_2/turtlebot3_ws/src/turtlebot3_simulations/warehouse_robot_system/src/autonomous_slam_controller.cpp:[m[K In member function ‘[01m[Kvoid slam::AutonomousSlamController::[01;32m[KodomCallback[m[K(nav_msgs::msg::Odometry_<std::allocator<void> >::SharedPtr)[m[K’:
[2.211s] [01m[K/home/filipgus/Desktop/MTRX3760_Project_2/turtlebot3_ws/src/turtlebot3_simulations/warehouse_robot_system/src/autonomous_slam_controller.cpp:633:86:[m[K [01;35m[Kwarning: [m[Kunused parameter ‘[01m[Kmsg[m[K’ [[01;35m[K]8;;https://gcc.gnu.org/onlinedocs/gcc/Warning-Options.html#index-Wunused-parameter-Wunused-parameter]8;;[m[K]
[2.211s]   633 | void AutonomousSlamController::odomCallback([01;35m[Kconst nav_msgs::msg::Odometry::SharedPtr msg[m[K) {
[2.211s]       |                                             [01;35m[K~~~~~~~~~~~~~~~~~~~~~~~~~~~~~~~~~~~~~~~~~^~~[m[K
[7.648s] [ 42%] [32m[1mLinking CXX static library libautonomous_slam_lib.a[0m
[7.882s] [ 42%] Built target autonomous_slam_lib
[7.904s] [ 57%] Built target warehouse_robot_system_lib
[7.927s] [ 71%] Built target warehouse_robot_main
[7.951s] [ 85%] Built target slam_test
[7.976s] [ 92%] [32mBuilding CXX object CMakeFiles/autonomous_slam_main.dir/src/autonomous_slam_main.cpp.o[0m
[10.435s] [100%] [32m[1mLinking CXX executable autonomous_slam_main[0m
[11.031s] [100%] Built target autonomous_slam_main
[11.038s] Invoked command in '/home/filipgus/Desktop/MTRX3760_Project_2/turtlebot3_ws/build/warehouse_robot_system' returned '0': CMAKE_PREFIX_PATH=${CMAKE_PREFIX_PATH}:/home/filipgus/turtlebot3_ws/install/turtlebot3_teleop:/home/filipgus/turtlebot3_ws/install/turtlebot3_example:/opt/ros/jazzy DEBUGINFOD_URLS=https://debuginfod.ubuntu.com /usr/bin/cmake --build /home/filipgus/Desktop/MTRX3760_Project_2/turtlebot3_ws/build/warehouse_robot_system
[11.046s] Invoking command in '/home/filipgus/Desktop/MTRX3760_Project_2/turtlebot3_ws/build/warehouse_robot_system': CMAKE_PREFIX_PATH=${CMAKE_PREFIX_PATH}:/home/filipgus/turtlebot3_ws/install/turtlebot3_teleop:/home/filipgus/turtlebot3_ws/install/turtlebot3_example:/opt/ros/jazzy DEBUGINFOD_URLS=https://debuginfod.ubuntu.com /usr/bin/cmake --install /home/filipgus/Desktop/MTRX3760_Project_2/turtlebot3_ws/build/warehouse_robot_system
[11.052s] -- Install configuration: ""
[11.052s] -- Up-to-date: /home/filipgus/Desktop/MTRX3760_Project_2/turtlebot3_ws/install/warehouse_robot_system/lib/warehouse_robot_system/libslam_module.a
[11.052s] -- Installing: /home/filipgus/Desktop/MTRX3760_Project_2/turtlebot3_ws/install/warehouse_robot_system/lib/warehouse_robot_system/libautonomous_slam_lib.a
[11.058s] -- Up-to-date: /home/filipgus/Desktop/MTRX3760_Project_2/turtlebot3_ws/install/warehouse_robot_system/lib/warehouse_robot_system/libwarehouse_robot_system_lib.a
[11.058s] -- Up-to-date: /home/filipgus/Desktop/MTRX3760_Project_2/turtlebot3_ws/install/warehouse_robot_system/lib/warehouse_robot_system/warehouse_robot_main
[11.059s] -- Up-to-date: /home/filipgus/Desktop/MTRX3760_Project_2/turtlebot3_ws/install/warehouse_robot_system/lib/warehouse_robot_system/slam_test
[11.059s] -- Installing: /home/filipgus/Desktop/MTRX3760_Project_2/turtlebot3_ws/install/warehouse_robot_system/lib/warehouse_robot_system/autonomous_slam_main
[11.063s] -- Set non-toolchain portion of runtime path of "/home/filipgus/Desktop/MTRX3760_Project_2/turtlebot3_ws/install/warehouse_robot_system/lib/warehouse_robot_system/autonomous_slam_main" to ""
[11.064s] -- Up-to-date: /home/filipgus/Desktop/MTRX3760_Project_2/turtlebot3_ws/install/warehouse_robot_system/include/
[11.064s] -- Up-to-date: /home/filipgus/Desktop/MTRX3760_Project_2/turtlebot3_ws/install/warehouse_robot_system/include//slam_types.hpp
[11.064s] -- Installing: /home/filipgus/Desktop/MTRX3760_Project_2/turtlebot3_ws/install/warehouse_robot_system/include//autonomous_slam_controller.hpp
[11.064s] -- Up-to-date: /home/filipgus/Desktop/MTRX3760_Project_2/turtlebot3_ws/install/warehouse_robot_system/include//warehouse_robot_system.hpp
[11.064s] -- Up-to-date: /home/filipgus/Desktop/MTRX3760_Project_2/turtlebot3_ws/install/warehouse_robot_system/include//path_planner.hpp
[11.064s] -- Up-to-date: /home/filipgus/Desktop/MTRX3760_Project_2/turtlebot3_ws/install/warehouse_robot_system/include//frontier_search.hpp
[11.064s] -- Up-to-date: /home/filipgus/Desktop/MTRX3760_Project_2/turtlebot3_ws/install/warehouse_robot_system/include//priority_queue.hpp
[11.064s] -- Up-to-date: /home/filipgus/Desktop/MTRX3760_Project_2/turtlebot3_ws/install/warehouse_robot_system/share/warehouse_robot_system/launch/
[11.065s] -- Up-to-date: /home/filipgus/Desktop/MTRX3760_Project_2/turtlebot3_ws/install/warehouse_robot_system/share/warehouse_robot_system/launch//spawn_turtlebot3_autonomous.launch.py
[11.065s] -- Up-to-date: /home/filipgus/Desktop/MTRX3760_Project_2/turtlebot3_ws/install/warehouse_robot_system/share/warehouse_robot_system/environment/library_path.sh
[11.065s] -- Up-to-date: /home/filipgus/Desktop/MTRX3760_Project_2/turtlebot3_ws/install/warehouse_robot_system/share/warehouse_robot_system/environment/library_path.dsv
[11.066s] -- Up-to-date: /home/filipgus/Desktop/MTRX3760_Project_2/turtlebot3_ws/install/warehouse_robot_system/share/ament_index/resource_index/package_run_dependencies/warehouse_robot_system
[11.067s] -- Up-to-date: /home/filipgus/Desktop/MTRX3760_Project_2/turtlebot3_ws/install/warehouse_robot_system/share/ament_index/resource_index/parent_prefix_path/warehouse_robot_system
[11.067s] -- Up-to-date: /home/filipgus/Desktop/MTRX3760_Project_2/turtlebot3_ws/install/warehouse_robot_system/share/warehouse_robot_system/environment/ament_prefix_path.sh
[11.067s] -- Up-to-date: /home/filipgus/Desktop/MTRX3760_Project_2/turtlebot3_ws/install/warehouse_robot_system/share/warehouse_robot_system/environment/ament_prefix_path.dsv
[11.067s] -- Up-to-date: /home/filipgus/Desktop/MTRX3760_Project_2/turtlebot3_ws/install/warehouse_robot_system/share/warehouse_robot_system/environment/path.sh
[11.067s] -- Up-to-date: /home/filipgus/Desktop/MTRX3760_Project_2/turtlebot3_ws/install/warehouse_robot_system/share/warehouse_robot_system/environment/path.dsv
[11.068s] -- Up-to-date: /home/filipgus/Desktop/MTRX3760_Project_2/turtlebot3_ws/install/warehouse_robot_system/share/warehouse_robot_system/local_setup.bash
[11.068s] -- Up-to-date: /home/filipgus/Desktop/MTRX3760_Project_2/turtlebot3_ws/install/warehouse_robot_system/share/warehouse_robot_system/local_setup.sh
[11.068s] -- Up-to-date: /home/filipgus/Desktop/MTRX3760_Project_2/turtlebot3_ws/install/warehouse_robot_system/share/warehouse_robot_system/local_setup.zsh
[11.069s] -- Up-to-date: /home/filipgus/Desktop/MTRX3760_Project_2/turtlebot3_ws/install/warehouse_robot_system/share/warehouse_robot_system/local_setup.dsv
[11.069s] -- Installing: /home/filipgus/Desktop/MTRX3760_Project_2/turtlebot3_ws/install/warehouse_robot_system/share/warehouse_robot_system/package.dsv
[11.069s] -- Up-to-date: /home/filipgus/Desktop/MTRX3760_Project_2/turtlebot3_ws/install/warehouse_robot_system/share/ament_index/resource_index/packages/warehouse_robot_system
[11.069s] -- Up-to-date: /home/filipgus/Desktop/MTRX3760_Project_2/turtlebot3_ws/install/warehouse_robot_system/share/warehouse_robot_system/cmake/ament_cmake_export_include_directories-extras.cmake
[11.069s] -- Up-to-date: /home/filipgus/Desktop/MTRX3760_Project_2/turtlebot3_ws/install/warehouse_robot_system/share/warehouse_robot_system/cmake/ament_cmake_export_libraries-extras.cmake
[11.070s] -- Up-to-date: /home/filipgus/Desktop/MTRX3760_Project_2/turtlebot3_ws/install/warehouse_robot_system/share/warehouse_robot_system/cmake/ament_cmake_export_dependencies-extras.cmake
[11.070s] -- Up-to-date: /home/filipgus/Desktop/MTRX3760_Project_2/turtlebot3_ws/install/warehouse_robot_system/share/warehouse_robot_system/cmake/warehouse_robot_systemConfig.cmake
[11.070s] -- Up-to-date: /home/filipgus/Desktop/MTRX3760_Project_2/turtlebot3_ws/install/warehouse_robot_system/share/warehouse_robot_system/cmake/warehouse_robot_systemConfig-version.cmake
[11.070s] -- Up-to-date: /home/filipgus/Desktop/MTRX3760_Project_2/turtlebot3_ws/install/warehouse_robot_system/share/warehouse_robot_system/package.xml
[11.071s] Invoked command in '/home/filipgus/Desktop/MTRX3760_Project_2/turtlebot3_ws/build/warehouse_robot_system' returned '0': CMAKE_PREFIX_PATH=${CMAKE_PREFIX_PATH}:/home/filipgus/turtlebot3_ws/install/turtlebot3_teleop:/home/filipgus/turtlebot3_ws/install/turtlebot3_example:/opt/ros/jazzy DEBUGINFOD_URLS=https://debuginfod.ubuntu.com /usr/bin/cmake --install /home/filipgus/Desktop/MTRX3760_Project_2/turtlebot3_ws/build/warehouse_robot_system
