[0.012s] Invoking command in '/home/dylan-george/MTRX3760_Project_1/turtlebot3_ws/build/turtlebot3_gazebo': CMAKE_PREFIX_PATH=${CMAKE_PREFIX_PATH}:/home/dylan-george/MTRX3760_Project_1/turtlebot3_ws/install/turtlebot3_teleop:/home/dylan-george/MTRX3760_Project_1/turtlebot3_ws/install/turtlebot3_example:/home/dylan-george/ros2_ws/install/launch_testing_examples:/home/dylan-george/ros2_ws/install/examples_rclpy_pointcloud_publisher:/home/dylan-george/ros2_ws/install/examples_rclpy_minimal_subscriber:/home/dylan-george/ros2_ws/install/examples_rclpy_minimal_service:/home/dylan-george/ros2_ws/install/examples_rclpy_minimal_publisher:/home/dylan-george/ros2_ws/install/examples_rclpy_minimal_client:/home/dylan-george/ros2_ws/install/examples_rclpy_minimal_action_server:/home/dylan-george/ros2_ws/install/examples_rclpy_minimal_action_client:/home/dylan-george/ros2_ws/install/examples_rclpy_guard_conditions:/home/dylan-george/ros2_ws/install/examples_rclpy_executors:/opt/ros/jazzy DEBUGINFOD_URLS=https://debuginfod.ubuntu.com /usr/bin/cmake /home/dylan-george/MTRX3760_Project_1/turtlebot3_ws/src/turtlebot3_simulations/turtlebot3_gazebo -DCMAKE_INSTALL_PREFIX=/home/dylan-george/MTRX3760_Project_1/turtlebot3_ws/install/turtlebot3_gazebo
[0.171s] -- The C compiler identification is GNU 13.3.0
[0.311s] -- The CXX compiler identification is GNU 13.3.0
[0.332s] -- Detecting C compiler ABI info
[0.424s] -- Detecting C compiler ABI info - done
[0.435s] -- Check for working C compiler: /usr/bin/cc - skipped
[0.435s] -- Detecting C compile features
[0.436s] -- Detecting C compile features - done
[0.446s] -- Detecting CXX compiler ABI info
[0.543s] -- Detecting CXX compiler ABI info - done
[0.554s] -- Check for working CXX compiler: /usr/bin/c++ - skipped
[0.554s] -- Detecting CXX compile features
[0.554s] -- Detecting CXX compile features - done
[0.588s] -- Found ament_cmake: 2.5.4 (/opt/ros/jazzy/share/ament_cmake/cmake)
[0.771s] -- Found Python3: /usr/bin/python3 (found version "3.12.3") found components: Interpreter 
[0.930s] -- Found rclcpp: 28.1.10 (/opt/ros/jazzy/share/rclcpp/cmake)
[1.034s] -- Found rosidl_generator_c: 4.6.5 (/opt/ros/jazzy/share/rosidl_generator_c/cmake)
[1.064s] -- Found rosidl_generator_cpp: 4.6.5 (/opt/ros/jazzy/share/rosidl_generator_cpp/cmake)
[1.101s] -- Using all available rosidl_typesupport_c: rosidl_typesupport_fastrtps_c;rosidl_typesupport_introspection_c
[1.138s] -- Using all available rosidl_typesupport_cpp: rosidl_typesupport_fastrtps_cpp;rosidl_typesupport_introspection_cpp
[1.256s] -- Found rmw_implementation_cmake: 7.3.2 (/opt/ros/jazzy/share/rmw_implementation_cmake/cmake)
[1.263s] -- Found rmw_fastrtps_cpp: 8.4.2 (/opt/ros/jazzy/share/rmw_fastrtps_cpp/cmake)
[1.380s] -- Found OpenSSL: /usr/lib/x86_64-linux-gnu/libcrypto.so (found version "3.0.13")  
[1.411s] -- Found FastRTPS: /opt/ros/jazzy/include (Required is at least version "2.13") 
[1.443s] -- Using RMW implementation 'rmw_fastrtps_cpp' as default
[1.582s] -- Found std_msgs: 5.3.6 (/opt/ros/jazzy/share/std_msgs/cmake)
[1.608s] -- Found geometry_msgs: 5.3.6 (/opt/ros/jazzy/share/geometry_msgs/cmake)
[1.632s] -- Found sensor_msgs: 5.3.6 (/opt/ros/jazzy/share/sensor_msgs/cmake)
[1.665s] -- Found nav_msgs: 5.3.6 (/opt/ros/jazzy/share/nav_msgs/cmake)
[1.702s] -- Found tf2: 0.36.12 (/opt/ros/jazzy/share/tf2/cmake)
[1.713s] -- Found ros_gz_sim: 1.0.16 (/opt/ros/jazzy/share/ros_gz_sim/cmake)
[1.922s] -- Found gz_math_vendor: 0.0.8 (/opt/ros/jazzy/share/gz_math_vendor/cmake)
[1.944s] -- Looking for gz-math7 -- found version 7.5.2
[1.964s] -- Searching for dependencies of gz-math7
[1.967s] -- Looking for gz-utils2 -- found version 2.2.1
[1.967s] -- Searching for dependencies of gz-utils2
[1.975s] -- Found gz_sim_vendor: 0.0.8 (/opt/ros/jazzy/share/gz_sim_vendor/cmake)
[2.082s] -- Looking for gz-sim8 -- found version 8.9.0
[2.082s] -- Searching for dependencies of gz-sim8
[2.085s] -- Looking for sdformat14 -- found version 14.7.0
[2.085s] -- Searching for dependencies of sdformat14
[2.090s] -- Checking for module 'tinyxml2'
[2.109s] --   Found tinyxml2, version 10.0.0
[2.140s] -- Looking for gz-math7 -- found version 7.5.2
[2.141s] -- Looking for gz-utils2 -- found version 2.2.1
[2.141s] -- Searching for dependencies of gz-utils2
[2.141s] -- Searching for <gz-utils2> component [cli]
[2.145s] -- Looking for gz-utils2-cli -- found version 2.2.1
[2.145s] -- Searching for dependencies of gz-utils2-cli
[2.150s] -- Looking for gz-plugin2 -- found version 2.0.4
[2.150s] -- Searching for dependencies of gz-plugin2
[2.151s] -- Looking for gz-utils2 -- found version 2.2.1
[2.152s] -- Searching for <gz-plugin2> component [loader]
[2.155s] -- Looking for gz-plugin2-loader -- found version 2.0.4
[2.155s] -- Searching for dependencies of gz-plugin2-loader
[2.156s] -- Searching for <gz-plugin2> component [register]
[2.159s] -- Looking for gz-plugin2-register -- found version 2.0.4
[2.159s] -- Searching for dependencies of gz-plugin2-register
[2.164s] -- Looking for gz-transport13 -- found version 13.4.1
[2.164s] -- Searching for dependencies of gz-transport13
[2.302s] -- Found Protobuf: /usr/lib/x86_64-linux-gnu/libprotobuf.so (found version "3.21.12") 
[2.317s] -- Config-file not installed for ZeroMQ -- checking for pkg-config
[2.322s] -- Checking for module 'libzmq >= 4'
[2.338s] --   Found libzmq, version 4.3.5
[2.377s] -- Found ZeroMQ: TRUE (Required is at least version "4") 
[2.384s] -- Checking for module 'uuid'
[2.402s] --   Found uuid, version 2.39.3
[2.433s] -- Found UUID: TRUE  
[2.434s] -- Looking for gz-utils2 -- found version 2.2.1
[2.438s] -- Looking for gz-msgs10 -- found version 10.3.2
[2.439s] -- Searching for dependencies of gz-msgs10
[2.464s] -- Looking for gz-utils2 -- found version 2.2.1
[2.464s] -- Looking for gz-math7 -- found version 7.5.2
[2.475s] -- Searching for <gz-transport13> component [log]
[2.478s] -- Looking for gz-transport13-log -- found version 13.4.1
[2.478s] -- Searching for dependencies of gz-transport13-log
[2.479s] -- Searching for <gz-transport13> component [parameters]
[2.483s] -- Looking for gz-transport13-parameters -- found version 13.4.1
[2.483s] -- Searching for dependencies of gz-transport13-parameters
[2.484s] -- Looking for gz-msgs10 -- found version 10.3.2
[2.489s] -- Looking for gz-common5 -- found version 5.7.1
[2.489s] -- Searching for dependencies of gz-common5
[2.490s] -- Looking for gz-utils2 -- found version 2.2.1
[2.491s] -- Looking for dlfcn.h - found
[2.493s] -- Looking for libdl - found
[2.495s] -- Found DL: TRUE  
[2.504s] -- Searching for <gz-common5> component [av]
[2.508s] -- Looking for gz-common5-av -- found version 5.7.1
[2.508s] -- Searching for dependencies of gz-common5-av
[2.514s] -- Checking for module 'libswscale'
[2.534s] --   Found libswscale, version 7.5.100
[2.573s] -- Found SWSCALE: TRUE  
[2.579s] -- Checking for module 'libavdevice >= 56.4.100'
[2.600s] --   Found libavdevice, version 60.3.100
[2.655s] -- Found AVDEVICE: TRUE (Required is at least version "56.4.100") 
[2.660s] -- Checking for module 'libavformat'
[2.679s] --   Found libavformat, version 60.16.100
[2.716s] -- Found AVFORMAT: TRUE  
[2.723s] -- Checking for module 'libavcodec'
[2.745s] --   Found libavcodec, version 60.31.102
[2.780s] -- Found AVCODEC: TRUE  
[2.785s] -- Checking for module 'libavutil'
[2.803s] --   Found libavutil, version 58.29.100
[2.836s] -- Found AVUTIL: TRUE  
[2.837s] -- Searching for <gz-common5> component [events]
[2.842s] -- Looking for gz-common5-events -- found version 5.7.1
[2.842s] -- Searching for dependencies of gz-common5-events
[2.842s] -- Looking for gz-math7 -- found version 7.5.2
[2.843s] -- Searching for <gz-common5> component [graphics]
[2.847s] -- Looking for gz-common5-graphics -- found version 5.7.1
[2.848s] -- Searching for dependencies of gz-common5-graphics
[2.848s] -- Looking for gz-math7 -- found version 7.5.2
[2.858s] -- Found GzAssimp: TRUE (found version "5.3.0") 
[2.859s] -- Searching for <gz-common5> component [io]
[2.863s] -- Looking for gz-common5-io -- found version 5.7.1
[2.863s] -- Searching for dependencies of gz-common5-io
[2.864s] -- Searching for <gz-common5> component [profiler]
[2.868s] -- Looking for gz-common5-profiler -- found version 5.7.1
[2.868s] -- Searching for dependencies of gz-common5-profiler
[2.873s] -- Looking for gz-fuel_tools9 -- found version 9.1.1
[2.873s] -- Searching for dependencies of gz-fuel_tools9
[2.969s] -- Found CURL: /usr/lib/x86_64-linux-gnu/libcurl.so (found version "8.5.0")  
[2.985s] -- Checking for module 'jsoncpp'
[3.002s] --   Found jsoncpp, version 1.9.5
[3.033s] -- Found JSONCPP: TRUE  
[3.054s] -- Checking for module 'yaml-0.1'
[3.073s] --   Found yaml-0.1, version 0.2.5
[3.106s] -- Found YAML: TRUE  
[3.112s] -- Checking for module 'libzip'
[3.130s] --   Found libzip, version 1.7.3
[3.164s] -- Found ZIP: TRUE  
[3.164s] -- Looking for gz-utils2 -- found version 2.2.1
[3.165s] -- Looking for gz-common5 -- found version 5.7.1
[3.165s] -- Searching for dependencies of gz-common5
[3.165s] -- Looking for gz-utils2 -- found version 2.2.1
[3.166s] -- Looking for dlfcn.h - found
[3.166s] -- Looking for libdl - found
[3.174s] -- Searching for <gz-common5> component [testing]
[3.177s] -- Looking for gz-common5-testing -- found version 5.7.1
[3.178s] -- Searching for dependencies of gz-common5-testing
[3.179s] -- Looking for gz-math7 -- found version 7.5.2
[3.180s] -- Looking for gz-msgs10 -- found version 10.3.2
[3.184s] -- Looking for gz-gui8 -- found version 8.4.0
[3.184s] -- Searching for dependencies of gz-gui8
[3.211s] -- Looking for gz-utils2 -- found version 2.2.1
[3.212s] -- Looking for gz-math7 -- found version 7.5.2
[3.212s] -- Looking for gz-common5 -- found version 5.7.1
[3.213s] -- Looking for gz-plugin2 -- found version 2.0.4
[3.213s] -- Looking for gz-transport13 -- found version 13.4.1
[3.216s] -- Looking for gz-rendering8 -- found version 8.2.2
[3.217s] -- Searching for dependencies of gz-rendering8
[3.217s] -- Looking for gz-math7 -- found version 7.5.2
[3.217s] -- Searching for dependencies of gz-math7
[3.218s] -- Looking for gz-utils2 -- found version 2.2.1
[3.218s] -- Searching for <gz-math7> component [eigen3]
[3.221s] -- Looking for gz-math7-eigen3 -- found version 7.5.2
[3.222s] -- Searching for dependencies of gz-math7-eigen3
[3.233s] -- Looking for gz-common5 -- found version 5.7.1
[3.233s] -- Searching for dependencies of gz-common5
[3.233s] -- Looking for gz-utils2 -- found version 2.2.1
[3.234s] -- Looking for dlfcn.h - found
[3.234s] -- Looking for libdl - found
[3.240s] -- Searching for <gz-common5> component [graphics]
[3.240s] -- Searching for <gz-common5> component [events]
[3.240s] -- Searching for <gz-common5> component [geospatial]
[3.243s] -- Looking for gz-common5-geospatial -- found version 5.7.1
[3.243s] -- Searching for dependencies of gz-common5-geospatial
[3.243s] -- Looking for gz-math7 -- found version 7.5.2
[3.244s] -- Looking for gz-common5 -- found version 5.7.1
[3.245s] -- Looking for gz-plugin2 -- found version 2.0.4
[3.245s] -- Searching for dependencies of gz-plugin2
[3.245s] -- Looking for gz-utils2 -- found version 2.2.1
[3.245s] -- Searching for <gz-plugin2> component [all]
[3.248s] -- Looking for all libraries of gz-plugin2 -- found version 2.0.4
[3.249s] -- Looking for gz-plugin2 -- found version 2.0.4
[3.249s] -- Looking for gz-utils2 -- found version 2.2.1
[3.267s] -- Found OpenGL: /usr/lib/x86_64-linux-gnu/libOpenGL.so  found components: OpenGL 
[3.268s] -- Looking for gz-msgs10 -- found version 10.3.2
[3.310s] -- Looking for gz-physics7 -- found version 7.5.0
[3.311s] -- Searching for dependencies of gz-physics7
[3.311s] -- Looking for gz-common5 -- found version 5.7.1
[3.311s] -- Looking for gz-math7 -- found version 7.5.2
[3.312s] -- Looking for gz-plugin2 -- found version 2.0.4
[3.312s] -- Looking for gz-utils2 -- found version 2.2.1
[3.313s] -- Searching for <gz-physics7> component [heightmap]
[3.316s] -- Looking for gz-physics7-heightmap -- found version 7.5.0
[3.317s] -- Searching for dependencies of gz-physics7-heightmap
[3.317s] -- Looking for gz-common5 -- found version 5.7.1
[3.318s] -- Searching for <gz-physics7> component [mesh]
[3.320s] -- Looking for gz-physics7-mesh -- found version 7.5.0
[3.320s] -- Searching for dependencies of gz-physics7-mesh
[3.321s] -- Looking for gz-common5 -- found version 5.7.1
[3.322s] -- Searching for <gz-physics7> component [sdf]
[3.324s] -- Looking for gz-physics7-sdf -- found version 7.5.0
[3.324s] -- Searching for dependencies of gz-physics7-sdf
[3.325s] -- Looking for sdformat14 -- found version 14.7.0
[3.331s] -- Looking for gz-sensors8 -- found version 8.2.2
[3.331s] -- Searching for dependencies of gz-sensors8
[3.356s] -- Looking for gz-math7 -- found version 7.5.2
[3.356s] -- Looking for gz-common5 -- found version 5.7.1
[3.356s] -- Looking for gz-transport13 -- found version 13.4.1
[3.357s] -- Looking for gz-rendering8 -- found version 8.2.2
[3.357s] -- Looking for gz-msgs10 -- found version 10.3.2
[3.358s] -- Looking for sdformat14 -- found version 14.7.0
[3.359s] -- Searching for <gz-sensors8> component [air_pressure]
[3.362s] -- Looking for gz-sensors8-air_pressure -- found version 8.2.2
[3.362s] -- Searching for dependencies of gz-sensors8-air_pressure
[3.363s] -- Searching for <gz-sensors8> component [air_speed]
[3.366s] -- Looking for gz-sensors8-air_speed -- found version 8.2.2
[3.366s] -- Searching for dependencies of gz-sensors8-air_speed
[3.367s] -- Searching for <gz-sensors8> component [altimeter]
[3.371s] -- Looking for gz-sensors8-altimeter -- found version 8.2.2
[3.371s] -- Searching for dependencies of gz-sensors8-altimeter
[3.372s] -- Searching for <gz-sensors8> component [imu]
[3.375s] -- Looking for gz-sensors8-imu -- found version 8.2.2
[3.375s] -- Searching for dependencies of gz-sensors8-imu
[3.376s] -- Searching for <gz-sensors8> component [force_torque]
[3.378s] -- Looking for gz-sensors8-force_torque -- found version 8.2.2
[3.379s] -- Searching for dependencies of gz-sensors8-force_torque
[3.380s] -- Searching for <gz-sensors8> component [logical_camera]
[3.383s] -- Looking for gz-sensors8-logical_camera -- found version 8.2.2
[3.383s] -- Searching for dependencies of gz-sensors8-logical_camera
[3.384s] -- Searching for <gz-sensors8> component [magnetometer]
[3.387s] -- Looking for gz-sensors8-magnetometer -- found version 8.2.2
[3.387s] -- Searching for dependencies of gz-sensors8-magnetometer
[3.388s] -- Searching for <gz-sensors8> component [navsat]
[3.391s] -- Looking for gz-sensors8-navsat -- found version 8.2.2
[3.391s] -- Searching for dependencies of gz-sensors8-navsat
[3.393s] -- Searching for <gz-sensors8> component [dvl]
[3.395s] -- Looking for gz-sensors8-dvl -- found version 8.2.2
[3.395s] -- Searching for dependencies of gz-sensors8-dvl
[3.396s] -- Looking for gz-sensors8 -- found version 8.2.2
[3.396s] -- Searching for dependencies of gz-sensors8
[3.420s] -- Looking for gz-math7 -- found version 7.5.2
[3.420s] -- Looking for gz-common5 -- found version 5.7.1
[3.421s] -- Looking for gz-transport13 -- found version 13.4.1
[3.421s] -- Looking for gz-rendering8 -- found version 8.2.2
[3.421s] -- Looking for gz-msgs10 -- found version 10.3.2
[3.422s] -- Looking for sdformat14 -- found version 14.7.0
[3.422s] -- Searching for <gz-sensors8> component [rendering]
[3.425s] -- Looking for gz-sensors8-rendering -- found version 8.2.2
[3.425s] -- Searching for dependencies of gz-sensors8-rendering
[3.427s] -- Searching for <gz-sensors8> component [rendering]
[3.428s] -- Searching for <gz-sensors8> component [lidar]
[3.430s] -- Looking for gz-sensors8-lidar -- found version 8.2.2
[3.430s] -- Searching for dependencies of gz-sensors8-lidar
[3.431s] -- Looking for gz-sensors8 -- found version 8.2.2
[3.432s] -- Searching for <gz-sensors8> component [gpu_lidar]
[3.435s] -- Looking for gz-sensors8-gpu_lidar -- found version 8.2.2
[3.435s] -- Searching for dependencies of gz-sensors8-gpu_lidar
[3.435s] -- Looking for gz-sensors8 -- found version 8.2.2
[3.436s] -- Searching for <gz-sensors8> component [camera]
[3.439s] -- Looking for gz-sensors8-camera -- found version 8.2.2
[3.439s] -- Searching for dependencies of gz-sensors8-camera
[3.439s] -- Looking for gz-sensors8 -- found version 8.2.2
[3.440s] -- Searching for <gz-sensors8> component [boundingbox_camera]
[3.443s] -- Looking for gz-sensors8-boundingbox_camera -- found version 8.2.2
[3.443s] -- Searching for dependencies of gz-sensors8-boundingbox_camera
[3.444s] -- Searching for <gz-sensors8> component [segmentation_camera]
[3.447s] -- Looking for gz-sensors8-segmentation_camera -- found version 8.2.2
[3.447s] -- Searching for dependencies of gz-sensors8-segmentation_camera
[3.448s] -- Searching for <gz-sensors8> component [depth_camera]
[3.450s] -- Looking for gz-sensors8-depth_camera -- found version 8.2.2
[3.450s] -- Searching for dependencies of gz-sensors8-depth_camera
[3.451s] -- Looking for gz-sensors8 -- found version 8.2.2
[3.452s] -- Searching for <gz-sensors8> component [rgbd_camera]
[3.454s] -- Looking for gz-sensors8-rgbd_camera -- found version 8.2.2
[3.455s] -- Searching for dependencies of gz-sensors8-rgbd_camera
[3.455s] -- Looking for gz-sensors8 -- found version 8.2.2
[3.456s] -- Searching for <gz-sensors8> component [thermal_camera]
[3.459s] -- Looking for gz-sensors8-thermal_camera -- found version 8.2.2
[3.459s] -- Searching for dependencies of gz-sensors8-thermal_camera
[3.460s] -- Looking for gz-sensors8 -- found version 8.2.2
[3.461s] -- Searching for <gz-sensors8> component [wide_angle_camera]
[3.463s] -- Looking for gz-sensors8-wide_angle_camera -- found version 8.2.2
[3.463s] -- Searching for dependencies of gz-sensors8-wide_angle_camera
[3.465s] -- Looking for gz-rendering8 -- found version 8.2.2
[3.465s] -- Looking for gz-math7 -- found version 7.5.2
[3.465s] -- Looking for gz-utils2 -- found version 2.2.1
[3.487s] -- Looking for gz-plugin2 -- found version 2.0.4
[3.492s] -- Found image_transport: 5.1.7 (/opt/ros/jazzy/share/image_transport/cmake)
[3.515s] -- Found cv_bridge: 4.1.0 (/opt/ros/jazzy/share/cv_bridge/cmake)
[3.535s] -- Found OpenCV: /usr (found version "4.6.0") 
[3.638s] -- Configuring done (3.6s)
[3.691s] -- Generating done (0.0s)
[3.704s] -- Build files have been written to: /home/dylan-george/MTRX3760_Project_1/turtlebot3_ws/build/turtlebot3_gazebo
[3.722s] Invoked command in '/home/dylan-george/MTRX3760_Project_1/turtlebot3_ws/build/turtlebot3_gazebo' returned '0': CMAKE_PREFIX_PATH=${CMAKE_PREFIX_PATH}:/home/dylan-george/MTRX3760_Project_1/turtlebot3_ws/install/turtlebot3_teleop:/home/dylan-george/MTRX3760_Project_1/turtlebot3_ws/install/turtlebot3_example:/home/dylan-george/ros2_ws/install/launch_testing_examples:/home/dylan-george/ros2_ws/install/examples_rclpy_pointcloud_publisher:/home/dylan-george/ros2_ws/install/examples_rclpy_minimal_subscriber:/home/dylan-george/ros2_ws/install/examples_rclpy_minimal_service:/home/dylan-george/ros2_ws/install/examples_rclpy_minimal_publisher:/home/dylan-george/ros2_ws/install/examples_rclpy_minimal_client:/home/dylan-george/ros2_ws/install/examples_rclpy_minimal_action_server:/home/dylan-george/ros2_ws/install/examples_rclpy_minimal_action_client:/home/dylan-george/ros2_ws/install/examples_rclpy_guard_conditions:/home/dylan-george/ros2_ws/install/examples_rclpy_executors:/opt/ros/jazzy DEBUGINFOD_URLS=https://debuginfod.ubuntu.com /usr/bin/cmake /home/dylan-george/MTRX3760_Project_1/turtlebot3_ws/src/turtlebot3_simulations/turtlebot3_gazebo -DCMAKE_INSTALL_PREFIX=/home/dylan-george/MTRX3760_Project_1/turtlebot3_ws/install/turtlebot3_gazebo
[3.723s] Invoking command in '/home/dylan-george/MTRX3760_Project_1/turtlebot3_ws/build/turtlebot3_gazebo': CMAKE_PREFIX_PATH=${CMAKE_PREFIX_PATH}:/home/dylan-george/MTRX3760_Project_1/turtlebot3_ws/install/turtlebot3_teleop:/home/dylan-george/MTRX3760_Project_1/turtlebot3_ws/install/turtlebot3_example:/home/dylan-george/ros2_ws/install/launch_testing_examples:/home/dylan-george/ros2_ws/install/examples_rclpy_pointcloud_publisher:/home/dylan-george/ros2_ws/install/examples_rclpy_minimal_subscriber:/home/dylan-george/ros2_ws/install/examples_rclpy_minimal_service:/home/dylan-george/ros2_ws/install/examples_rclpy_minimal_publisher:/home/dylan-george/ros2_ws/install/examples_rclpy_minimal_client:/home/dylan-george/ros2_ws/install/examples_rclpy_minimal_action_server:/home/dylan-george/ros2_ws/install/examples_rclpy_minimal_action_client:/home/dylan-george/ros2_ws/install/examples_rclpy_guard_conditions:/home/dylan-george/ros2_ws/install/examples_rclpy_executors:/opt/ros/jazzy DEBUGINFOD_URLS=https://debuginfod.ubuntu.com /usr/bin/cmake --build /home/dylan-george/MTRX3760_Project_1/turtlebot3_ws/build/turtlebot3_gazebo -- -j8 -l8
[3.783s] [ 20%] [32mBuilding CXX object CMakeFiles/obstacle2.dir/src/obstacle2.cpp.o[0m
[3.785s] [ 20%] [32mBuilding CXX object CMakeFiles/obstacle1.dir/src/obstacle1.cpp.o[0m
[3.785s] [ 20%] [32mBuilding CXX object CMakeFiles/camera_red_detector.dir/src/CCameraRedDetector.cpp.o[0m
[3.785s] [ 26%] [32mBuilding CXX object CMakeFiles/obstacles.dir/src/obstacles.cpp.o[0m
[3.786s] [ 40%] [32mBuilding CXX object CMakeFiles/turtlebot3_gazebo_core.dir/src/CWallFollowingController.cpp.o[0m
[3.786s] [ 40%] [32mBuilding CXX object CMakeFiles/turtlebot3_gazebo_core.dir/src/CTurtlebot3Sensor.cpp.o[0m
[3.786s] [ 46%] [32mBuilding CXX object CMakeFiles/turtlebot3_gazebo_core.dir/src/CTurtlebot3Drive.cpp.o[0m
[3.788s] [ 53%] [32mBuilding CXX object CMakeFiles/turtlebot3_gazebo_core.dir/src/CPIDController.cpp.o[0m
[8.003s] [ 60%] [32m[1mLinking CXX shared library libobstacle1.so[0m
[8.017s] [ 66%] [32m[1mLinking CXX shared library libobstacle2.so[0m
[8.441s] [ 66%] Built target obstacle2
[8.441s] [ 66%] Built target obstacle1
[8.724s] [01m[K/home/dylan-george/MTRX3760_Project_1/turtlebot3_ws/src/turtlebot3_simulations/turtlebot3_gazebo/src/CWallFollowingController.cpp:[m[K In member function ‘[01m[KCWallFollowingController::SVelocityCommand CWallFollowingController::[01;32m[Khandle_recovery[m[K(double)[m[K’:
[8.724s] [01m[K/home/dylan-george/MTRX3760_Project_1/turtlebot3_ws/src/turtlebot3_simulations/turtlebot3_gazebo/src/CWallFollowingController.cpp:316:93:[m[K [01;35m[Kwarning: [m[Kunused parameter ‘[01m[KaDelta_time[m[K’ [[01;35m[K]8;;https://gcc.gnu.org/onlinedocs/gcc/Warning-Options.html#index-Wunused-parameter-Wunused-parameter]8;;[m[K]
[8.724s]   316 | CWallFollowingController::SVelocityCommand CWallFollowingController::handle_recovery([01;35m[Kdouble aDelta_time[m[K)
[8.724s]       |                                                                                      [01;35m[K~~~~~~~^~~~~~~~~~~[m[K
[8.812s] [ 73%] [32m[1mLinking CXX shared library libobstacles.so[0m
[9.165s] [ 73%] Built target obstacles
[17.068s] [ 80%] [32m[1mLinking CXX static library libturtlebot3_gazebo_core.a[0m
[17.389s] [ 80%] Built target turtlebot3_gazebo_core
[17.411s] [ 86%] [32mBuilding CXX object CMakeFiles/CTurtlebot3Drive_node.dir/src/CTurtlebot3Drive.cpp.o[0m
[17.499s] [ 93%] [32m[1mLinking CXX executable camera_red_detector[0m
[18.260s] [ 93%] Built target camera_red_detector
[22.287s] [100%] [32m[1mLinking CXX executable CTurtlebot3Drive_node[0m
[23.063s] [100%] Built target CTurtlebot3Drive_node
[23.074s] Invoked command in '/home/dylan-george/MTRX3760_Project_1/turtlebot3_ws/build/turtlebot3_gazebo' returned '0': CMAKE_PREFIX_PATH=${CMAKE_PREFIX_PATH}:/home/dylan-george/MTRX3760_Project_1/turtlebot3_ws/install/turtlebot3_teleop:/home/dylan-george/MTRX3760_Project_1/turtlebot3_ws/install/turtlebot3_example:/home/dylan-george/ros2_ws/install/launch_testing_examples:/home/dylan-george/ros2_ws/install/examples_rclpy_pointcloud_publisher:/home/dylan-george/ros2_ws/install/examples_rclpy_minimal_subscriber:/home/dylan-george/ros2_ws/install/examples_rclpy_minimal_service:/home/dylan-george/ros2_ws/install/examples_rclpy_minimal_publisher:/home/dylan-george/ros2_ws/install/examples_rclpy_minimal_client:/home/dylan-george/ros2_ws/install/examples_rclpy_minimal_action_server:/home/dylan-george/ros2_ws/install/examples_rclpy_minimal_action_client:/home/dylan-george/ros2_ws/install/examples_rclpy_guard_conditions:/home/dylan-george/ros2_ws/install/examples_rclpy_executors:/opt/ros/jazzy DEBUGINFOD_URLS=https://debuginfod.ubuntu.com /usr/bin/cmake --build /home/dylan-george/MTRX3760_Project_1/turtlebot3_ws/build/turtlebot3_gazebo -- -j8 -l8
[23.084s] Invoking command in '/home/dylan-george/MTRX3760_Project_1/turtlebot3_ws/build/turtlebot3_gazebo': CMAKE_PREFIX_PATH=${CMAKE_PREFIX_PATH}:/home/dylan-george/MTRX3760_Project_1/turtlebot3_ws/install/turtlebot3_teleop:/home/dylan-george/MTRX3760_Project_1/turtlebot3_ws/install/turtlebot3_example:/home/dylan-george/ros2_ws/install/launch_testing_examples:/home/dylan-george/ros2_ws/install/examples_rclpy_pointcloud_publisher:/home/dylan-george/ros2_ws/install/examples_rclpy_minimal_subscriber:/home/dylan-george/ros2_ws/install/examples_rclpy_minimal_service:/home/dylan-george/ros2_ws/install/examples_rclpy_minimal_publisher:/home/dylan-george/ros2_ws/install/examples_rclpy_minimal_client:/home/dylan-george/ros2_ws/install/examples_rclpy_minimal_action_server:/home/dylan-george/ros2_ws/install/examples_rclpy_minimal_action_client:/home/dylan-george/ros2_ws/install/examples_rclpy_guard_conditions:/home/dylan-george/ros2_ws/install/examples_rclpy_executors:/opt/ros/jazzy DEBUGINFOD_URLS=https://debuginfod.ubuntu.com /usr/bin/cmake --install /home/dylan-george/MTRX3760_Project_1/turtlebot3_ws/build/turtlebot3_gazebo
[23.092s] -- Install configuration: ""
[23.092s] -- Installing: /home/dylan-george/MTRX3760_Project_1/turtlebot3_ws/install/turtlebot3_gazebo/lib/turtlebot3_gazebo/libturtlebot3_gazebo_core.a
[23.108s] -- Installing: /home/dylan-george/MTRX3760_Project_1/turtlebot3_ws/install/turtlebot3_gazebo/lib/turtlebot3_gazebo/CTurtlebot3Drive_node
[23.116s] -- Set non-toolchain portion of runtime path of "/home/dylan-george/MTRX3760_Project_1/turtlebot3_ws/install/turtlebot3_gazebo/lib/turtlebot3_gazebo/CTurtlebot3Drive_node" to ""
[23.117s] -- Installing: /home/dylan-george/MTRX3760_Project_1/turtlebot3_ws/install/turtlebot3_gazebo/lib/turtlebot3_gazebo/camera_red_detector
[23.121s] -- Set non-toolchain portion of runtime path of "/home/dylan-george/MTRX3760_Project_1/turtlebot3_ws/install/turtlebot3_gazebo/lib/turtlebot3_gazebo/camera_red_detector" to ""
[23.121s] -- Installing: /home/dylan-george/MTRX3760_Project_1/turtlebot3_ws/install/turtlebot3_gazebo/lib/turtlebot3_gazebo/libobstacles.so
[23.122s] -- Set non-toolchain portion of runtime path of "/home/dylan-george/MTRX3760_Project_1/turtlebot3_ws/install/turtlebot3_gazebo/lib/turtlebot3_gazebo/libobstacles.so" to ""
[23.122s] -- Installing: /home/dylan-george/MTRX3760_Project_1/turtlebot3_ws/install/turtlebot3_gazebo/lib/turtlebot3_gazebo/libobstacle1.so
[23.122s] -- Set non-toolchain portion of runtime path of "/home/dylan-george/MTRX3760_Project_1/turtlebot3_ws/install/turtlebot3_gazebo/lib/turtlebot3_gazebo/libobstacle1.so" to ""
[23.123s] -- Installing: /home/dylan-george/MTRX3760_Project_1/turtlebot3_ws/install/turtlebot3_gazebo/lib/turtlebot3_gazebo/libobstacle2.so
[23.123s] -- Set non-toolchain portion of runtime path of "/home/dylan-george/MTRX3760_Project_1/turtlebot3_ws/install/turtlebot3_gazebo/lib/turtlebot3_gazebo/libobstacle2.so" to ""
[23.123s] -- Installing: /home/dylan-george/MTRX3760_Project_1/turtlebot3_ws/install/turtlebot3_gazebo/share/turtlebot3_gazebo//launch
[23.123s] -- Installing: /home/dylan-george/MTRX3760_Project_1/turtlebot3_ws/install/turtlebot3_gazebo/share/turtlebot3_gazebo//launch/enclosed_maze.launch.py
[23.124s] -- Installing: /home/dylan-george/MTRX3760_Project_1/turtlebot3_ws/install/turtlebot3_gazebo/share/turtlebot3_gazebo//launch/turtlebot3_dqn_stage2.launch.py
[23.124s] -- Installing: /home/dylan-george/MTRX3760_Project_1/turtlebot3_ws/install/turtlebot3_gazebo/share/turtlebot3_gazebo//launch/turtlebot3_dqn_stage3.launch.py
[23.124s] -- Installing: /home/dylan-george/MTRX3760_Project_1/turtlebot3_ws/install/turtlebot3_gazebo/share/turtlebot3_gazebo//launch/floating_maze.launch.py
[23.124s] -- Installing: /home/dylan-george/MTRX3760_Project_1/turtlebot3_ws/install/turtlebot3_gazebo/share/turtlebot3_gazebo//launch/turtlebot3_dqn_stage1.launch.py
[23.124s] -- Installing: /home/dylan-george/MTRX3760_Project_1/turtlebot3_ws/install/turtlebot3_gazebo/share/turtlebot3_gazebo//launch/open_maze.launch.py
[23.125s] -- Installing: /home/dylan-george/MTRX3760_Project_1/turtlebot3_ws/install/turtlebot3_gazebo/share/turtlebot3_gazebo//launch/robot_state_publisher.launch.py
[23.125s] -- Installing: /home/dylan-george/MTRX3760_Project_1/turtlebot3_ws/install/turtlebot3_gazebo/share/turtlebot3_gazebo//launch/spawn_turtlebot3.launch.py
[23.125s] -- Installing: /home/dylan-george/MTRX3760_Project_1/turtlebot3_ws/install/turtlebot3_gazebo/share/turtlebot3_gazebo//launch/turtlebot3_dqn_stage4.launch.py
[23.125s] -- Installing: /home/dylan-george/MTRX3760_Project_1/turtlebot3_ws/install/turtlebot3_gazebo/share/turtlebot3_gazebo//models
[23.125s] -- Installing: /home/dylan-george/MTRX3760_Project_1/turtlebot3_ws/install/turtlebot3_gazebo/share/turtlebot3_gazebo//models/turtlebot3_waffle
[23.125s] -- Installing: /home/dylan-george/MTRX3760_Project_1/turtlebot3_ws/install/turtlebot3_gazebo/share/turtlebot3_gazebo//models/turtlebot3_waffle/model.config
[23.126s] -- Installing: /home/dylan-george/MTRX3760_Project_1/turtlebot3_ws/install/turtlebot3_gazebo/share/turtlebot3_gazebo//models/turtlebot3_waffle/model-1_4.sdf
[23.126s] -- Installing: /home/dylan-george/MTRX3760_Project_1/turtlebot3_ws/install/turtlebot3_gazebo/share/turtlebot3_gazebo//models/turtlebot3_waffle/model.sdf
[23.127s] -- Installing: /home/dylan-george/MTRX3760_Project_1/turtlebot3_ws/install/turtlebot3_gazebo/share/turtlebot3_gazebo//models/turtlebot3_burger_cam
[23.127s] -- Installing: /home/dylan-george/MTRX3760_Project_1/turtlebot3_ws/install/turtlebot3_gazebo/share/turtlebot3_gazebo//models/turtlebot3_burger_cam/model.config
[23.127s] -- Installing: /home/dylan-george/MTRX3760_Project_1/turtlebot3_ws/install/turtlebot3_gazebo/share/turtlebot3_gazebo//models/turtlebot3_burger_cam/model-1_4.sdf
[23.128s] -- Installing: /home/dylan-george/MTRX3760_Project_1/turtlebot3_ws/install/turtlebot3_gazebo/share/turtlebot3_gazebo//models/turtlebot3_burger_cam/model.sdf
[23.128s] -- Installing: /home/dylan-george/MTRX3760_Project_1/turtlebot3_ws/install/turtlebot3_gazebo/share/turtlebot3_gazebo//models/turtlebot3_world
[23.128s] -- Installing: /home/dylan-george/MTRX3760_Project_1/turtlebot3_ws/install/turtlebot3_gazebo/share/turtlebot3_gazebo//models/turtlebot3_world/meshes
[23.128s] -- Installing: /home/dylan-george/MTRX3760_Project_1/turtlebot3_ws/install/turtlebot3_gazebo/share/turtlebot3_gazebo//models/turtlebot3_world/meshes/hexagon.dae
[23.128s] -- Installing: /home/dylan-george/MTRX3760_Project_1/turtlebot3_ws/install/turtlebot3_gazebo/share/turtlebot3_gazebo//models/turtlebot3_world/meshes/wall.dae
[23.129s] -- Installing: /home/dylan-george/MTRX3760_Project_1/turtlebot3_ws/install/turtlebot3_gazebo/share/turtlebot3_gazebo//models/turtlebot3_world/model.config
[23.129s] -- Installing: /home/dylan-george/MTRX3760_Project_1/turtlebot3_ws/install/turtlebot3_gazebo/share/turtlebot3_gazebo//models/turtlebot3_world/model-1_4.sdf
[23.129s] -- Installing: /home/dylan-george/MTRX3760_Project_1/turtlebot3_ws/install/turtlebot3_gazebo/share/turtlebot3_gazebo//models/turtlebot3_world/model.sdf
[23.129s] -- Installing: /home/dylan-george/MTRX3760_Project_1/turtlebot3_ws/install/turtlebot3_gazebo/share/turtlebot3_gazebo//models/turtlebot3_burger
[23.129s] -- Installing: /home/dylan-george/MTRX3760_Project_1/turtlebot3_ws/install/turtlebot3_gazebo/share/turtlebot3_gazebo//models/turtlebot3_burger/model.config
[23.130s] -- Installing: /home/dylan-george/MTRX3760_Project_1/turtlebot3_ws/install/turtlebot3_gazebo/share/turtlebot3_gazebo//models/turtlebot3_burger/model-1_4.sdf
[23.130s] -- Installing: /home/dylan-george/MTRX3760_Project_1/turtlebot3_ws/install/turtlebot3_gazebo/share/turtlebot3_gazebo//models/turtlebot3_burger/model.sdf
[23.130s] -- Installing: /home/dylan-george/MTRX3760_Project_1/turtlebot3_ws/install/turtlebot3_gazebo/share/turtlebot3_gazebo//models/turtlebot3_waffle_pi
[23.130s] -- Installing: /home/dylan-george/MTRX3760_Project_1/turtlebot3_ws/install/turtlebot3_gazebo/share/turtlebot3_gazebo//models/turtlebot3_waffle_pi/model.config
[23.130s] -- Installing: /home/dylan-george/MTRX3760_Project_1/turtlebot3_ws/install/turtlebot3_gazebo/share/turtlebot3_gazebo//models/turtlebot3_waffle_pi/model.sdf
[23.131s] -- Installing: /home/dylan-george/MTRX3760_Project_1/turtlebot3_ws/install/turtlebot3_gazebo/share/turtlebot3_gazebo//models/turtlebot3_waffle_pi/model-1_4_.sdf
[23.131s] -- Installing: /home/dylan-george/MTRX3760_Project_1/turtlebot3_ws/install/turtlebot3_gazebo/share/turtlebot3_gazebo//models/turtlebot3_house
[23.131s] -- Installing: /home/dylan-george/MTRX3760_Project_1/turtlebot3_ws/install/turtlebot3_gazebo/share/turtlebot3_gazebo//models/turtlebot3_house/table_marble
[23.131s] -- Installing: /home/dylan-george/MTRX3760_Project_1/turtlebot3_ws/install/turtlebot3_gazebo/share/turtlebot3_gazebo//models/turtlebot3_house/table_marble/meshes
[23.131s] -- Installing: /home/dylan-george/MTRX3760_Project_1/turtlebot3_ws/install/turtlebot3_gazebo/share/turtlebot3_gazebo//models/turtlebot3_house/table_marble/meshes/table_lightmap.dae
[23.132s] -- Installing: /home/dylan-george/MTRX3760_Project_1/turtlebot3_ws/install/turtlebot3_gazebo/share/turtlebot3_gazebo//models/turtlebot3_house/table_marble/model.config
[23.132s] -- Installing: /home/dylan-george/MTRX3760_Project_1/turtlebot3_ws/install/turtlebot3_gazebo/share/turtlebot3_gazebo//models/turtlebot3_house/table_marble/model-1_4.sdf
[23.132s] -- Installing: /home/dylan-george/MTRX3760_Project_1/turtlebot3_ws/install/turtlebot3_gazebo/share/turtlebot3_gazebo//models/turtlebot3_house/table_marble/model.sdf
[23.133s] -- Installing: /home/dylan-george/MTRX3760_Project_1/turtlebot3_ws/install/turtlebot3_gazebo/share/turtlebot3_gazebo//models/turtlebot3_house/table_marble/materials
[23.133s] -- Installing: /home/dylan-george/MTRX3760_Project_1/turtlebot3_ws/install/turtlebot3_gazebo/share/turtlebot3_gazebo//models/turtlebot3_house/table_marble/materials/textures
[23.133s] -- Installing: /home/dylan-george/MTRX3760_Project_1/turtlebot3_ws/install/turtlebot3_gazebo/share/turtlebot3_gazebo//models/turtlebot3_house/table_marble/materials/textures/marble.png
[23.133s] -- Installing: /home/dylan-george/MTRX3760_Project_1/turtlebot3_ws/install/turtlebot3_gazebo/share/turtlebot3_gazebo//models/turtlebot3_house/table_marble/materials/textures/table_lightmap.png
[23.134s] -- Installing: /home/dylan-george/MTRX3760_Project_1/turtlebot3_ws/install/turtlebot3_gazebo/share/turtlebot3_gazebo//models/turtlebot3_house/table_marble/materials/scripts
[23.134s] -- Installing: /home/dylan-george/MTRX3760_Project_1/turtlebot3_ws/install/turtlebot3_gazebo/share/turtlebot3_gazebo//models/turtlebot3_house/table_marble/materials/scripts/table_lightmap.material
[23.134s] -- Installing: /home/dylan-george/MTRX3760_Project_1/turtlebot3_ws/install/turtlebot3_gazebo/share/turtlebot3_gazebo//models/turtlebot3_house/textures
[23.135s] -- Installing: /home/dylan-george/MTRX3760_Project_1/turtlebot3_ws/install/turtlebot3_gazebo/share/turtlebot3_gazebo//models/turtlebot3_house/textures/bricks.png
[23.137s] -- Installing: /home/dylan-george/MTRX3760_Project_1/turtlebot3_ws/install/turtlebot3_gazebo/share/turtlebot3_gazebo//models/turtlebot3_house/textures/wood.png
[23.138s] -- Installing: /home/dylan-george/MTRX3760_Project_1/turtlebot3_ws/install/turtlebot3_gazebo/share/turtlebot3_gazebo//models/turtlebot3_house/model.config
[23.138s] -- Installing: /home/dylan-george/MTRX3760_Project_1/turtlebot3_ws/install/turtlebot3_gazebo/share/turtlebot3_gazebo//models/turtlebot3_house/model.sdf
[23.139s] -- Installing: /home/dylan-george/MTRX3760_Project_1/turtlebot3_ws/install/turtlebot3_gazebo/share/turtlebot3_gazebo//models/turtlebot3_house/mailbox
[23.139s] -- Installing: /home/dylan-george/MTRX3760_Project_1/turtlebot3_ws/install/turtlebot3_gazebo/share/turtlebot3_gazebo//models/turtlebot3_house/mailbox/meshes
[23.139s] -- Installing: /home/dylan-george/MTRX3760_Project_1/turtlebot3_ws/install/turtlebot3_gazebo/share/turtlebot3_gazebo//models/turtlebot3_house/mailbox/meshes/mailbox.dae
[23.139s] -- Installing: /home/dylan-george/MTRX3760_Project_1/turtlebot3_ws/install/turtlebot3_gazebo/share/turtlebot3_gazebo//models/turtlebot3_house/mailbox/model-1_3.sdf
[23.139s] -- Installing: /home/dylan-george/MTRX3760_Project_1/turtlebot3_ws/install/turtlebot3_gazebo/share/turtlebot3_gazebo//models/turtlebot3_house/mailbox/model.config
[23.140s] -- Installing: /home/dylan-george/MTRX3760_Project_1/turtlebot3_ws/install/turtlebot3_gazebo/share/turtlebot3_gazebo//models/turtlebot3_house/mailbox/model-1_4.sdf
[23.140s] -- Installing: /home/dylan-george/MTRX3760_Project_1/turtlebot3_ws/install/turtlebot3_gazebo/share/turtlebot3_gazebo//models/turtlebot3_house/mailbox/model.sdf
[23.140s] -- Installing: /home/dylan-george/MTRX3760_Project_1/turtlebot3_ws/install/turtlebot3_gazebo/share/turtlebot3_gazebo//models/turtlebot3_house/mailbox/materials
[23.140s] -- Installing: /home/dylan-george/MTRX3760_Project_1/turtlebot3_ws/install/turtlebot3_gazebo/share/turtlebot3_gazebo//models/turtlebot3_house/mailbox/materials/textures
[23.140s] -- Installing: /home/dylan-george/MTRX3760_Project_1/turtlebot3_ws/install/turtlebot3_gazebo/share/turtlebot3_gazebo//models/turtlebot3_house/mailbox/materials/textures/Mailbox_Diffuse.png
[23.141s] -- Installing: /home/dylan-george/MTRX3760_Project_1/turtlebot3_ws/install/turtlebot3_gazebo/share/turtlebot3_gazebo//models/turtlebot3_house/mailbox/materials/textures/Mailbox_Spec.png
[23.142s] -- Installing: /home/dylan-george/MTRX3760_Project_1/turtlebot3_ws/install/turtlebot3_gazebo/share/turtlebot3_gazebo//models/turtlebot3_house/mailbox/materials/textures/Mailbox_Diffuse.tga.orig
[23.144s] -- Installing: /home/dylan-george/MTRX3760_Project_1/turtlebot3_ws/install/turtlebot3_gazebo/share/turtlebot3_gazebo//models/turtlebot3_house/mailbox/materials/scripts
[23.144s] -- Installing: /home/dylan-george/MTRX3760_Project_1/turtlebot3_ws/install/turtlebot3_gazebo/share/turtlebot3_gazebo//models/turtlebot3_house/mailbox/materials/scripts/mailbox.material
[23.144s] -- Installing: /home/dylan-george/MTRX3760_Project_1/turtlebot3_ws/install/turtlebot3_gazebo/share/turtlebot3_gazebo//models/turtlebot3_house/first_2015_trash_can
[23.145s] -- Installing: /home/dylan-george/MTRX3760_Project_1/turtlebot3_ws/install/turtlebot3_gazebo/share/turtlebot3_gazebo//models/turtlebot3_house/first_2015_trash_can/meshes
[23.145s] -- Installing: /home/dylan-george/MTRX3760_Project_1/turtlebot3_ws/install/turtlebot3_gazebo/share/turtlebot3_gazebo//models/turtlebot3_house/first_2015_trash_can/meshes/trash_can.dae
[23.146s] -- Installing: /home/dylan-george/MTRX3760_Project_1/turtlebot3_ws/install/turtlebot3_gazebo/share/turtlebot3_gazebo//models/turtlebot3_house/first_2015_trash_can/model.config
[23.146s] -- Installing: /home/dylan-george/MTRX3760_Project_1/turtlebot3_ws/install/turtlebot3_gazebo/share/turtlebot3_gazebo//models/turtlebot3_house/first_2015_trash_can/model.sdf
[23.147s] -- Installing: /home/dylan-george/MTRX3760_Project_1/turtlebot3_ws/install/turtlebot3_gazebo/share/turtlebot3_gazebo//models/turtlebot3_house/cafe_table
[23.147s] -- Installing: /home/dylan-george/MTRX3760_Project_1/turtlebot3_ws/install/turtlebot3_gazebo/share/turtlebot3_gazebo//models/turtlebot3_house/cafe_table/meshes
[23.147s] -- Installing: /home/dylan-george/MTRX3760_Project_1/turtlebot3_ws/install/turtlebot3_gazebo/share/turtlebot3_gazebo//models/turtlebot3_house/cafe_table/meshes/cafe_table.dae
[23.147s] -- Installing: /home/dylan-george/MTRX3760_Project_1/turtlebot3_ws/install/turtlebot3_gazebo/share/turtlebot3_gazebo//models/turtlebot3_house/cafe_table/model.config
[23.147s] -- Installing: /home/dylan-george/MTRX3760_Project_1/turtlebot3_ws/install/turtlebot3_gazebo/share/turtlebot3_gazebo//models/turtlebot3_house/cafe_table/model-1_4.sdf
[23.147s] -- Installing: /home/dylan-george/MTRX3760_Project_1/turtlebot3_ws/install/turtlebot3_gazebo/share/turtlebot3_gazebo//models/turtlebot3_house/cafe_table/model.sdf
[23.148s] -- Installing: /home/dylan-george/MTRX3760_Project_1/turtlebot3_ws/install/turtlebot3_gazebo/share/turtlebot3_gazebo//models/turtlebot3_house/cafe_table/materials
[23.148s] -- Installing: /home/dylan-george/MTRX3760_Project_1/turtlebot3_ws/install/turtlebot3_gazebo/share/turtlebot3_gazebo//models/turtlebot3_house/cafe_table/materials/textures
[23.148s] -- Installing: /home/dylan-george/MTRX3760_Project_1/turtlebot3_ws/install/turtlebot3_gazebo/share/turtlebot3_gazebo//models/turtlebot3_house/cafe_table/materials/textures/Wood_Floor_Dark.jpg
[23.149s] -- Installing: /home/dylan-george/MTRX3760_Project_1/turtlebot3_ws/install/turtlebot3_gazebo/share/turtlebot3_gazebo//models/turtlebot3_house/cafe_table/materials/textures/Maple.jpg
[23.149s] -- Installing: /home/dylan-george/MTRX3760_Project_1/turtlebot3_ws/install/turtlebot3_gazebo/share/turtlebot3_gazebo//models/turtlebot3_dqn_world
[23.149s] -- Installing: /home/dylan-george/MTRX3760_Project_1/turtlebot3_ws/install/turtlebot3_gazebo/share/turtlebot3_gazebo//models/turtlebot3_dqn_world/textures
[23.149s] -- Installing: /home/dylan-george/MTRX3760_Project_1/turtlebot3_ws/install/turtlebot3_gazebo/share/turtlebot3_gazebo//models/turtlebot3_dqn_world/textures/wood.png
[23.150s] -- Installing: /home/dylan-george/MTRX3760_Project_1/turtlebot3_ws/install/turtlebot3_gazebo/share/turtlebot3_gazebo//models/turtlebot3_dqn_world/goal_box
[23.150s] -- Installing: /home/dylan-george/MTRX3760_Project_1/turtlebot3_ws/install/turtlebot3_gazebo/share/turtlebot3_gazebo//models/turtlebot3_dqn_world/goal_box/model.config
[23.150s] -- Installing: /home/dylan-george/MTRX3760_Project_1/turtlebot3_ws/install/turtlebot3_gazebo/share/turtlebot3_gazebo//models/turtlebot3_dqn_world/goal_box/model.sdf
[23.150s] -- Installing: /home/dylan-george/MTRX3760_Project_1/turtlebot3_ws/install/turtlebot3_gazebo/share/turtlebot3_gazebo//models/turtlebot3_dqn_world/obstacle2
[23.151s] -- Installing: /home/dylan-george/MTRX3760_Project_1/turtlebot3_ws/install/turtlebot3_gazebo/share/turtlebot3_gazebo//models/turtlebot3_dqn_world/obstacle2/model.config
[23.151s] -- Installing: /home/dylan-george/MTRX3760_Project_1/turtlebot3_ws/install/turtlebot3_gazebo/share/turtlebot3_gazebo//models/turtlebot3_dqn_world/obstacle2/model.sdf
[23.151s] -- Installing: /home/dylan-george/MTRX3760_Project_1/turtlebot3_ws/install/turtlebot3_gazebo/share/turtlebot3_gazebo//models/turtlebot3_dqn_world/model.config
[23.151s] -- Installing: /home/dylan-george/MTRX3760_Project_1/turtlebot3_ws/install/turtlebot3_gazebo/share/turtlebot3_gazebo//models/turtlebot3_dqn_world/inner_walls
[23.151s] -- Installing: /home/dylan-george/MTRX3760_Project_1/turtlebot3_ws/install/turtlebot3_gazebo/share/turtlebot3_gazebo//models/turtlebot3_dqn_world/inner_walls/textures
[23.151s] -- Installing: /home/dylan-george/MTRX3760_Project_1/turtlebot3_ws/install/turtlebot3_gazebo/share/turtlebot3_gazebo//models/turtlebot3_dqn_world/inner_walls/textures/wood.png
[23.152s] -- Installing: /home/dylan-george/MTRX3760_Project_1/turtlebot3_ws/install/turtlebot3_gazebo/share/turtlebot3_gazebo//models/turtlebot3_dqn_world/inner_walls/model.config
[23.152s] -- Installing: /home/dylan-george/MTRX3760_Project_1/turtlebot3_ws/install/turtlebot3_gazebo/share/turtlebot3_gazebo//models/turtlebot3_dqn_world/inner_walls/model.sdf
[23.152s] -- Installing: /home/dylan-george/MTRX3760_Project_1/turtlebot3_ws/install/turtlebot3_gazebo/share/turtlebot3_gazebo//models/turtlebot3_dqn_world/model.sdf
[23.153s] -- Installing: /home/dylan-george/MTRX3760_Project_1/turtlebot3_ws/install/turtlebot3_gazebo/share/turtlebot3_gazebo//models/turtlebot3_dqn_world/obstacles
[23.153s] -- Installing: /home/dylan-george/MTRX3760_Project_1/turtlebot3_ws/install/turtlebot3_gazebo/share/turtlebot3_gazebo//models/turtlebot3_dqn_world/obstacles/model.config
[23.153s] -- Installing: /home/dylan-george/MTRX3760_Project_1/turtlebot3_ws/install/turtlebot3_gazebo/share/turtlebot3_gazebo//models/turtlebot3_dqn_world/obstacles/model.sdf
[23.153s] -- Installing: /home/dylan-george/MTRX3760_Project_1/turtlebot3_ws/install/turtlebot3_gazebo/share/turtlebot3_gazebo//models/turtlebot3_dqn_world/obstacle1
[23.153s] -- Installing: /home/dylan-george/MTRX3760_Project_1/turtlebot3_ws/install/turtlebot3_gazebo/share/turtlebot3_gazebo//models/turtlebot3_dqn_world/obstacle1/model.config
[23.154s] -- Installing: /home/dylan-george/MTRX3760_Project_1/turtlebot3_ws/install/turtlebot3_gazebo/share/turtlebot3_gazebo//models/turtlebot3_dqn_world/obstacle1/model.sdf
[23.154s] -- Installing: /home/dylan-george/MTRX3760_Project_1/turtlebot3_ws/install/turtlebot3_gazebo/share/turtlebot3_gazebo//models/turtlebot3_common
[23.154s] -- Installing: /home/dylan-george/MTRX3760_Project_1/turtlebot3_ws/install/turtlebot3_gazebo/share/turtlebot3_gazebo//models/turtlebot3_common/meshes
[23.154s] -- Installing: /home/dylan-george/MTRX3760_Project_1/turtlebot3_ws/install/turtlebot3_gazebo/share/turtlebot3_gazebo//models/turtlebot3_common/meshes/waffle_pi_base.dae
[23.154s] -- Installing: /home/dylan-george/MTRX3760_Project_1/turtlebot3_ws/install/turtlebot3_gazebo/share/turtlebot3_gazebo//models/turtlebot3_common/meshes/lds.dae
[23.154s] -- Installing: /home/dylan-george/MTRX3760_Project_1/turtlebot3_ws/install/turtlebot3_gazebo/share/turtlebot3_gazebo//models/turtlebot3_common/meshes/waffle_base.dae
[23.155s] -- Installing: /home/dylan-george/MTRX3760_Project_1/turtlebot3_ws/install/turtlebot3_gazebo/share/turtlebot3_gazebo//models/turtlebot3_common/meshes/burger_base.dae
[23.155s] -- Installing: /home/dylan-george/MTRX3760_Project_1/turtlebot3_ws/install/turtlebot3_gazebo/share/turtlebot3_gazebo//models/turtlebot3_common/meshes/r200.dae
[23.156s] -- Installing: /home/dylan-george/MTRX3760_Project_1/turtlebot3_ws/install/turtlebot3_gazebo/share/turtlebot3_gazebo//models/turtlebot3_common/meshes/wheels
[23.156s] -- Installing: /home/dylan-george/MTRX3760_Project_1/turtlebot3_ws/install/turtlebot3_gazebo/share/turtlebot3_gazebo//models/turtlebot3_common/meshes/wheels/left_tire.stl
[23.158s] -- Installing: /home/dylan-george/MTRX3760_Project_1/turtlebot3_ws/install/turtlebot3_gazebo/share/turtlebot3_gazebo//models/turtlebot3_common/meshes/wheels/right_tire.stl
[23.161s] -- Installing: /home/dylan-george/MTRX3760_Project_1/turtlebot3_ws/install/turtlebot3_gazebo/share/turtlebot3_gazebo//models/turtlebot3_common/meshes/sensors
[23.161s] -- Installing: /home/dylan-george/MTRX3760_Project_1/turtlebot3_ws/install/turtlebot3_gazebo/share/turtlebot3_gazebo//models/turtlebot3_common/meshes/sensors/r200.jpg
[23.161s] -- Installing: /home/dylan-george/MTRX3760_Project_1/turtlebot3_ws/install/turtlebot3_gazebo/share/turtlebot3_gazebo//models/turtlebot3_common/meshes/sensors/astra.jpg
[23.162s] -- Installing: /home/dylan-george/MTRX3760_Project_1/turtlebot3_ws/install/turtlebot3_gazebo/share/turtlebot3_gazebo//models/turtlebot3_common/meshes/sensors/r200.dae
[23.163s] -- Installing: /home/dylan-george/MTRX3760_Project_1/turtlebot3_ws/install/turtlebot3_gazebo/share/turtlebot3_gazebo//models/turtlebot3_common/meshes/sensors/lds.stl
[23.165s] -- Installing: /home/dylan-george/MTRX3760_Project_1/turtlebot3_ws/install/turtlebot3_gazebo/share/turtlebot3_gazebo//models/turtlebot3_common/meshes/sensors/astra.dae
[23.175s] -- Installing: /home/dylan-george/MTRX3760_Project_1/turtlebot3_ws/install/turtlebot3_gazebo/share/turtlebot3_gazebo//models/turtlebot3_common/meshes/bases
[23.175s] -- Installing: /home/dylan-george/MTRX3760_Project_1/turtlebot3_ws/install/turtlebot3_gazebo/share/turtlebot3_gazebo//models/turtlebot3_common/meshes/bases/waffle_pi_base.stl
[23.185s] -- Installing: /home/dylan-george/MTRX3760_Project_1/turtlebot3_ws/install/turtlebot3_gazebo/share/turtlebot3_gazebo//models/turtlebot3_common/meshes/bases/burger_base.stl
[23.192s] -- Installing: /home/dylan-george/MTRX3760_Project_1/turtlebot3_ws/install/turtlebot3_gazebo/share/turtlebot3_gazebo//models/turtlebot3_common/meshes/bases/waffle_base.stl
[23.210s] -- Installing: /home/dylan-george/MTRX3760_Project_1/turtlebot3_ws/install/turtlebot3_gazebo/share/turtlebot3_gazebo//models/turtlebot3_common/meshes/tire.dae
[23.210s] -- Installing: /home/dylan-george/MTRX3760_Project_1/turtlebot3_ws/install/turtlebot3_gazebo/share/turtlebot3_gazebo//models/turtlebot3_common/model.config
[23.211s] -- Installing: /home/dylan-george/MTRX3760_Project_1/turtlebot3_ws/install/turtlebot3_gazebo/share/turtlebot3_gazebo//params
[23.211s] -- Installing: /home/dylan-george/MTRX3760_Project_1/turtlebot3_ws/install/turtlebot3_gazebo/share/turtlebot3_gazebo//params/turtlebot3_burger_cam_bridge.yaml
[23.211s] -- Installing: /home/dylan-george/MTRX3760_Project_1/turtlebot3_ws/install/turtlebot3_gazebo/share/turtlebot3_gazebo//params/turtlebot3_waffle_bridge.yaml
[23.211s] -- Installing: /home/dylan-george/MTRX3760_Project_1/turtlebot3_ws/install/turtlebot3_gazebo/share/turtlebot3_gazebo//params/turtlebot3_waffle_pi_bridge.yaml
[23.211s] -- Installing: /home/dylan-george/MTRX3760_Project_1/turtlebot3_ws/install/turtlebot3_gazebo/share/turtlebot3_gazebo//params/turtlebot3_burger_bridge.yaml
[23.212s] -- Installing: /home/dylan-george/MTRX3760_Project_1/turtlebot3_ws/install/turtlebot3_gazebo/share/turtlebot3_gazebo//rviz
[23.212s] -- Installing: /home/dylan-george/MTRX3760_Project_1/turtlebot3_ws/install/turtlebot3_gazebo/share/turtlebot3_gazebo//rviz/tb3_gazebo.rviz
[23.212s] -- Installing: /home/dylan-george/MTRX3760_Project_1/turtlebot3_ws/install/turtlebot3_gazebo/share/turtlebot3_gazebo//urdf
[23.212s] -- Installing: /home/dylan-george/MTRX3760_Project_1/turtlebot3_ws/install/turtlebot3_gazebo/share/turtlebot3_gazebo//urdf/common_properties.urdf
[23.212s] -- Installing: /home/dylan-george/MTRX3760_Project_1/turtlebot3_ws/install/turtlebot3_gazebo/share/turtlebot3_gazebo//urdf/turtlebot3_burger.urdf
[23.212s] -- Installing: /home/dylan-george/MTRX3760_Project_1/turtlebot3_ws/install/turtlebot3_gazebo/share/turtlebot3_gazebo//urdf/turtlebot3_waffle.urdf
[23.212s] -- Installing: /home/dylan-george/MTRX3760_Project_1/turtlebot3_ws/install/turtlebot3_gazebo/share/turtlebot3_gazebo//urdf/turtlebot3_burger_cam.urdf
[23.212s] -- Installing: /home/dylan-george/MTRX3760_Project_1/turtlebot3_ws/install/turtlebot3_gazebo/share/turtlebot3_gazebo//urdf/turtlebot3_waffle_pi.urdf
[23.213s] -- Installing: /home/dylan-george/MTRX3760_Project_1/turtlebot3_ws/install/turtlebot3_gazebo/share/turtlebot3_gazebo//worlds
[23.213s] -- Installing: /home/dylan-george/MTRX3760_Project_1/turtlebot3_ws/install/turtlebot3_gazebo/share/turtlebot3_gazebo//worlds/turtlebot3_dqn_stage1.world
[23.213s] -- Installing: /home/dylan-george/MTRX3760_Project_1/turtlebot3_ws/install/turtlebot3_gazebo/share/turtlebot3_gazebo//worlds/enclosed_maze.world
[23.213s] -- Installing: /home/dylan-george/MTRX3760_Project_1/turtlebot3_ws/install/turtlebot3_gazebo/share/turtlebot3_gazebo//worlds/turtlebot3_dqn_stage3.world
[23.213s] -- Installing: /home/dylan-george/MTRX3760_Project_1/turtlebot3_ws/install/turtlebot3_gazebo/share/turtlebot3_gazebo//worlds/turtlebot3_dqn_stage2.world
[23.214s] -- Installing: /home/dylan-george/MTRX3760_Project_1/turtlebot3_ws/install/turtlebot3_gazebo/share/turtlebot3_gazebo//worlds/open_maze.world
[23.214s] -- Installing: /home/dylan-george/MTRX3760_Project_1/turtlebot3_ws/install/turtlebot3_gazebo/share/turtlebot3_gazebo//worlds/floating_maze.world
[23.214s] -- Installing: /home/dylan-george/MTRX3760_Project_1/turtlebot3_ws/install/turtlebot3_gazebo/share/turtlebot3_gazebo//worlds/turtlebot3_autorace_2020.world
[23.214s] -- Installing: /home/dylan-george/MTRX3760_Project_1/turtlebot3_ws/install/turtlebot3_gazebo/share/turtlebot3_gazebo//worlds/turtlebot3_dqn_stage4.world
[23.214s] -- Installing: /home/dylan-george/MTRX3760_Project_1/turtlebot3_ws/install/turtlebot3_gazebo/include/
[23.215s] -- Installing: /home/dylan-george/MTRX3760_Project_1/turtlebot3_ws/install/turtlebot3_gazebo/include//turtlebot3_gazebo
[23.215s] -- Installing: /home/dylan-george/MTRX3760_Project_1/turtlebot3_ws/install/turtlebot3_gazebo/include//turtlebot3_gazebo/obstacle2.hpp
[23.215s] -- Installing: /home/dylan-george/MTRX3760_Project_1/turtlebot3_ws/install/turtlebot3_gazebo/include//turtlebot3_gazebo/traffic_bar_plugin.hpp
[23.215s] -- Installing: /home/dylan-george/MTRX3760_Project_1/turtlebot3_ws/install/turtlebot3_gazebo/include//turtlebot3_gazebo/CCameraRedDetector.hpp
[23.215s] -- Installing: /home/dylan-george/MTRX3760_Project_1/turtlebot3_ws/install/turtlebot3_gazebo/include//turtlebot3_gazebo/CWallFollowingController.hpp
[23.215s] -- Installing: /home/dylan-george/MTRX3760_Project_1/turtlebot3_ws/install/turtlebot3_gazebo/include//turtlebot3_gazebo/traffic_light_plugin.hpp
[23.215s] -- Installing: /home/dylan-george/MTRX3760_Project_1/turtlebot3_ws/install/turtlebot3_gazebo/include//turtlebot3_gazebo/CPIDController.hpp
[23.215s] -- Installing: /home/dylan-george/MTRX3760_Project_1/turtlebot3_ws/install/turtlebot3_gazebo/include//turtlebot3_gazebo/obstacle1.hpp
[23.215s] -- Installing: /home/dylan-george/MTRX3760_Project_1/turtlebot3_ws/install/turtlebot3_gazebo/include//turtlebot3_gazebo/obstacles.hpp
[23.215s] -- Installing: /home/dylan-george/MTRX3760_Project_1/turtlebot3_ws/install/turtlebot3_gazebo/include//turtlebot3_gazebo/CTurtlebot3Sensor.hpp
[23.215s] -- Installing: /home/dylan-george/MTRX3760_Project_1/turtlebot3_ws/install/turtlebot3_gazebo/include//turtlebot3_gazebo/CTurtlebot3Drive.hpp
[23.216s] -- Installing: /home/dylan-george/MTRX3760_Project_1/turtlebot3_ws/install/turtlebot3_gazebo/share/ament_index/resource_index/package_run_dependencies/turtlebot3_gazebo
[23.216s] -- Installing: /home/dylan-george/MTRX3760_Project_1/turtlebot3_ws/install/turtlebot3_gazebo/share/ament_index/resource_index/parent_prefix_path/turtlebot3_gazebo
[23.216s] -- Installing: /home/dylan-george/MTRX3760_Project_1/turtlebot3_ws/install/turtlebot3_gazebo/share/turtlebot3_gazebo/environment/ament_prefix_path.sh
[23.216s] -- Installing: /home/dylan-george/MTRX3760_Project_1/turtlebot3_ws/install/turtlebot3_gazebo/share/turtlebot3_gazebo/environment/ament_prefix_path.dsv
[23.216s] -- Installing: /home/dylan-george/MTRX3760_Project_1/turtlebot3_ws/install/turtlebot3_gazebo/share/turtlebot3_gazebo/environment/path.sh
[23.216s] -- Installing: /home/dylan-george/MTRX3760_Project_1/turtlebot3_ws/install/turtlebot3_gazebo/share/turtlebot3_gazebo/environment/path.dsv
[23.216s] -- Installing: /home/dylan-george/MTRX3760_Project_1/turtlebot3_ws/install/turtlebot3_gazebo/share/turtlebot3_gazebo/local_setup.bash
[23.216s] -- Installing: /home/dylan-george/MTRX3760_Project_1/turtlebot3_ws/install/turtlebot3_gazebo/share/turtlebot3_gazebo/local_setup.sh
[23.216s] -- Installing: /home/dylan-george/MTRX3760_Project_1/turtlebot3_ws/install/turtlebot3_gazebo/share/turtlebot3_gazebo/local_setup.zsh
[23.216s] -- Installing: /home/dylan-george/MTRX3760_Project_1/turtlebot3_ws/install/turtlebot3_gazebo/share/turtlebot3_gazebo/local_setup.dsv
[23.217s] -- Installing: /home/dylan-george/MTRX3760_Project_1/turtlebot3_ws/install/turtlebot3_gazebo/share/turtlebot3_gazebo/package.dsv
[23.217s] -- Installing: /home/dylan-george/MTRX3760_Project_1/turtlebot3_ws/install/turtlebot3_gazebo/share/ament_index/resource_index/packages/turtlebot3_gazebo
[23.217s] -- Installing: /home/dylan-george/MTRX3760_Project_1/turtlebot3_ws/install/turtlebot3_gazebo/share/turtlebot3_gazebo/cmake/ament_cmake_export_include_directories-extras.cmake
[23.217s] -- Installing: /home/dylan-george/MTRX3760_Project_1/turtlebot3_ws/install/turtlebot3_gazebo/share/turtlebot3_gazebo/cmake/ament_cmake_export_dependencies-extras.cmake
[23.217s] -- Installing: /home/dylan-george/MTRX3760_Project_1/turtlebot3_ws/install/turtlebot3_gazebo/share/turtlebot3_gazebo/cmake/turtlebot3_gazeboConfig.cmake
[23.217s] -- Installing: /home/dylan-george/MTRX3760_Project_1/turtlebot3_ws/install/turtlebot3_gazebo/share/turtlebot3_gazebo/cmake/turtlebot3_gazeboConfig-version.cmake
[23.217s] -- Installing: /home/dylan-george/MTRX3760_Project_1/turtlebot3_ws/install/turtlebot3_gazebo/share/turtlebot3_gazebo/package.xml
[23.219s] Invoked command in '/home/dylan-george/MTRX3760_Project_1/turtlebot3_ws/build/turtlebot3_gazebo' returned '0': CMAKE_PREFIX_PATH=${CMAKE_PREFIX_PATH}:/home/dylan-george/MTRX3760_Project_1/turtlebot3_ws/install/turtlebot3_teleop:/home/dylan-george/MTRX3760_Project_1/turtlebot3_ws/install/turtlebot3_example:/home/dylan-george/ros2_ws/install/launch_testing_examples:/home/dylan-george/ros2_ws/install/examples_rclpy_pointcloud_publisher:/home/dylan-george/ros2_ws/install/examples_rclpy_minimal_subscriber:/home/dylan-george/ros2_ws/install/examples_rclpy_minimal_service:/home/dylan-george/ros2_ws/install/examples_rclpy_minimal_publisher:/home/dylan-george/ros2_ws/install/examples_rclpy_minimal_client:/home/dylan-george/ros2_ws/install/examples_rclpy_minimal_action_server:/home/dylan-george/ros2_ws/install/examples_rclpy_minimal_action_client:/home/dylan-george/ros2_ws/install/examples_rclpy_guard_conditions:/home/dylan-george/ros2_ws/install/examples_rclpy_executors:/opt/ros/jazzy DEBUGINFOD_URLS=https://debuginfod.ubuntu.com /usr/bin/cmake --install /home/dylan-george/MTRX3760_Project_1/turtlebot3_ws/build/turtlebot3_gazebo
