[0.993s] Invoking command in '/home/filipgus/Desktop/MTRX3760_Project_2/turtlebot3_ws/src/turtlebot3/turtlebot3_teleop': DEBUGINFOD_URLS=https://debuginfod.ubuntu.com PYTHONPATH=/home/filipgus/Desktop/MTRX3760_Project_2/turtlebot3_ws/build/turtlebot3_teleop/prefix_override:/usr/lib/python3/dist-packages/colcon_core/task/python/colcon_distutils_commands:/home/filipgus/Desktop/MTRX3760_Project_2/turtlebot3_ws/install/turtlebot3_teleop/lib/python3.12/site-packages:${PYTHONPATH} /usr/bin/python3 -W ignore:setup.py install is deprecated -W ignore:easy_install command is deprecated setup.py egg_info --egg-base ../../../build/turtlebot3_teleop build --build-base /home/filipgus/Desktop/MTRX3760_Project_2/turtlebot3_ws/build/turtlebot3_teleop/build install --record /home/filipgus/Desktop/MTRX3760_Project_2/turtlebot3_ws/build/turtlebot3_teleop/install.log --single-version-externally-managed install_data
[1.739s] running egg_info
[1.743s] creating ../../../build/turtlebot3_teleop/turtlebot3_teleop.egg-info
[1.771s] writing ../../../build/turtlebot3_teleop/turtlebot3_teleop.egg-info/PKG-INFO
[1.771s] writing dependency_links to ../../../build/turtlebot3_teleop/turtlebot3_teleop.egg-info/dependency_links.txt
[1.771s] writing entry points to ../../../build/turtlebot3_teleop/turtlebot3_teleop.egg-info/entry_points.txt
[1.771s] writing requirements to ../../../build/turtlebot3_teleop/turtlebot3_teleop.egg-info/requires.txt
[1.771s] writing top-level names to ../../../build/turtlebot3_teleop/turtlebot3_teleop.egg-info/top_level.txt
[1.771s] writing manifest file '../../../build/turtlebot3_teleop/turtlebot3_teleop.egg-info/SOURCES.txt'
[1.792s] reading manifest file '../../../build/turtlebot3_teleop/turtlebot3_teleop.egg-info/SOURCES.txt'
[1.793s] writing manifest file '../../../build/turtlebot3_teleop/turtlebot3_teleop.egg-info/SOURCES.txt'
[1.793s] running build
[1.793s] running build_py
[1.793s] creating /home/filipgus/Desktop/MTRX3760_Project_2/turtlebot3_ws/build/turtlebot3_teleop/build
[1.793s] creating /home/filipgus/Desktop/MTRX3760_Project_2/turtlebot3_ws/build/turtlebot3_teleop/build/lib
[1.793s] creating /home/filipgus/Desktop/MTRX3760_Project_2/turtlebot3_ws/build/turtlebot3_teleop/build/lib/turtlebot3_teleop
[1.794s] copying turtlebot3_teleop/__init__.py -> /home/filipgus/Desktop/MTRX3760_Project_2/turtlebot3_ws/build/turtlebot3_teleop/build/lib/turtlebot3_teleop
[1.794s] creating /home/filipgus/Desktop/MTRX3760_Project_2/turtlebot3_ws/build/turtlebot3_teleop/build/lib/turtlebot3_teleop/script
[1.794s] copying turtlebot3_teleop/script/__init__.py -> /home/filipgus/Desktop/MTRX3760_Project_2/turtlebot3_ws/build/turtlebot3_teleop/build/lib/turtlebot3_teleop/script
[1.794s] copying turtlebot3_teleop/script/teleop_keyboard.py -> /home/filipgus/Desktop/MTRX3760_Project_2/turtlebot3_ws/build/turtlebot3_teleop/build/lib/turtlebot3_teleop/script
[1.794s] running install
[1.798s] running install_lib
[1.808s] creating /home/filipgus/Desktop/MTRX3760_Project_2/turtlebot3_ws/install/turtlebot3_teleop/lib/python3.12/site-packages/turtlebot3_teleop
[1.808s] copying /home/filipgus/Desktop/MTRX3760_Project_2/turtlebot3_ws/build/turtlebot3_teleop/build/lib/turtlebot3_teleop/__init__.py -> /home/filipgus/Desktop/MTRX3760_Project_2/turtlebot3_ws/install/turtlebot3_teleop/lib/python3.12/site-packages/turtlebot3_teleop
[1.808s] creating /home/filipgus/Desktop/MTRX3760_Project_2/turtlebot3_ws/install/turtlebot3_teleop/lib/python3.12/site-packages/turtlebot3_teleop/script
[1.808s] copying /home/filipgus/Desktop/MTRX3760_Project_2/turtlebot3_ws/build/turtlebot3_teleop/build/lib/turtlebot3_teleop/script/__init__.py -> /home/filipgus/Desktop/MTRX3760_Project_2/turtlebot3_ws/install/turtlebot3_teleop/lib/python3.12/site-packages/turtlebot3_teleop/script
[1.809s] copying /home/filipgus/Desktop/MTRX3760_Project_2/turtlebot3_ws/build/turtlebot3_teleop/build/lib/turtlebot3_teleop/script/teleop_keyboard.py -> /home/filipgus/Desktop/MTRX3760_Project_2/turtlebot3_ws/install/turtlebot3_teleop/lib/python3.12/site-packages/turtlebot3_teleop/script
[1.809s] byte-compiling /home/filipgus/Desktop/MTRX3760_Project_2/turtlebot3_ws/install/turtlebot3_teleop/lib/python3.12/site-packages/turtlebot3_teleop/__init__.py to __init__.cpython-312.pyc
[1.809s] byte-compiling /home/filipgus/Desktop/MTRX3760_Project_2/turtlebot3_ws/install/turtlebot3_teleop/lib/python3.12/site-packages/turtlebot3_teleop/script/__init__.py to __init__.cpython-312.pyc
[1.809s] byte-compiling /home/filipgus/Desktop/MTRX3760_Project_2/turtlebot3_ws/install/turtlebot3_teleop/lib/python3.12/site-packages/turtlebot3_teleop/script/teleop_keyboard.py to teleop_keyboard.cpython-312.pyc
[1.810s] running install_data
[1.810s] creating /home/filipgus/Desktop/MTRX3760_Project_2/turtlebot3_ws/install/turtlebot3_teleop/share/ament_index
[1.810s] creating /home/filipgus/Desktop/MTRX3760_Project_2/turtlebot3_ws/install/turtlebot3_teleop/share/ament_index/resource_index
[1.810s] creating /home/filipgus/Desktop/MTRX3760_Project_2/turtlebot3_ws/install/turtlebot3_teleop/share/ament_index/resource_index/packages
[1.810s] copying resource/turtlebot3_teleop -> /home/filipgus/Desktop/MTRX3760_Project_2/turtlebot3_ws/install/turtlebot3_teleop/share/ament_index/resource_index/packages
[1.810s] copying package.xml -> /home/filipgus/Desktop/MTRX3760_Project_2/turtlebot3_ws/install/turtlebot3_teleop/share/turtlebot3_teleop
[1.810s] running install_egg_info
[1.821s] Copying ../../../build/turtlebot3_teleop/turtlebot3_teleop.egg-info to /home/filipgus/Desktop/MTRX3760_Project_2/turtlebot3_ws/install/turtlebot3_teleop/lib/python3.12/site-packages/turtlebot3_teleop-2.3.3-py3.12.egg-info
[1.821s] running install_scripts
[1.893s] Installing teleop_keyboard script to /home/filipgus/Desktop/MTRX3760_Project_2/turtlebot3_ws/install/turtlebot3_teleop/lib/turtlebot3_teleop
[1.893s] writing list of installed files to '/home/filipgus/Desktop/MTRX3760_Project_2/turtlebot3_ws/build/turtlebot3_teleop/install.log'
[1.921s] Invoked command in '/home/filipgus/Desktop/MTRX3760_Project_2/turtlebot3_ws/src/turtlebot3/turtlebot3_teleop' returned '0': DEBUGINFOD_URLS=https://debuginfod.ubuntu.com PYTHONPATH=/home/filipgus/Desktop/MTRX3760_Project_2/turtlebot3_ws/build/turtlebot3_teleop/prefix_override:/usr/lib/python3/dist-packages/colcon_core/task/python/colcon_distutils_commands:/home/filipgus/Desktop/MTRX3760_Project_2/turtlebot3_ws/install/turtlebot3_teleop/lib/python3.12/site-packages:${PYTHONPATH} /usr/bin/python3 -W ignore:setup.py install is deprecated -W ignore:easy_install command is deprecated setup.py egg_info --egg-base ../../../build/turtlebot3_teleop build --build-base /home/filipgus/Desktop/MTRX3760_Project_2/turtlebot3_ws/build/turtlebot3_teleop/build install --record /home/filipgus/Desktop/MTRX3760_Project_2/turtlebot3_ws/build/turtlebot3_teleop/install.log --single-version-externally-managed install_data
