[0.038s] Invoking command in '/home/filipgus/Desktop/MTRX3760_Project_2/turtlebot3_ws/build/turtlebot3_node': AMENT_PREFIX_PATH=/home/filipgus/Desktop/MTRX3760_Project_2/turtlebot3_ws/install/turtlebot3_msgs:/home/filipgus/Desktop/MTRX3760_Project_2/turtlebot3_ws/install/dynamixel_sdk:${AMENT_PREFIX_PATH} CMAKE_PREFIX_PATH=/home/filipgus/Desktop/MTRX3760_Project_2/turtlebot3_ws/install/turtlebot3_msgs:/home/filipgus/Desktop/MTRX3760_Project_2/turtlebot3_ws/install/dynamixel_sdk:/home/filipgus/turtlebot3_ws/install/turtlebot3:/home/filipgus/turtlebot3_ws/install/turtlebot3_simulations:/home/filipgus/turtlebot3_ws/install/turtlebot3_bringup:/home/filipgus/turtlebot3_ws/install/turtlebot3_node:/home/filipgus/turtlebot3_ws/install/turtlebot3_navigation2:/home/filipgus/turtlebot3_ws/install/turtlebot3_fake_node:/home/filipgus/turtlebot3_ws/install/turtlebot3_msgs:/home/filipgus/turtlebot3_ws/install/turtlebot3_gazebo:/home/filipgus/turtlebot3_ws/install/turtlebot3_description:/home/filipgus/turtlebot3_ws/install/turtlebot3_cartographer:/home/filipgus/turtlebot3_ws/install/dynamixel_sdk_examples:/home/filipgus/turtlebot3_ws/install/dynamixel_sdk_custom_interfaces:/home/filipgus/turtlebot3_ws/install/dynamixel_sdk:/opt/ros/jazzy/opt/gz_sim_vendor:/opt/ros/jazzy/opt/gz_sensors_vendor:/opt/ros/jazzy/opt/gz_physics_vendor:/opt/ros/jazzy/opt/sdformat_vendor:/opt/ros/jazzy/opt/gz_gui_vendor:/opt/ros/jazzy/opt/gz_transport_vendor:/opt/ros/jazzy/opt/gz_rendering_vendor:/opt/ros/jazzy/opt/gz_plugin_vendor:/opt/ros/jazzy/opt/gz_fuel_tools_vendor:/opt/ros/jazzy/opt/gz_msgs_vendor:/opt/ros/jazzy/opt/gz_common_vendor:/opt/ros/jazzy/opt/gz_math_vendor:/opt/ros/jazzy/opt/gz_utils_vendor:/opt/ros/jazzy/opt/gz_tools_vendor:/opt/ros/jazzy/opt/gz_ogre_next_vendor:/opt/ros/jazzy/opt/gz_dartsim_vendor:/opt/ros/jazzy/opt/gz_cmake_vendor:/home/filipgus/turtlebot3_ws/install/turtlebot3_teleop:/home/filipgus/turtlebot3_ws/install/turtlebot3_example:/opt/ros/jazzy DEBUGINFOD_URLS=https://debuginfod.ubuntu.com LD_LIBRARY_PATH=/home/filipgus/Desktop/MTRX3760_Project_2/turtlebot3_ws/install/turtlebot3_msgs/lib:/home/filipgus/Desktop/MTRX3760_Project_2/turtlebot3_ws/install/dynamixel_sdk/lib:${LD_LIBRARY_PATH} PYTHONPATH=/home/filipgus/Desktop/MTRX3760_Project_2/turtlebot3_ws/install/turtlebot3_msgs/lib/python3.12/site-packages:/home/filipgus/Desktop/MTRX3760_Project_2/turtlebot3_ws/install/dynamixel_sdk/lib/python3.12/site-packages:${PYTHONPATH} /usr/bin/cmake /home/filipgus/Desktop/MTRX3760_Project_2/turtlebot3_ws/src/turtlebot3/turtlebot3_node -DCMAKE_INSTALL_PREFIX=/home/filipgus/Desktop/MTRX3760_Project_2/turtlebot3_ws/install/turtlebot3_node
[0.418s] -- The C compiler identification is GNU 13.3.0
[0.419s] -- The CXX compiler identification is GNU 13.3.0
[0.419s] -- Detecting C compiler ABI info
[0.419s] -- Detecting C compiler ABI info - done
[0.419s] -- Check for working C compiler: /usr/bin/cc - skipped
[0.419s] -- Detecting C compile features
[0.419s] -- Detecting C compile features - done
[0.419s] -- Detecting CXX compiler ABI info
[0.424s] -- Detecting CXX compiler ABI info - done
[0.432s] -- Check for working CXX compiler: /usr/bin/c++ - skipped
[0.432s] -- Detecting CXX compile features
[0.433s] -- Detecting CXX compile features - done
[0.437s] -- Found ament_cmake: 2.5.4 (/opt/ros/jazzy/share/ament_cmake/cmake)
[0.618s] -- Found Python3: /usr/bin/python3 (found version "3.12.3") found components: Interpreter 
[0.773s] -- Found dynamixel_sdk: 3.8.4 (/home/filipgus/Desktop/MTRX3760_Project_2/turtlebot3_ws/install/dynamixel_sdk/share/dynamixel_sdk/cmake)
[0.782s] -- Found geometry_msgs: 5.3.6 (/opt/ros/jazzy/share/geometry_msgs/cmake)
[0.844s] -- Found rosidl_generator_c: 4.6.6 (/opt/ros/jazzy/share/rosidl_generator_c/cmake)
[0.868s] -- Found rosidl_generator_cpp: 4.6.6 (/opt/ros/jazzy/share/rosidl_generator_cpp/cmake)
[0.891s] -- Using all available rosidl_typesupport_c: rosidl_typesupport_fastrtps_c;rosidl_typesupport_introspection_c
[0.918s] -- Using all available rosidl_typesupport_cpp: rosidl_typesupport_fastrtps_cpp;rosidl_typesupport_introspection_cpp
[1.001s] -- Found message_filters: 4.11.8 (/opt/ros/jazzy/share/message_filters/cmake)
[1.126s] -- Found rmw_implementation_cmake: 7.3.2 (/opt/ros/jazzy/share/rmw_implementation_cmake/cmake)
[1.132s] -- Found rmw_cyclonedds_cpp: 2.2.3 (/opt/ros/jazzy/share/rmw_cyclonedds_cpp/cmake)
[1.181s] -- Using RMW implementation 'rmw_cyclonedds_cpp' as default
[1.255s] -- Found nav_msgs: 5.3.6 (/opt/ros/jazzy/share/nav_msgs/cmake)
[1.280s] -- Found sensor_msgs: 5.3.6 (/opt/ros/jazzy/share/sensor_msgs/cmake)
[1.319s] -- Found std_srvs: 5.3.6 (/opt/ros/jazzy/share/std_srvs/cmake)
[1.339s] -- Found tf2: 0.36.14 (/opt/ros/jazzy/share/tf2/cmake)
[1.346s] -- Found tf2_ros: 0.36.14 (/opt/ros/jazzy/share/tf2_ros/cmake)
[1.574s] -- Found turtlebot3_msgs: 2.4.0 (/home/filipgus/Desktop/MTRX3760_Project_2/turtlebot3_ws/install/turtlebot3_msgs/share/turtlebot3_msgs/cmake)
[1.750s] -- Configuring done (1.7s)
[1.769s] -- Generating done (0.0s)
[1.773s] -- Build files have been written to: /home/filipgus/Desktop/MTRX3760_Project_2/turtlebot3_ws/build/turtlebot3_node
[1.780s] Invoked command in '/home/filipgus/Desktop/MTRX3760_Project_2/turtlebot3_ws/build/turtlebot3_node' returned '0': AMENT_PREFIX_PATH=/home/filipgus/Desktop/MTRX3760_Project_2/turtlebot3_ws/install/turtlebot3_msgs:/home/filipgus/Desktop/MTRX3760_Project_2/turtlebot3_ws/install/dynamixel_sdk:${AMENT_PREFIX_PATH} CMAKE_PREFIX_PATH=/home/filipgus/Desktop/MTRX3760_Project_2/turtlebot3_ws/install/turtlebot3_msgs:/home/filipgus/Desktop/MTRX3760_Project_2/turtlebot3_ws/install/dynamixel_sdk:/home/filipgus/turtlebot3_ws/install/turtlebot3:/home/filipgus/turtlebot3_ws/install/turtlebot3_simulations:/home/filipgus/turtlebot3_ws/install/turtlebot3_bringup:/home/filipgus/turtlebot3_ws/install/turtlebot3_node:/home/filipgus/turtlebot3_ws/install/turtlebot3_navigation2:/home/filipgus/turtlebot3_ws/install/turtlebot3_fake_node:/home/filipgus/turtlebot3_ws/install/turtlebot3_msgs:/home/filipgus/turtlebot3_ws/install/turtlebot3_gazebo:/home/filipgus/turtlebot3_ws/install/turtlebot3_description:/home/filipgus/turtlebot3_ws/install/turtlebot3_cartographer:/home/filipgus/turtlebot3_ws/install/dynamixel_sdk_examples:/home/filipgus/turtlebot3_ws/install/dynamixel_sdk_custom_interfaces:/home/filipgus/turtlebot3_ws/install/dynamixel_sdk:/opt/ros/jazzy/opt/gz_sim_vendor:/opt/ros/jazzy/opt/gz_sensors_vendor:/opt/ros/jazzy/opt/gz_physics_vendor:/opt/ros/jazzy/opt/sdformat_vendor:/opt/ros/jazzy/opt/gz_gui_vendor:/opt/ros/jazzy/opt/gz_transport_vendor:/opt/ros/jazzy/opt/gz_rendering_vendor:/opt/ros/jazzy/opt/gz_plugin_vendor:/opt/ros/jazzy/opt/gz_fuel_tools_vendor:/opt/ros/jazzy/opt/gz_msgs_vendor:/opt/ros/jazzy/opt/gz_common_vendor:/opt/ros/jazzy/opt/gz_math_vendor:/opt/ros/jazzy/opt/gz_utils_vendor:/opt/ros/jazzy/opt/gz_tools_vendor:/opt/ros/jazzy/opt/gz_ogre_next_vendor:/opt/ros/jazzy/opt/gz_dartsim_vendor:/opt/ros/jazzy/opt/gz_cmake_vendor:/home/filipgus/turtlebot3_ws/install/turtlebot3_teleop:/home/filipgus/turtlebot3_ws/install/turtlebot3_example:/opt/ros/jazzy DEBUGINFOD_URLS=https://debuginfod.ubuntu.com LD_LIBRARY_PATH=/home/filipgus/Desktop/MTRX3760_Project_2/turtlebot3_ws/install/turtlebot3_msgs/lib:/home/filipgus/Desktop/MTRX3760_Project_2/turtlebot3_ws/install/dynamixel_sdk/lib:${LD_LIBRARY_PATH} PYTHONPATH=/home/filipgus/Desktop/MTRX3760_Project_2/turtlebot3_ws/install/turtlebot3_msgs/lib/python3.12/site-packages:/home/filipgus/Desktop/MTRX3760_Project_2/turtlebot3_ws/install/dynamixel_sdk/lib/python3.12/site-packages:${PYTHONPATH} /usr/bin/cmake /home/filipgus/Desktop/MTRX3760_Project_2/turtlebot3_ws/src/turtlebot3/turtlebot3_node -DCMAKE_INSTALL_PREFIX=/home/filipgus/Desktop/MTRX3760_Project_2/turtlebot3_ws/install/turtlebot3_node
[1.781s] Invoking command in '/home/filipgus/Desktop/MTRX3760_Project_2/turtlebot3_ws/build/turtlebot3_node': AMENT_PREFIX_PATH=/home/filipgus/Desktop/MTRX3760_Project_2/turtlebot3_ws/install/turtlebot3_msgs:/home/filipgus/Desktop/MTRX3760_Project_2/turtlebot3_ws/install/dynamixel_sdk:${AMENT_PREFIX_PATH} CMAKE_PREFIX_PATH=/home/filipgus/Desktop/MTRX3760_Project_2/turtlebot3_ws/install/turtlebot3_msgs:/home/filipgus/Desktop/MTRX3760_Project_2/turtlebot3_ws/install/dynamixel_sdk:/home/filipgus/turtlebot3_ws/install/turtlebot3:/home/filipgus/turtlebot3_ws/install/turtlebot3_simulations:/home/filipgus/turtlebot3_ws/install/turtlebot3_bringup:/home/filipgus/turtlebot3_ws/install/turtlebot3_node:/home/filipgus/turtlebot3_ws/install/turtlebot3_navigation2:/home/filipgus/turtlebot3_ws/install/turtlebot3_fake_node:/home/filipgus/turtlebot3_ws/install/turtlebot3_msgs:/home/filipgus/turtlebot3_ws/install/turtlebot3_gazebo:/home/filipgus/turtlebot3_ws/install/turtlebot3_description:/home/filipgus/turtlebot3_ws/install/turtlebot3_cartographer:/home/filipgus/turtlebot3_ws/install/dynamixel_sdk_examples:/home/filipgus/turtlebot3_ws/install/dynamixel_sdk_custom_interfaces:/home/filipgus/turtlebot3_ws/install/dynamixel_sdk:/opt/ros/jazzy/opt/gz_sim_vendor:/opt/ros/jazzy/opt/gz_sensors_vendor:/opt/ros/jazzy/opt/gz_physics_vendor:/opt/ros/jazzy/opt/sdformat_vendor:/opt/ros/jazzy/opt/gz_gui_vendor:/opt/ros/jazzy/opt/gz_transport_vendor:/opt/ros/jazzy/opt/gz_rendering_vendor:/opt/ros/jazzy/opt/gz_plugin_vendor:/opt/ros/jazzy/opt/gz_fuel_tools_vendor:/opt/ros/jazzy/opt/gz_msgs_vendor:/opt/ros/jazzy/opt/gz_common_vendor:/opt/ros/jazzy/opt/gz_math_vendor:/opt/ros/jazzy/opt/gz_utils_vendor:/opt/ros/jazzy/opt/gz_tools_vendor:/opt/ros/jazzy/opt/gz_ogre_next_vendor:/opt/ros/jazzy/opt/gz_dartsim_vendor:/opt/ros/jazzy/opt/gz_cmake_vendor:/home/filipgus/turtlebot3_ws/install/turtlebot3_teleop:/home/filipgus/turtlebot3_ws/install/turtlebot3_example:/opt/ros/jazzy DEBUGINFOD_URLS=https://debuginfod.ubuntu.com LD_LIBRARY_PATH=/home/filipgus/Desktop/MTRX3760_Project_2/turtlebot3_ws/install/turtlebot3_msgs/lib:/home/filipgus/Desktop/MTRX3760_Project_2/turtlebot3_ws/install/dynamixel_sdk/lib:${LD_LIBRARY_PATH} PYTHONPATH=/home/filipgus/Desktop/MTRX3760_Project_2/turtlebot3_ws/install/turtlebot3_msgs/lib/python3.12/site-packages:/home/filipgus/Desktop/MTRX3760_Project_2/turtlebot3_ws/install/dynamixel_sdk/lib/python3.12/site-packages:${PYTHONPATH} /usr/bin/cmake --build /home/filipgus/Desktop/MTRX3760_Project_2/turtlebot3_ws/build/turtlebot3_node -- -j8 -l8
[1.832s] [  7%] [32mBuilding CXX object CMakeFiles/turtlebot3_node_lib.dir/src/devices/sound.cpp.o[0m
[1.833s] [ 35%] [32mBuilding CXX object CMakeFiles/turtlebot3_node_lib.dir/src/devices/reset.cpp.o[0m
[1.833s] [ 14%] [32mBuilding CXX object CMakeFiles/turtlebot3_node_lib.dir/src/devices/motor_power.cpp.o[0m
[1.833s] [ 28%] [32mBuilding CXX object CMakeFiles/turtlebot3_node_lib.dir/src/odometry.cpp.o[0m
[1.834s] [ 42%] [32mBuilding CXX object CMakeFiles/turtlebot3_node_lib.dir/src/dynamixel_sdk_wrapper.cpp.o[0m
[1.836s] [ 28%] [32mBuilding CXX object CMakeFiles/turtlebot3_node_lib.dir/src/diff_drive_controller.cpp.o[0m
[1.845s] [ 50%] [32mBuilding CXX object CMakeFiles/turtlebot3_node_lib.dir/src/turtlebot3.cpp.o[0m
[1.845s] [ 57%] [32mBuilding CXX object CMakeFiles/turtlebot3_node_lib.dir/src/sensors/battery_state.cpp.o[0m
[2.377s] [ 64%] [32mBuilding CXX object CMakeFiles/turtlebot3_node_lib.dir/src/sensors/imu.cpp.o[0m
