[0.030s] Invoking command in '/home/filipgus/Desktop/MTRX3760_Project_2/turtlebot3_ws/build/turtlebot3_description': CMAKE_PREFIX_PATH=${CMAKE_PREFIX_PATH}:/home/filipgus/turtlebot3_ws/install/turtlebot3_teleop:/home/filipgus/turtlebot3_ws/install/turtlebot3_example:/opt/ros/jazzy DEBUGINFOD_URLS=https://debuginfod.ubuntu.com /usr/bin/cmake /home/filipgus/Desktop/MTRX3760_Project_2/turtlebot3_ws/src/turtlebot3/turtlebot3_description -DCMAKE_INSTALL_PREFIX=/home/filipgus/Desktop/MTRX3760_Project_2/turtlebot3_ws/install/turtlebot3_description
[0.110s] -- The C compiler identification is GNU 13.3.0
[0.185s] -- The CXX compiler identification is GNU 13.3.0
[0.214s] -- Detecting C compiler ABI info
[0.314s] -- Detecting C compiler ABI info - done
[0.321s] -- Check for working C compiler: /usr/bin/cc - skipped
[0.322s] -- Detecting C compile features
[0.322s] -- Detecting C compile features - done
[0.350s] -- Detecting CXX compiler ABI info
[0.423s] -- Detecting CXX compiler ABI info - done
[0.430s] -- Check for working CXX compiler: /usr/bin/c++ - skipped
[0.430s] -- Detecting CXX compile features
[0.431s] -- Detecting CXX compile features - done
[0.446s] -- Found ament_cmake: 2.5.4 (/opt/ros/jazzy/share/ament_cmake/cmake)
[0.667s] -- Found Python3: /usr/bin/python3 (found version "3.12.3") found components: Interpreter 
[0.831s] -- Found urdf: 2.10.0 (/opt/ros/jazzy/share/urdf/cmake)
[0.955s] -- Found TinyXML2 via Config file: /usr/lib/aarch64-linux-gnu/cmake/tinyxml2
[1.338s] -- Configuring done (1.3s)
[1.341s] -- Generating done (0.0s)
[1.344s] -- Build files have been written to: /home/filipgus/Desktop/MTRX3760_Project_2/turtlebot3_ws/build/turtlebot3_description
[1.358s] Invoked command in '/home/filipgus/Desktop/MTRX3760_Project_2/turtlebot3_ws/build/turtlebot3_description' returned '0': CMAKE_PREFIX_PATH=${CMAKE_PREFIX_PATH}:/home/filipgus/turtlebot3_ws/install/turtlebot3_teleop:/home/filipgus/turtlebot3_ws/install/turtlebot3_example:/opt/ros/jazzy DEBUGINFOD_URLS=https://debuginfod.ubuntu.com /usr/bin/cmake /home/filipgus/Desktop/MTRX3760_Project_2/turtlebot3_ws/src/turtlebot3/turtlebot3_description -DCMAKE_INSTALL_PREFIX=/home/filipgus/Desktop/MTRX3760_Project_2/turtlebot3_ws/install/turtlebot3_description
[1.359s] Invoking command in '/home/filipgus/Desktop/MTRX3760_Project_2/turtlebot3_ws/build/turtlebot3_description': CMAKE_PREFIX_PATH=${CMAKE_PREFIX_PATH}:/home/filipgus/turtlebot3_ws/install/turtlebot3_teleop:/home/filipgus/turtlebot3_ws/install/turtlebot3_example:/opt/ros/jazzy DEBUGINFOD_URLS=https://debuginfod.ubuntu.com /usr/bin/cmake --build /home/filipgus/Desktop/MTRX3760_Project_2/turtlebot3_ws/build/turtlebot3_description -- -j8 -l8
[1.800s] Invoked command in '/home/filipgus/Desktop/MTRX3760_Project_2/turtlebot3_ws/build/turtlebot3_description' returned '0': CMAKE_PREFIX_PATH=${CMAKE_PREFIX_PATH}:/home/filipgus/turtlebot3_ws/install/turtlebot3_teleop:/home/filipgus/turtlebot3_ws/install/turtlebot3_example:/opt/ros/jazzy DEBUGINFOD_URLS=https://debuginfod.ubuntu.com /usr/bin/cmake --build /home/filipgus/Desktop/MTRX3760_Project_2/turtlebot3_ws/build/turtlebot3_description -- -j8 -l8
[1.800s] Invoking command in '/home/filipgus/Desktop/MTRX3760_Project_2/turtlebot3_ws/build/turtlebot3_description': CMAKE_PREFIX_PATH=${CMAKE_PREFIX_PATH}:/home/filipgus/turtlebot3_ws/install/turtlebot3_teleop:/home/filipgus/turtlebot3_ws/install/turtlebot3_example:/opt/ros/jazzy DEBUGINFOD_URLS=https://debuginfod.ubuntu.com /usr/bin/cmake --install /home/filipgus/Desktop/MTRX3760_Project_2/turtlebot3_ws/build/turtlebot3_description
[1.811s] -- Install configuration: ""
[1.811s] -- Installing: /home/filipgus/Desktop/MTRX3760_Project_2/turtlebot3_ws/install/turtlebot3_description/share/turtlebot3_description/meshes
[1.811s] -- Installing: /home/filipgus/Desktop/MTRX3760_Project_2/turtlebot3_ws/install/turtlebot3_description/share/turtlebot3_description/meshes/bases
[1.811s] -- Installing: /home/filipgus/Desktop/MTRX3760_Project_2/turtlebot3_ws/install/turtlebot3_description/share/turtlebot3_description/meshes/bases/burger_base.stl
[1.819s] -- Installing: /home/filipgus/Desktop/MTRX3760_Project_2/turtlebot3_ws/install/turtlebot3_description/share/turtlebot3_description/meshes/bases/waffle_base.stl
[1.837s] -- Installing: /home/filipgus/Desktop/MTRX3760_Project_2/turtlebot3_ws/install/turtlebot3_description/share/turtlebot3_description/meshes/bases/waffle_pi_base.stl
[1.846s] -- Installing: /home/filipgus/Desktop/MTRX3760_Project_2/turtlebot3_ws/install/turtlebot3_description/share/turtlebot3_description/meshes/sensors
[1.847s] -- Installing: /home/filipgus/Desktop/MTRX3760_Project_2/turtlebot3_ws/install/turtlebot3_description/share/turtlebot3_description/meshes/sensors/astra.jpg
[1.847s] -- Installing: /home/filipgus/Desktop/MTRX3760_Project_2/turtlebot3_ws/install/turtlebot3_description/share/turtlebot3_description/meshes/sensors/r200.jpg
[1.848s] -- Installing: /home/filipgus/Desktop/MTRX3760_Project_2/turtlebot3_ws/install/turtlebot3_description/share/turtlebot3_description/meshes/sensors/r200.dae
[1.848s] -- Installing: /home/filipgus/Desktop/MTRX3760_Project_2/turtlebot3_ws/install/turtlebot3_description/share/turtlebot3_description/meshes/sensors/lds.stl
[1.849s] -- Installing: /home/filipgus/Desktop/MTRX3760_Project_2/turtlebot3_ws/install/turtlebot3_description/share/turtlebot3_description/meshes/sensors/astra.dae
[1.861s] -- Installing: /home/filipgus/Desktop/MTRX3760_Project_2/turtlebot3_ws/install/turtlebot3_description/share/turtlebot3_description/meshes/wheels
[1.862s] -- Installing: /home/filipgus/Desktop/MTRX3760_Project_2/turtlebot3_ws/install/turtlebot3_description/share/turtlebot3_description/meshes/wheels/left_tire.stl
[1.864s] -- Installing: /home/filipgus/Desktop/MTRX3760_Project_2/turtlebot3_ws/install/turtlebot3_description/share/turtlebot3_description/meshes/wheels/right_tire.stl
[1.866s] -- Installing: /home/filipgus/Desktop/MTRX3760_Project_2/turtlebot3_ws/install/turtlebot3_description/share/turtlebot3_description/rviz
[1.866s] -- Installing: /home/filipgus/Desktop/MTRX3760_Project_2/turtlebot3_ws/install/turtlebot3_description/share/turtlebot3_description/rviz/model.rviz
[1.866s] -- Installing: /home/filipgus/Desktop/MTRX3760_Project_2/turtlebot3_ws/install/turtlebot3_description/share/turtlebot3_description/urdf
[1.866s] -- Installing: /home/filipgus/Desktop/MTRX3760_Project_2/turtlebot3_ws/install/turtlebot3_description/share/turtlebot3_description/urdf/turtlebot3_waffle.urdf
[1.866s] -- Installing: /home/filipgus/Desktop/MTRX3760_Project_2/turtlebot3_ws/install/turtlebot3_description/share/turtlebot3_description/urdf/turtlebot3_waffle_pi.urdf
[1.867s] -- Installing: /home/filipgus/Desktop/MTRX3760_Project_2/turtlebot3_ws/install/turtlebot3_description/share/turtlebot3_description/urdf/turtlebot3_burger.urdf
[1.867s] -- Installing: /home/filipgus/Desktop/MTRX3760_Project_2/turtlebot3_ws/install/turtlebot3_description/share/turtlebot3_description/urdf/common_properties.urdf
[1.867s] -- Installing: /home/filipgus/Desktop/MTRX3760_Project_2/turtlebot3_ws/install/turtlebot3_description/share/ament_index/resource_index/package_run_dependencies/turtlebot3_description
[1.867s] -- Installing: /home/filipgus/Desktop/MTRX3760_Project_2/turtlebot3_ws/install/turtlebot3_description/share/ament_index/resource_index/parent_prefix_path/turtlebot3_description
[1.868s] -- Installing: /home/filipgus/Desktop/MTRX3760_Project_2/turtlebot3_ws/install/turtlebot3_description/share/turtlebot3_description/environment/ament_prefix_path.sh
[1.868s] -- Installing: /home/filipgus/Desktop/MTRX3760_Project_2/turtlebot3_ws/install/turtlebot3_description/share/turtlebot3_description/environment/ament_prefix_path.dsv
[1.868s] -- Installing: /home/filipgus/Desktop/MTRX3760_Project_2/turtlebot3_ws/install/turtlebot3_description/share/turtlebot3_description/environment/path.sh
[1.868s] -- Installing: /home/filipgus/Desktop/MTRX3760_Project_2/turtlebot3_ws/install/turtlebot3_description/share/turtlebot3_description/environment/path.dsv
[1.868s] -- Installing: /home/filipgus/Desktop/MTRX3760_Project_2/turtlebot3_ws/install/turtlebot3_description/share/turtlebot3_description/local_setup.bash
[1.870s] -- Installing: /home/filipgus/Desktop/MTRX3760_Project_2/turtlebot3_ws/install/turtlebot3_description/share/turtlebot3_description/local_setup.sh
[1.871s] -- Installing: /home/filipgus/Desktop/MTRX3760_Project_2/turtlebot3_ws/install/turtlebot3_description/share/turtlebot3_description/local_setup.zsh
[1.871s] -- Installing: /home/filipgus/Desktop/MTRX3760_Project_2/turtlebot3_ws/install/turtlebot3_description/share/turtlebot3_description/local_setup.dsv
[1.871s] -- Installing: /home/filipgus/Desktop/MTRX3760_Project_2/turtlebot3_ws/install/turtlebot3_description/share/turtlebot3_description/package.dsv
[1.871s] -- Installing: /home/filipgus/Desktop/MTRX3760_Project_2/turtlebot3_ws/install/turtlebot3_description/share/ament_index/resource_index/packages/turtlebot3_description
[1.871s] -- Installing: /home/filipgus/Desktop/MTRX3760_Project_2/turtlebot3_ws/install/turtlebot3_description/share/turtlebot3_description/cmake/turtlebot3_descriptionConfig.cmake
[1.871s] -- Installing: /home/filipgus/Desktop/MTRX3760_Project_2/turtlebot3_ws/install/turtlebot3_description/share/turtlebot3_description/cmake/turtlebot3_descriptionConfig-version.cmake
[1.871s] -- Installing: /home/filipgus/Desktop/MTRX3760_Project_2/turtlebot3_ws/install/turtlebot3_description/share/turtlebot3_description/package.xml
[1.877s] Invoked command in '/home/filipgus/Desktop/MTRX3760_Project_2/turtlebot3_ws/build/turtlebot3_description' returned '0': CMAKE_PREFIX_PATH=${CMAKE_PREFIX_PATH}:/home/filipgus/turtlebot3_ws/install/turtlebot3_teleop:/home/filipgus/turtlebot3_ws/install/turtlebot3_example:/opt/ros/jazzy DEBUGINFOD_URLS=https://debuginfod.ubuntu.com /usr/bin/cmake --install /home/filipgus/Desktop/MTRX3760_Project_2/turtlebot3_ws/build/turtlebot3_description
